# JRE version: 7.0_09-b05
# Java VM: Java HotSpot(TM) 64-Bit Server VM (23.5-b02 mixed mode windows-amd64 compressed oops)
Heap
 PSYoungGen      total 184000K, used 82247K [0x00000007d60b0000, 0x00000007ee5f0000, 0x0000000800000000)
  eden space 105856K, 3% used [0x00000007d60b0000,0x00000007d64b97b0,0x00000007dc810000)
  from space 78144K, 99% used [0x00000007dc810000,0x00000007e1458480,0x00000007e1460000)
  to   space 102720K, 0% used [0x00000007e81a0000,0x00000007e81a0000,0x00000007ee5f0000)
 ParOldGen       total 169216K, used 81295K [0x0000000782200000, 0x000000078c740000, 0x00000007d60b0000)
  object space 169216K, 48% used [0x0000000782200000,0x0000000787163fa0,0x000000078c740000)
 PSPermGen       total 25664K, used 11902K [0x000000077d000000, 0x000000077e910000, 0x0000000782200000)
  object space 25664K, 46% used [0x000000077d000000,0x000000077db9f9c0,0x000000077e910000)
GC Heap History (10 events):
Event: 5.246 GC heap before
{Heap before GC invocations=6 (full 2):
 PSYoungGen      total 66496K, used 4444K [0x00000007d60b0000, 0x00000007da770000, 0x0000000800000000)
  eden space 61824K, 0% used [0x00000007d60b0000,0x00000007d60b0000,0x00000007d9d10000)
  from space 4672K, 95% used [0x00000007da2e0000,0x00000007da737180,0x00000007da770000)
  to   space 5312K, 0% used [0x00000007d9d10000,0x00000007d9d10000,0x00000007da240000)
 ParOldGen       total 114432K, used 77393K [0x0000000782200000, 0x00000007891c0000, 0x00000007d60b0000)
  object space 114432K, 67% used [0x0000000782200000,0x0000000786d94600,0x00000007891c0000)
 PSPermGen       total 23488K, used 11768K [0x000000077d000000, 0x000000077e6f0000, 0x0000000782200000)
  object space 23488K, 50% used [0x000000077d000000,0x000000077db7e020,0x000000077e6f0000)
Event: 5.267 GC heap after
Heap after GC invocations=6 (full 2):
 PSYoungGen      total 66496K, used 0K [0x00000007d60b0000, 0x00000007da770000, 0x0000000800000000)
  eden space 61824K, 0% used [0x00000007d60b0000,0x00000007d60b0000,0x00000007d9d10000)
  from space 4672K, 0% used [0x00000007da2e0000,0x00000007da2e0000,0x00000007da770000)
  to   space 5312K, 0% used [0x00000007d9d10000,0x00000007d9d10000,0x00000007da240000)
 ParOldGen       total 137088K, used 45044K [0x0000000782200000, 0x000000078a7e0000, 0x00000007d60b0000)
  object space 137088K, 32% used [0x0000000782200000,0x0000000784dfd1c0,0x000000078a7e0000)
 PSPermGen       total 26240K, used 11767K [0x000000077d000000, 0x000000077e9a0000, 0x0000000782200000)
  object space 26240K, 44% used [0x000000077d000000,0x000000077db7df20,0x000000077e9a0000)
}
Event: 7.454 GC heap before
{Heap before GC invocations=7 (full 2):
 PSYoungGen      total 66496K, used 61824K [0x00000007d60b0000, 0x00000007da770000, 0x0000000800000000)
  eden space 61824K, 100% used [0x00000007d60b0000,0x00000007d9d10000,0x00000007d9d10000)
  from space 4672K, 0% used [0x00000007da2e0000,0x00000007da2e0000,0x00000007da770000)
  to   space 5312K, 0% used [0x00000007d9d10000,0x00000007d9d10000,0x00000007da240000)
 ParOldGen       total 137088K, used 48648K [0x0000000782200000, 0x000000078a7e0000, 0x00000007d60b0000)
  object space 137088K, 35% used [0x0000000782200000,0x0000000785182250,0x000000078a7e0000)
 PSPermGen       total 26240K, used 11819K [0x000000077d000000, 0x000000077e9a0000, 0x0000000782200000)
  object space 26240K, 45% used [0x000000077d000000,0x000000077db8acd8,0x000000077e9a0000)
Event: 7.471 GC heap after
Heap after GC invocations=7 (full 2):
 PSYoungGen      total 67136K, used 4820K [0x00000007d60b0000, 0x00000007e5620000, 0x0000000800000000)
  eden space 61824K, 0% used [0x00000007d60b0000,0x00000007d60b0000,0x00000007d9d10000)
  from space 5312K, 90% used [0x00000007d9d10000,0x00000007da1c5050,0x00000007da240000)
  to   space 67328K, 0% used [0x00000007e1460000,0x00000007e1460000,0x00000007e5620000)
 ParOldGen       total 137088K, used 98149K [0x0000000782200000, 0x000000078a7e0000, 0x00000007d60b0000)
  object space 137088K, 71% used [0x0000000782200000,0x00000007881d95c0,0x000000078a7e0000)
 PSPermGen       total 26240K, used 11819K [0x000000077d000000, 0x000000077e9a0000, 0x0000000782200000)
  object space 26240K, 45% used [0x000000077d000000,0x000000077db8acd8,0x000000077e9a0000)
}
Event: 7.471 GC heap before
{Heap before GC invocations=8 (full 3):
 PSYoungGen      total 67136K, used 4820K [0x00000007d60b0000, 0x00000007e5620000, 0x0000000800000000)
  eden space 61824K, 0% used [0x00000007d60b0000,0x00000007d60b0000,0x00000007d9d10000)
  from space 5312K, 90% used [0x00000007d9d10000,0x00000007da1c5050,0x00000007da240000)
  to   space 67328K, 0% used [0x00000007e1460000,0x00000007e1460000,0x00000007e5620000)
 ParOldGen       total 137088K, used 98149K [0x0000000782200000, 0x000000078a7e0000, 0x00000007d60b0000)
  object space 137088K, 71% used [0x0000000782200000,0x00000007881d95c0,0x000000078a7e0000)
 PSPermGen       total 26240K, used 11819K [0x000000077d000000, 0x000000077e9a0000, 0x0000000782200000)
  object space 26240K, 45% used [0x000000077d000000,0x000000077db8acd8,0x000000077e9a0000)
Event: 7.496 GC heap after
Heap after GC invocations=8 (full 3):
 PSYoungGen      total 67136K, used 0K [0x00000007d60b0000, 0x00000007e5620000, 0x0000000800000000)
  eden space 61824K, 0% used [0x00000007d60b0000,0x00000007d60b0000,0x00000007d9d10000)
  from space 5312K, 0% used [0x00000007d9d10000,0x00000007d9d10000,0x00000007da240000)
  to   space 67328K, 0% used [0x00000007e1460000,0x00000007e1460000,0x00000007e5620000)
 ParOldGen       total 169216K, used 67611K [0x0000000782200000, 0x000000078c740000, 0x00000007d60b0000)
  object space 169216K, 39% used [0x0000000782200000,0x0000000786406cf8,0x000000078c740000)
 PSPermGen       total 25664K, used 11819K [0x000000077d000000, 0x000000077e910000, 0x0000000782200000)
  object space 25664K, 46% used [0x000000077d000000,0x000000077db8ac38,0x000000077e910000)
}
Event: 9.757 GC heap before
{Heap before GC invocations=9 (full 3):
 PSYoungGen      total 67136K, used 60973K [0x00000007d60b0000, 0x00000007e5620000, 0x0000000800000000)
  eden space 61824K, 98% used [0x00000007d60b0000,0x00000007d9c3b440,0x00000007d9d10000)
  from space 5312K, 0% used [0x00000007d9d10000,0x00000007d9d10000,0x00000007da240000)
  to   space 67328K, 0% used [0x00000007e1460000,0x00000007e1460000,0x00000007e5620000)
 ParOldGen       total 169216K, used 68511K [0x0000000782200000, 0x000000078c740000, 0x00000007d60b0000)
  object space 169216K, 40% used [0x0000000782200000,0x00000007864e7d08,0x000000078c740000)
 PSPermGen       total 25664K, used 11869K [0x000000077d000000, 0x000000077e910000, 0x0000000782200000)
  object space 25664K, 46% used [0x000000077d000000,0x000000077db97630,0x000000077e910000)
Event: 9.815 GC heap after
Heap after GC invocations=9 (full 3):
 PSYoungGen      total 173184K, used 51748K [0x00000007d60b0000, 0x00000007e6960000, 0x0000000800000000)
  eden space 105856K, 0% used [0x00000007d60b0000,0x00000007d60b0000,0x00000007dc810000)
  from space 67328K, 76% used [0x00000007e1460000,0x00000007e46e9290,0x00000007e5620000)
  to   space 78144K, 0% used [0x00000007dc810000,0x00000007dc810000,0x00000007e1460000)
 ParOldGen       total 169216K, used 68519K [0x0000000782200000, 0x000000078c740000, 0x00000007d60b0000)
  object space 169216K, 40% used [0x0000000782200000,0x00000007864e9d08,0x000000078c740000)
 PSPermGen       total 25664K, used 11869K [0x000000077d000000, 0x000000077e910000, 0x0000000782200000)
  object space 25664K, 46% used [0x000000077d000000,0x000000077db97630,0x000000077e910000)
}
Event: 16.194 GC heap before
{Heap before GC invocations=10 (full 3):
 PSYoungGen      total 173184K, used 157604K [0x00000007d60b0000, 0x00000007e6960000, 0x0000000800000000)
  eden space 105856K, 100% used [0x00000007d60b0000,0x00000007dc810000,0x00000007dc810000)
  from space 67328K, 76% used [0x00000007e1460000,0x00000007e46e9290,0x00000007e5620000)
  to   space 78144K, 0% used [0x00000007dc810000,0x00000007dc810000,0x00000007e1460000)
 ParOldGen       total 169216K, used 71227K [0x0000000782200000, 0x000000078c740000, 0x00000007d60b0000)
  object space 169216K, 42% used [0x0000000782200000,0x000000078678eef0,0x000000078c740000)
 PSPermGen       total 25664K, used 11902K [0x000000077d000000, 0x000000077e910000, 0x0000000782200000)
  object space 25664K, 46% used [0x000000077d000000,0x000000077db9f9c0,0x000000077e910000)
Event: 16.253 GC heap after
Heap after GC invocations=10 (full 3):
 PSYoungGen      total 184000K, used 78113K [0x00000007d60b0000, 0x00000007ee5f0000, 0x0000000800000000)
  eden space 105856K, 0% used [0x00000007d60b0000,0x00000007d60b0000,0x00000007dc810000)
  from space 78144K, 99% used [0x00000007dc810000,0x00000007e1458480,0x00000007e1460000)
  to   space 102720K, 0% used [0x00000007e81a0000,0x00000007e81a0000,0x00000007ee5f0000)
 ParOldGen       total 169216K, used 81295K [0x0000000782200000, 0x000000078c740000, 0x00000007d60b0000)
  object space 169216K, 48% used [0x0000000782200000,0x0000000787163fa0,0x000000078c740000)
 PSPermGen       total 25664K, used 11902K [0x000000077d000000, 0x000000077e910000, 0x0000000782200000)
  object space 25664K, 46% used [0x000000077d000000,0x000000077db9f9c0,0x000000077e910000)
}

