# JRE version: 7.0_09-b05
# Java VM: Java HotSpot(TM) 64-Bit Server VM (23.5-b02 mixed mode windows-amd64 compressed oops)
Heap
 PSYoungGen      total 429632K, used 248843K [0x00000007d60b0000, 0x00000007fba10000, 0x0000000800000000)
  eden space 276480K, 49% used [0x00000007d60b0000,0x00000007de6b16c8,0x00000007e6eb0000)
  from space 153152K, 72% used [0x00000007f0ec0000,0x00000007f7bc1590,0x00000007fa450000)
  to   space 163904K, 0% used [0x00000007e6eb0000,0x00000007e6eb0000,0x00000007f0ec0000)
 ParOldGen       total 264896K, used 166454K [0x0000000782200000, 0x00000007924b0000, 0x00000007d60b0000)
  object space 264896K, 62% used [0x0000000782200000,0x000000078c48d8f8,0x00000007924b0000)
 PSPermGen       total 23744K, used 12077K [0x000000077d000000, 0x000000077e730000, 0x0000000782200000)
  object space 23744K, 50% used [0x000000077d000000,0x000000077dbcb7b0,0x000000077e730000)
GC Heap History (10 events):
Event: 32.381 GC heap before
{Heap before GC invocations=13 (full 4):
 PSYoungGen      total 243136K, used 242325K [0x00000007d60b0000, 0x00000007ecb90000, 0x0000000800000000)
  eden space 162240K, 100% used [0x00000007d60b0000,0x00000007dff20000,0x00000007dff20000)
  from space 80896K, 98% used [0x00000007e5de0000,0x00000007eac15550,0x00000007eace0000)
  to   space 97024K, 0% used [0x00000007dff20000,0x00000007dff20000,0x00000007e5de0000)
 ParOldGen       total 209024K, used 118596K [0x0000000782200000, 0x000000078ee20000, 0x00000007d60b0000)
  object space 209024K, 56% used [0x0000000782200000,0x00000007895d1170,0x000000078ee20000)
 PSPermGen       total 24832K, used 11992K [0x000000077d000000, 0x000000077e840000, 0x0000000782200000)
  object space 24832K, 48% used [0x000000077d000000,0x000000077dbb6048,0x000000077e840000)
Event: 32.431 GC heap after
Heap after GC invocations=13 (full 4):
 PSYoungGen      total 259264K, used 96985K [0x00000007d60b0000, 0x00000007f1f50000, 0x0000000800000000)
  eden space 162240K, 0% used [0x00000007d60b0000,0x00000007d60b0000,0x00000007dff20000)
  from space 97024K, 99% used [0x00000007dff20000,0x00000007e5dd6660,0x00000007e5de0000)
  to   space 115264K, 0% used [0x00000007eaec0000,0x00000007eaec0000,0x00000007f1f50000)
 ParOldGen       total 209024K, used 157297K [0x0000000782200000, 0x000000078ee20000, 0x00000007d60b0000)
  object space 209024K, 75% used [0x0000000782200000,0x000000078bb9c420,0x000000078ee20000)
 PSPermGen       total 24832K, used 11992K [0x000000077d000000, 0x000000077e840000, 0x0000000782200000)
  object space 24832K, 48% used [0x000000077d000000,0x000000077dbb6048,0x000000077e840000)
}
Event: 32.431 GC heap before
{Heap before GC invocations=14 (full 5):
 PSYoungGen      total 259264K, used 96985K [0x00000007d60b0000, 0x00000007f1f50000, 0x0000000800000000)
  eden space 162240K, 0% used [0x00000007d60b0000,0x00000007d60b0000,0x00000007dff20000)
  from space 97024K, 99% used [0x00000007dff20000,0x00000007e5dd6660,0x00000007e5de0000)
  to   space 115264K, 0% used [0x00000007eaec0000,0x00000007eaec0000,0x00000007f1f50000)
 ParOldGen       total 209024K, used 157297K [0x0000000782200000, 0x000000078ee20000, 0x00000007d60b0000)
  object space 209024K, 75% used [0x0000000782200000,0x000000078bb9c420,0x000000078ee20000)
 PSPermGen       total 24832K, used 11992K [0x000000077d000000, 0x000000077e840000, 0x0000000782200000)
  object space 24832K, 48% used [0x000000077d000000,0x000000077dbb6048,0x000000077e840000)
Event: 32.476 GC heap after
Heap after GC invocations=14 (full 5):
 PSYoungGen      total 259264K, used 0K [0x00000007d60b0000, 0x00000007f1f50000, 0x0000000800000000)
  eden space 162240K, 0% used [0x00000007d60b0000,0x00000007d60b0000,0x00000007dff20000)
  from space 97024K, 0% used [0x00000007dff20000,0x00000007dff20000,0x00000007e5de0000)
  to   space 115264K, 0% used [0x00000007eaec0000,0x00000007eaec0000,0x00000007f1f50000)
 ParOldGen       total 264896K, used 149055K [0x0000000782200000, 0x00000007924b0000, 0x00000007d60b0000)
  object space 264896K, 56% used [0x0000000782200000,0x000000078b38fcf8,0x00000007924b0000)
 PSPermGen       total 23744K, used 11991K [0x000000077d000000, 0x000000077e730000, 0x0000000782200000)
  object space 23744K, 50% used [0x000000077d000000,0x000000077dbb5ec8,0x000000077e730000)
}
Event: 37.856 GC heap before
{Heap before GC invocations=15 (full 5):
 PSYoungGen      total 259264K, used 162240K [0x00000007d60b0000, 0x00000007f1f50000, 0x0000000800000000)
  eden space 162240K, 100% used [0x00000007d60b0000,0x00000007dff20000,0x00000007dff20000)
  from space 97024K, 0% used [0x00000007dff20000,0x00000007dff20000,0x00000007e5de0000)
  to   space 115264K, 0% used [0x00000007eaec0000,0x00000007eaec0000,0x00000007f1f50000)
 ParOldGen       total 264896K, used 149957K [0x0000000782200000, 0x00000007924b0000, 0x00000007d60b0000)
  object space 264896K, 56% used [0x0000000782200000,0x000000078b4717d8,0x00000007924b0000)
 PSPermGen       total 23744K, used 12013K [0x000000077d000000, 0x000000077e730000, 0x0000000782200000)
  object space 23744K, 50% used [0x000000077d000000,0x000000077dbbb698,0x000000077e730000)
Event: 37.912 GC heap after
Heap after GC invocations=15 (full 5):
 PSYoungGen      total 322240K, used 115133K [0x00000007d60b0000, 0x00000007f4670000, 0x0000000800000000)
  eden space 206976K, 0% used [0x00000007d60b0000,0x00000007d60b0000,0x00000007e2ad0000)
  from space 115264K, 99% used [0x00000007eaec0000,0x00000007f1f2f770,0x00000007f1f50000)
  to   space 135104K, 0% used [0x00000007e2ad0000,0x00000007e2ad0000,0x00000007eaec0000)
 ParOldGen       total 264896K, used 166158K [0x0000000782200000, 0x00000007924b0000, 0x00000007d60b0000)
  object space 264896K, 62% used [0x0000000782200000,0x000000078c4438f8,0x00000007924b0000)
 PSPermGen       total 23744K, used 12013K [0x000000077d000000, 0x000000077e730000, 0x0000000782200000)
  object space 23744K, 50% used [0x000000077d000000,0x000000077dbbb698,0x000000077e730000)
}
Event: 44.461 GC heap before
{Heap before GC invocations=16 (full 5):
 PSYoungGen      total 322240K, used 322109K [0x00000007d60b0000, 0x00000007f4670000, 0x0000000800000000)
  eden space 206976K, 100% used [0x00000007d60b0000,0x00000007e2ad0000,0x00000007e2ad0000)
  from space 115264K, 99% used [0x00000007eaec0000,0x00000007f1f2f770,0x00000007f1f50000)
  to   space 135104K, 0% used [0x00000007e2ad0000,0x00000007e2ad0000,0x00000007eaec0000)
 ParOldGen       total 264896K, used 166158K [0x0000000782200000, 0x00000007924b0000, 0x00000007d60b0000)
  object space 264896K, 62% used [0x0000000782200000,0x000000078c4438f8,0x00000007924b0000)
 PSPermGen       total 23744K, used 12062K [0x000000077d000000, 0x000000077e730000, 0x0000000782200000)
  object space 23744K, 50% used [0x000000077d000000,0x000000077dbc7898,0x000000077e730000)
Event: 44.519 GC heap after
Heap after GC invocations=16 (full 5):
 PSYoungGen      total 342080K, used 121097K [0x00000007d60b0000, 0x00000007fa450000, 0x0000000800000000)
  eden space 206976K, 0% used [0x00000007d60b0000,0x00000007d60b0000,0x00000007e2ad0000)
  from space 135104K, 89% used [0x00000007e2ad0000,0x00000007ea1126a0,0x00000007eaec0000)
  to   space 153152K, 0% used [0x00000007f0ec0000,0x00000007f0ec0000,0x00000007fa450000)
 ParOldGen       total 264896K, used 166286K [0x0000000782200000, 0x00000007924b0000, 0x00000007d60b0000)
  object space 264896K, 62% used [0x0000000782200000,0x000000078c4638f8,0x00000007924b0000)
 PSPermGen       total 23744K, used 12062K [0x000000077d000000, 0x000000077e730000, 0x0000000782200000)
  object space 23744K, 50% used [0x000000077d000000,0x000000077dbc7898,0x000000077e730000)
}
Event: 51.198 GC heap before
{Heap before GC invocations=17 (full 5):
 PSYoungGen      total 342080K, used 328056K [0x00000007d60b0000, 0x00000007fa450000, 0x0000000800000000)
  eden space 206976K, 99% used [0x00000007d60b0000,0x00000007e2acba48,0x00000007e2ad0000)
  from space 135104K, 89% used [0x00000007e2ad0000,0x00000007ea1126a0,0x00000007eaec0000)
  to   space 153152K, 0% used [0x00000007f0ec0000,0x00000007f0ec0000,0x00000007fa450000)
 ParOldGen       total 264896K, used 166286K [0x0000000782200000, 0x00000007924b0000, 0x00000007d60b0000)
  object space 264896K, 62% used [0x0000000782200000,0x000000078c4638f8,0x00000007924b0000)
 PSPermGen       total 23744K, used 12071K [0x000000077d000000, 0x000000077e730000, 0x0000000782200000)
  object space 23744K, 50% used [0x000000077d000000,0x000000077dbc9e18,0x000000077e730000)
Event: 51.289 GC heap after
Heap after GC invocations=17 (full 5):
 PSYoungGen      total 429632K, used 111621K [0x00000007d60b0000, 0x00000007fba10000, 0x0000000800000000)
  eden space 276480K, 0% used [0x00000007d60b0000,0x00000007d60b0000,0x00000007e6eb0000)
  from space 153152K, 72% used [0x00000007f0ec0000,0x00000007f7bc1590,0x00000007fa450000)
  to   space 163904K, 0% used [0x00000007e6eb0000,0x00000007e6eb0000,0x00000007f0ec0000)
 ParOldGen       total 264896K, used 166454K [0x0000000782200000, 0x00000007924b0000, 0x00000007d60b0000)
  object space 264896K, 62% used [0x0000000782200000,0x000000078c48d8f8,0x00000007924b0000)
 PSPermGen       total 23744K, used 12071K [0x000000077d000000, 0x000000077e730000, 0x0000000782200000)
  object space 23744K, 50% used [0x000000077d000000,0x000000077dbc9e18,0x000000077e730000)
}

