# JRE version: 7.0_09-b05
# Java VM: Java HotSpot(TM) 64-Bit Server VM (23.5-b02 mixed mode windows-amd64 compressed oops)
Heap
 PSYoungGen      total 201728K, used 141043K [0x00000007d60b0000, 0x00000007ea0d0000, 0x0000000800000000)
  eden space 145728K, 66% used [0x00000007d60b0000,0x00000007dbeb8c00,0x00000007def00000)
  from space 56000K, 79% used [0x00000007def00000,0x00000007e1ab42c0,0x00000007e25b0000)
  to   space 61184K, 0% used [0x00000007e6510000,0x00000007e6510000,0x00000007ea0d0000)
 ParOldGen       total 147712K, used 71130K [0x0000000782200000, 0x000000078b240000, 0x00000007d60b0000)
  object space 147712K, 48% used [0x0000000782200000,0x0000000786776a68,0x000000078b240000)
 PSPermGen       total 27008K, used 12039K [0x000000077d000000, 0x000000077ea60000, 0x0000000782200000)
  object space 27008K, 44% used [0x000000077d000000,0x000000077dbc1f90,0x000000077ea60000)
GC Heap History (10 events):
Event: 34.363 GC heap before
{Heap before GC invocations=7 (full 1):
 PSYoungGen      total 69952K, used 69936K [0x00000007d60b0000, 0x00000007df1a0000, 0x0000000800000000)
  eden space 64640K, 100% used [0x00000007d60b0000,0x00000007d9fd0000,0x00000007d9fd0000)
  from space 5312K, 99% used [0x00000007d9fd0000,0x00000007da4fc040,0x00000007da500000)
  to   space 24896K, 0% used [0x00000007dd950000,0x00000007dd950000,0x00000007df1a0000)
 ParOldGen       total 109760K, used 64444K [0x0000000782200000, 0x0000000788d30000, 0x00000007d60b0000)
  object space 109760K, 58% used [0x0000000782200000,0x00000007860ef130,0x0000000788d30000)
 PSPermGen       total 23936K, used 11945K [0x000000077d000000, 0x000000077e760000, 0x0000000782200000)
  object space 23936K, 49% used [0x000000077d000000,0x000000077dbaa738,0x000000077e760000)
Event: 34.395 GC heap after
Heap after GC invocations=7 (full 1):
 PSYoungGen      total 118784K, used 24224K [0x00000007d60b0000, 0x00000007e0490000, 0x0000000800000000)
  eden space 93888K, 0% used [0x00000007d60b0000,0x00000007d60b0000,0x00000007dbc60000)
  from space 24896K, 97% used [0x00000007dd950000,0x00000007df0f8180,0x00000007df1a0000)
  to   space 29632K, 0% used [0x00000007dbc60000,0x00000007dbc60000,0x00000007dd950000)
 ParOldGen       total 109760K, used 67144K [0x0000000782200000, 0x0000000788d30000, 0x00000007d60b0000)
  object space 109760K, 61% used [0x0000000782200000,0x0000000786392160,0x0000000788d30000)
 PSPermGen       total 23936K, used 11945K [0x000000077d000000, 0x000000077e760000, 0x0000000782200000)
  object space 23936K, 49% used [0x000000077d000000,0x000000077dbaa738,0x000000077e760000)
}
Event: 44.548 GC heap before
{Heap before GC invocations=8 (full 1):
 PSYoungGen      total 118784K, used 118112K [0x00000007d60b0000, 0x00000007e0490000, 0x0000000800000000)
  eden space 93888K, 100% used [0x00000007d60b0000,0x00000007dbc60000,0x00000007dbc60000)
  from space 24896K, 97% used [0x00000007dd950000,0x00000007df0f8180,0x00000007df1a0000)
  to   space 29632K, 0% used [0x00000007dbc60000,0x00000007dbc60000,0x00000007dd950000)
 ParOldGen       total 109760K, used 68948K [0x0000000782200000, 0x0000000788d30000, 0x00000007d60b0000)
  object space 109760K, 62% used [0x0000000782200000,0x00000007865550c8,0x0000000788d30000)
 PSPermGen       total 23936K, used 11959K [0x000000077d000000, 0x000000077e760000, 0x0000000782200000)
  object space 23936K, 49% used [0x000000077d000000,0x000000077dbadd70,0x000000077e760000)
Event: 44.597 GC heap after
Heap after GC invocations=8 (full 1):
 PSYoungGen      total 123520K, used 29624K [0x00000007d60b0000, 0x00000007e5400000, 0x0000000800000000)
  eden space 93888K, 0% used [0x00000007d60b0000,0x00000007d60b0000,0x00000007dbc60000)
  from space 29632K, 99% used [0x00000007dbc60000,0x00000007dd94e1e0,0x00000007dd950000)
  to   space 47424K, 0% used [0x00000007e25b0000,0x00000007e25b0000,0x00000007e5400000)
 ParOldGen       total 109760K, used 93256K [0x0000000782200000, 0x0000000788d30000, 0x00000007d60b0000)
  object space 109760K, 84% used [0x0000000782200000,0x0000000787d12278,0x0000000788d30000)
 PSPermGen       total 23936K, used 11959K [0x000000077d000000, 0x000000077e760000, 0x0000000782200000)
  object space 23936K, 49% used [0x000000077d000000,0x000000077dbadd70,0x000000077e760000)
}
Event: 44.597 GC heap before
{Heap before GC invocations=9 (full 2):
 PSYoungGen      total 123520K, used 29624K [0x00000007d60b0000, 0x00000007e5400000, 0x0000000800000000)
  eden space 93888K, 0% used [0x00000007d60b0000,0x00000007d60b0000,0x00000007dbc60000)
  from space 29632K, 99% used [0x00000007dbc60000,0x00000007dd94e1e0,0x00000007dd950000)
  to   space 47424K, 0% used [0x00000007e25b0000,0x00000007e25b0000,0x00000007e5400000)
 ParOldGen       total 109760K, used 93256K [0x0000000782200000, 0x0000000788d30000, 0x00000007d60b0000)
  object space 109760K, 84% used [0x0000000782200000,0x0000000787d12278,0x0000000788d30000)
 PSPermGen       total 23936K, used 11959K [0x000000077d000000, 0x000000077e760000, 0x0000000782200000)
  object space 23936K, 49% used [0x000000077d000000,0x000000077dbadd70,0x000000077e760000)
Event: 44.645 GC heap after
Heap after GC invocations=9 (full 2):
 PSYoungGen      total 123520K, used 0K [0x00000007d60b0000, 0x00000007e5400000, 0x0000000800000000)
  eden space 93888K, 0% used [0x00000007d60b0000,0x00000007d60b0000,0x00000007dbc60000)
  from space 29632K, 0% used [0x00000007dbc60000,0x00000007dbc60000,0x00000007dd950000)
  to   space 47424K, 0% used [0x00000007e25b0000,0x00000007e25b0000,0x00000007e5400000)
 ParOldGen       total 147712K, used 64823K [0x0000000782200000, 0x000000078b240000, 0x00000007d60b0000)
  object space 147712K, 43% used [0x0000000782200000,0x000000078614ddb8,0x000000078b240000)
 PSPermGen       total 27008K, used 11958K [0x000000077d000000, 0x000000077ea60000, 0x0000000782200000)
  object space 27008K, 44% used [0x000000077d000000,0x000000077dbadb50,0x000000077ea60000)
}
Event: 54.248 GC heap before
{Heap before GC invocations=10 (full 2):
 PSYoungGen      total 123520K, used 93888K [0x00000007d60b0000, 0x00000007e5400000, 0x0000000800000000)
  eden space 93888K, 100% used [0x00000007d60b0000,0x00000007dbc60000,0x00000007dbc60000)
  from space 29632K, 0% used [0x00000007dbc60000,0x00000007dbc60000,0x00000007dd950000)
  to   space 47424K, 0% used [0x00000007e25b0000,0x00000007e25b0000,0x00000007e5400000)
 ParOldGen       total 147712K, used 64823K [0x0000000782200000, 0x000000078b240000, 0x00000007d60b0000)
  object space 147712K, 43% used [0x0000000782200000,0x000000078614dde0,0x000000078b240000)
 PSPermGen       total 27008K, used 11971K [0x000000077d000000, 0x000000077ea60000, 0x0000000782200000)
  object space 27008K, 44% used [0x000000077d000000,0x000000077dbb0f80,0x000000077ea60000)
Event: 54.296 GC heap after
Heap after GC invocations=10 (full 2):
 PSYoungGen      total 193152K, used 47048K [0x00000007d60b0000, 0x00000007e6b80000, 0x0000000800000000)
  eden space 145728K, 0% used [0x00000007d60b0000,0x00000007d60b0000,0x00000007def00000)
  from space 47424K, 99% used [0x00000007e25b0000,0x00000007e53a2320,0x00000007e5400000)
  to   space 56000K, 0% used [0x00000007def00000,0x00000007def00000,0x00000007e25b0000)
 ParOldGen       total 147712K, used 71123K [0x0000000782200000, 0x000000078b240000, 0x00000007d60b0000)
  object space 147712K, 48% used [0x0000000782200000,0x0000000786774e50,0x000000078b240000)
 PSPermGen       total 27008K, used 11971K [0x000000077d000000, 0x000000077ea60000, 0x0000000782200000)
  object space 27008K, 44% used [0x000000077d000000,0x000000077dbb0f80,0x000000077ea60000)
}
Event: 75.115 GC heap before
{Heap before GC invocations=11 (full 2):
 PSYoungGen      total 193152K, used 192776K [0x00000007d60b0000, 0x00000007e6b80000, 0x0000000800000000)
  eden space 145728K, 100% used [0x00000007d60b0000,0x00000007def00000,0x00000007def00000)
  from space 47424K, 99% used [0x00000007e25b0000,0x00000007e53a2320,0x00000007e5400000)
  to   space 56000K, 0% used [0x00000007def00000,0x00000007def00000,0x00000007e25b0000)
 ParOldGen       total 147712K, used 71130K [0x0000000782200000, 0x000000078b240000, 0x00000007d60b0000)
  object space 147712K, 48% used [0x0000000782200000,0x0000000786776a68,0x000000078b240000)
 PSPermGen       total 27008K, used 12027K [0x000000077d000000, 0x000000077ea60000, 0x0000000782200000)
  object space 27008K, 44% used [0x000000077d000000,0x000000077dbbedf0,0x000000077ea60000)
Event: 75.185 GC heap after
Heap after GC invocations=11 (full 2):
 PSYoungGen      total 201728K, used 44752K [0x00000007d60b0000, 0x00000007ea0d0000, 0x0000000800000000)
  eden space 145728K, 0% used [0x00000007d60b0000,0x00000007d60b0000,0x00000007def00000)
  from space 56000K, 79% used [0x00000007def00000,0x00000007e1ab42c0,0x00000007e25b0000)
  to   space 61184K, 0% used [0x00000007e6510000,0x00000007e6510000,0x00000007ea0d0000)
 ParOldGen       total 147712K, used 71130K [0x0000000782200000, 0x000000078b240000, 0x00000007d60b0000)
  object space 147712K, 48% used [0x0000000782200000,0x0000000786776a68,0x000000078b240000)
 PSPermGen       total 27008K, used 12027K [0x000000077d000000, 0x000000077ea60000, 0x0000000782200000)
  object space 27008K, 44% used [0x000000077d000000,0x000000077dbbedf0,0x000000077ea60000)
}

