# JRE version: 7.0_09-b05
# Java VM: Java HotSpot(TM) 64-Bit Server VM (23.5-b02 mixed mode windows-amd64 compressed oops)
Heap
 PSYoungGen      total 375680K, used 255900K [0x00000007d60b0000, 0x00000007ff390000, 0x0000000800000000)
  eden space 213120K, 44% used [0x00000007d60b0000,0x00000007dbe2e838,0x00000007e30d0000)
  from space 162560K, 98% used [0x00000007e30d0000,0x00000007ecd38a00,0x00000007ecf90000)
  to   space 190144K, 0% used [0x00000007f39e0000,0x00000007f39e0000,0x00000007ff390000)
 ParOldGen       total 209728K, used 139296K [0x0000000782200000, 0x000000078eed0000, 0x00000007d60b0000)
  object space 209728K, 66% used [0x0000000782200000,0x000000078aa081d8,0x000000078eed0000)
 PSPermGen       total 26048K, used 12137K [0x000000077d000000, 0x000000077e970000, 0x0000000782200000)
  object space 26048K, 46% used [0x000000077d000000,0x000000077dbda498,0x000000077e970000)
GC Heap History (10 events):
Event: 40.852 GC heap before
{Heap before GC invocations=10 (full 3):
 PSYoungGen      total 166784K, used 58336K [0x00000007d60b0000, 0x00000007ec250000, 0x0000000800000000)
  eden space 108416K, 0% used [0x00000007d60b0000,0x00000007d60b0000,0x00000007dca90000)
  from space 58368K, 99% used [0x00000007dca90000,0x00000007e0388380,0x00000007e0390000)
  to   space 87424K, 0% used [0x00000007e6cf0000,0x00000007e6cf0000,0x00000007ec250000)
 ParOldGen       total 168896K, used 113458K [0x0000000782200000, 0x000000078c6f0000, 0x00000007d60b0000)
  object space 168896K, 67% used [0x0000000782200000,0x00000007890ccb78,0x000000078c6f0000)
 PSPermGen       total 26688K, used 11972K [0x000000077d000000, 0x000000077ea10000, 0x0000000782200000)
  object space 26688K, 44% used [0x000000077d000000,0x000000077dbb11f8,0x000000077ea10000)
Event: 40.959 GC heap after
Heap after GC invocations=10 (full 3):
 PSYoungGen      total 166784K, used 0K [0x00000007d60b0000, 0x00000007ec250000, 0x0000000800000000)
  eden space 108416K, 0% used [0x00000007d60b0000,0x00000007d60b0000,0x00000007dca90000)
  from space 58368K, 0% used [0x00000007dca90000,0x00000007dca90000,0x00000007e0390000)
  to   space 87424K, 0% used [0x00000007e6cf0000,0x00000007e6cf0000,0x00000007ec250000)
 ParOldGen       total 209728K, used 102817K [0x0000000782200000, 0x000000078eed0000, 0x00000007d60b0000)
  object space 209728K, 49% used [0x0000000782200000,0x00000007886687b8,0x000000078eed0000)
 PSPermGen       total 26048K, used 11972K [0x000000077d000000, 0x000000077e970000, 0x0000000782200000)
  object space 26048K, 45% used [0x000000077d000000,0x000000077dbb10b8,0x000000077e970000)
}
Event: 46.141 GC heap before
{Heap before GC invocations=11 (full 3):
 PSYoungGen      total 166784K, used 108416K [0x00000007d60b0000, 0x00000007ec250000, 0x0000000800000000)
  eden space 108416K, 100% used [0x00000007d60b0000,0x00000007dca90000,0x00000007dca90000)
  from space 58368K, 0% used [0x00000007dca90000,0x00000007dca90000,0x00000007e0390000)
  to   space 87424K, 0% used [0x00000007e6cf0000,0x00000007e6cf0000,0x00000007ec250000)
 ParOldGen       total 209728K, used 102817K [0x0000000782200000, 0x000000078eed0000, 0x00000007d60b0000)
  object space 209728K, 49% used [0x0000000782200000,0x00000007886687b8,0x000000078eed0000)
 PSPermGen       total 26048K, used 11989K [0x000000077d000000, 0x000000077e970000, 0x0000000782200000)
  object space 26048K, 46% used [0x000000077d000000,0x000000077dbb5598,0x000000077e970000)
Event: 46.228 GC heap after
Heap after GC invocations=11 (full 3):
 PSYoungGen      total 256896K, used 86889K [0x00000007d60b0000, 0x00000007ee030000, 0x0000000800000000)
  eden space 169472K, 0% used [0x00000007d60b0000,0x00000007d60b0000,0x00000007e0630000)
  from space 87424K, 99% used [0x00000007e6cf0000,0x00000007ec1ca5a0,0x00000007ec250000)
  to   space 105216K, 0% used [0x00000007e0630000,0x00000007e0630000,0x00000007e6cf0000)
 ParOldGen       total 209728K, used 104617K [0x0000000782200000, 0x000000078eed0000, 0x00000007d60b0000)
  object space 209728K, 49% used [0x0000000782200000,0x000000078882a7d8,0x000000078eed0000)
 PSPermGen       total 26048K, used 11989K [0x000000077d000000, 0x000000077e970000, 0x0000000782200000)
  object space 26048K, 46% used [0x000000077d000000,0x000000077dbb5598,0x000000077e970000)
}
Event: 54.048 GC heap before
{Heap before GC invocations=12 (full 3):
 PSYoungGen      total 256896K, used 256308K [0x00000007d60b0000, 0x00000007ee030000, 0x0000000800000000)
  eden space 169472K, 99% used [0x00000007d60b0000,0x00000007e0622ad0,0x00000007e0630000)
  from space 87424K, 99% used [0x00000007e6cf0000,0x00000007ec1ca5a0,0x00000007ec250000)
  to   space 105216K, 0% used [0x00000007e0630000,0x00000007e0630000,0x00000007e6cf0000)
 ParOldGen       total 209728K, used 105517K [0x0000000782200000, 0x000000078eed0000, 0x00000007d60b0000)
  object space 209728K, 50% used [0x0000000782200000,0x000000078890b7e8,0x000000078eed0000)
 PSPermGen       total 26048K, used 12002K [0x000000077d000000, 0x000000077e970000, 0x0000000782200000)
  object space 26048K, 46% used [0x000000077d000000,0x000000077dbb88a8,0x000000077e970000)
Event: 54.159 GC heap after
Heap after GC invocations=12 (full 3):
 PSYoungGen      total 274688K, used 105197K [0x00000007d60b0000, 0x00000007f56b0000, 0x0000000800000000)
  eden space 169472K, 0% used [0x00000007d60b0000,0x00000007d60b0000,0x00000007e0630000)
  from space 105216K, 99% used [0x00000007e0630000,0x00000007e6ceb6b0,0x00000007e6cf0000)
  to   space 138368K, 0% used [0x00000007ecf90000,0x00000007ecf90000,0x00000007f56b0000)
 ParOldGen       total 209728K, used 138086K [0x0000000782200000, 0x000000078eed0000, 0x00000007d60b0000)
  object space 209728K, 65% used [0x0000000782200000,0x000000078a8d9a28,0x000000078eed0000)
 PSPermGen       total 26048K, used 12002K [0x000000077d000000, 0x000000077e970000, 0x0000000782200000)
  object space 26048K, 46% used [0x000000077d000000,0x000000077dbb88a8,0x000000077e970000)
}
Event: 62.250 GC heap before
{Heap before GC invocations=13 (full 3):
 PSYoungGen      total 274688K, used 274669K [0x00000007d60b0000, 0x00000007f56b0000, 0x0000000800000000)
  eden space 169472K, 100% used [0x00000007d60b0000,0x00000007e0630000,0x00000007e0630000)
  from space 105216K, 99% used [0x00000007e0630000,0x00000007e6ceb6b0,0x00000007e6cf0000)
  to   space 138368K, 0% used [0x00000007ecf90000,0x00000007ecf90000,0x00000007f56b0000)
 ParOldGen       total 209728K, used 138089K [0x0000000782200000, 0x000000078eed0000, 0x00000007d60b0000)
  object space 209728K, 65% used [0x0000000782200000,0x000000078a8da688,0x000000078eed0000)
 PSPermGen       total 26048K, used 12074K [0x000000077d000000, 0x000000077e970000, 0x0000000782200000)
  object space 26048K, 46% used [0x000000077d000000,0x000000077dbca820,0x000000077e970000)
Event: 62.380 GC heap after
Heap after GC invocations=13 (full 3):
 PSYoungGen      total 351488K, used 138014K [0x00000007d60b0000, 0x00000007f8560000, 0x0000000800000000)
  eden space 213120K, 0% used [0x00000007d60b0000,0x00000007d60b0000,0x00000007e30d0000)
  from space 138368K, 99% used [0x00000007ecf90000,0x00000007f56578f0,0x00000007f56b0000)
  to   space 162560K, 0% used [0x00000007e30d0000,0x00000007e30d0000,0x00000007ecf90000)
 ParOldGen       total 209728K, used 138105K [0x0000000782200000, 0x000000078eed0000, 0x00000007d60b0000)
  object space 209728K, 65% used [0x0000000782200000,0x000000078a8de688,0x000000078eed0000)
 PSPermGen       total 26048K, used 12074K [0x000000077d000000, 0x000000077e970000, 0x0000000782200000)
  object space 26048K, 46% used [0x000000077d000000,0x000000077dbca820,0x000000077e970000)
}
Event: 73.288 GC heap before
{Heap before GC invocations=14 (full 3):
 PSYoungGen      total 351488K, used 351134K [0x00000007d60b0000, 0x00000007f8560000, 0x0000000800000000)
  eden space 213120K, 100% used [0x00000007d60b0000,0x00000007e30d0000,0x00000007e30d0000)
  from space 138368K, 99% used [0x00000007ecf90000,0x00000007f56578f0,0x00000007f56b0000)
  to   space 162560K, 0% used [0x00000007e30d0000,0x00000007e30d0000,0x00000007ecf90000)
 ParOldGen       total 209728K, used 139008K [0x0000000782200000, 0x000000078eed0000, 0x00000007d60b0000)
  object space 209728K, 66% used [0x0000000782200000,0x000000078a9c01d8,0x000000078eed0000)
 PSPermGen       total 26048K, used 12113K [0x000000077d000000, 0x000000077e970000, 0x0000000782200000)
  object space 26048K, 46% used [0x000000077d000000,0x000000077dbd46c8,0x000000077e970000)
Event: 73.395 GC heap after
Heap after GC invocations=14 (full 3):
 PSYoungGen      total 375680K, used 160162K [0x00000007d60b0000, 0x00000007ff390000, 0x0000000800000000)
  eden space 213120K, 0% used [0x00000007d60b0000,0x00000007d60b0000,0x00000007e30d0000)
  from space 162560K, 98% used [0x00000007e30d0000,0x00000007ecd38a00,0x00000007ecf90000)
  to   space 190144K, 0% used [0x00000007f39e0000,0x00000007f39e0000,0x00000007ff390000)
 ParOldGen       total 209728K, used 139296K [0x0000000782200000, 0x000000078eed0000, 0x00000007d60b0000)
  object space 209728K, 66% used [0x0000000782200000,0x000000078aa081d8,0x000000078eed0000)
 PSPermGen       total 26048K, used 12113K [0x000000077d000000, 0x000000077e970000, 0x0000000782200000)
  object space 26048K, 46% used [0x000000077d000000,0x000000077dbd46c8,0x000000077e970000)
}

