# JRE version: 7.0_09-b05
# Java VM: Java HotSpot(TM) 64-Bit Server VM (23.5-b02 mixed mode windows-amd64 compressed oops)
Heap
 PSYoungGen      total 319616K, used 114835K [0x00000007d60b0000, 0x00000007f5410000, 0x0000000800000000)
  eden space 184192K, 16% used [0x00000007d60b0000,0x00000007d7e50a10,0x00000007e1490000)
  from space 135424K, 62% used [0x00000007e1490000,0x00000007e6714540,0x00000007e98d0000)
  to   space 140416K, 0% used [0x00000007ecaf0000,0x00000007ecaf0000,0x00000007f5410000)
 ParOldGen       total 264320K, used 161419K [0x0000000782200000, 0x0000000792420000, 0x00000007d60b0000)
  object space 264320K, 61% used [0x0000000782200000,0x000000078bfa2da0,0x0000000792420000)
 PSPermGen       total 23744K, used 12120K [0x000000077d000000, 0x000000077e730000, 0x0000000782200000)
  object space 23744K, 51% used [0x000000077d000000,0x000000077dbd6338,0x000000077e730000)
GC Heap History (10 events):
Event: 123.906 GC heap before
{Heap before GC invocations=20 (full 4):
 PSYoungGen      total 175680K, used 119945K [0x00000007d60b0000, 0x00000007e8aa0000, 0x0000000800000000)
  eden space 120320K, 99% used [0x00000007d60b0000,0x00000007dd5d26f0,0x00000007dd630000)
  from space 55360K, 0% used [0x00000007dd630000,0x00000007dd630000,0x00000007e0c40000)
  to   space 64768K, 0% used [0x00000007e4b60000,0x00000007e4b60000,0x00000007e8aa0000)
 ParOldGen       total 207552K, used 112715K [0x0000000782200000, 0x000000078ecb0000, 0x00000007d60b0000)
  object space 207552K, 54% used [0x0000000782200000,0x0000000789012e20,0x000000078ecb0000)
 PSPermGen       total 25344K, used 12052K [0x000000077d000000, 0x000000077e8c0000, 0x0000000782200000)
  object space 25344K, 47% used [0x000000077d000000,0x000000077dbc5118,0x000000077e8c0000)
Event: 123.980 GC heap after
Heap after GC invocations=20 (full 4):
 PSYoungGen      total 229504K, used 64209K [0x00000007d60b0000, 0x00000007e9a70000, 0x0000000800000000)
  eden space 164736K, 0% used [0x00000007d60b0000,0x00000007d60b0000,0x00000007e0190000)
  from space 64768K, 99% used [0x00000007e4b60000,0x00000007e8a14440,0x00000007e8aa0000)
  to   space 75584K, 0% used [0x00000007e0190000,0x00000007e0190000,0x00000007e4b60000)
 ParOldGen       total 207552K, used 146916K [0x0000000782200000, 0x000000078ecb0000, 0x00000007d60b0000)
  object space 207552K, 70% used [0x0000000782200000,0x000000078b179080,0x000000078ecb0000)
 PSPermGen       total 25344K, used 12052K [0x000000077d000000, 0x000000077e8c0000, 0x0000000782200000)
  object space 25344K, 47% used [0x000000077d000000,0x000000077dbc5118,0x000000077e8c0000)
}
Event: 132.008 GC heap before
{Heap before GC invocations=21 (full 4):
 PSYoungGen      total 229504K, used 228945K [0x00000007d60b0000, 0x00000007e9a70000, 0x0000000800000000)
  eden space 164736K, 100% used [0x00000007d60b0000,0x00000007e0190000,0x00000007e0190000)
  from space 64768K, 99% used [0x00000007e4b60000,0x00000007e8a14440,0x00000007e8aa0000)
  to   space 75584K, 0% used [0x00000007e0190000,0x00000007e0190000,0x00000007e4b60000)
 ParOldGen       total 207552K, used 146920K [0x0000000782200000, 0x000000078ecb0000, 0x00000007d60b0000)
  object space 207552K, 70% used [0x0000000782200000,0x000000078b17a0d8,0x000000078ecb0000)
 PSPermGen       total 25344K, used 12060K [0x000000077d000000, 0x000000077e8c0000, 0x0000000782200000)
  object space 25344K, 47% used [0x000000077d000000,0x000000077dbc7328,0x000000077e8c0000)
Event: 132.095 GC heap after
Heap after GC invocations=21 (full 4):
 PSYoungGen      total 240320K, used 75553K [0x00000007d60b0000, 0x00000007f0480000, 0x0000000800000000)
  eden space 164736K, 0% used [0x00000007d60b0000,0x00000007d60b0000,0x00000007e0190000)
  from space 75584K, 99% used [0x00000007e0190000,0x00000007e4b58500,0x00000007e4b60000)
  to   space 110272K, 0% used [0x00000007e98d0000,0x00000007e98d0000,0x00000007f0480000)
 ParOldGen       total 207552K, used 205877K [0x0000000782200000, 0x000000078ecb0000, 0x00000007d60b0000)
  object space 207552K, 99% used [0x0000000782200000,0x000000078eb0d4e8,0x000000078ecb0000)
 PSPermGen       total 25344K, used 12060K [0x000000077d000000, 0x000000077e8c0000, 0x0000000782200000)
  object space 25344K, 47% used [0x000000077d000000,0x000000077dbc7328,0x000000077e8c0000)
}
Event: 132.095 GC heap before
{Heap before GC invocations=22 (full 5):
 PSYoungGen      total 240320K, used 75553K [0x00000007d60b0000, 0x00000007f0480000, 0x0000000800000000)
  eden space 164736K, 0% used [0x00000007d60b0000,0x00000007d60b0000,0x00000007e0190000)
  from space 75584K, 99% used [0x00000007e0190000,0x00000007e4b58500,0x00000007e4b60000)
  to   space 110272K, 0% used [0x00000007e98d0000,0x00000007e98d0000,0x00000007f0480000)
 ParOldGen       total 207552K, used 205877K [0x0000000782200000, 0x000000078ecb0000, 0x00000007d60b0000)
  object space 207552K, 99% used [0x0000000782200000,0x000000078eb0d4e8,0x000000078ecb0000)
 PSPermGen       total 25344K, used 12060K [0x000000077d000000, 0x000000077e8c0000, 0x0000000782200000)
  object space 25344K, 47% used [0x000000077d000000,0x000000077dbc7328,0x000000077e8c0000)
Event: 132.174 GC heap after
Heap after GC invocations=22 (full 5):
 PSYoungGen      total 240320K, used 0K [0x00000007d60b0000, 0x00000007f0480000, 0x0000000800000000)
  eden space 164736K, 0% used [0x00000007d60b0000,0x00000007d60b0000,0x00000007e0190000)
  from space 75584K, 0% used [0x00000007e0190000,0x00000007e0190000,0x00000007e4b60000)
  to   space 110272K, 0% used [0x00000007e98d0000,0x00000007e98d0000,0x00000007f0480000)
 ParOldGen       total 264320K, used 145156K [0x0000000782200000, 0x0000000792420000, 0x00000007d60b0000)
  object space 264320K, 54% used [0x0000000782200000,0x000000078afc13e0,0x0000000792420000)
 PSPermGen       total 23744K, used 12060K [0x000000077d000000, 0x000000077e730000, 0x0000000782200000)
  object space 23744K, 50% used [0x000000077d000000,0x000000077dbc7288,0x000000077e730000)
}
Event: 141.098 GC heap before
{Heap before GC invocations=23 (full 5):
 PSYoungGen      total 240320K, used 164736K [0x00000007d60b0000, 0x00000007f0480000, 0x0000000800000000)
  eden space 164736K, 100% used [0x00000007d60b0000,0x00000007e0190000,0x00000007e0190000)
  from space 75584K, 0% used [0x00000007e0190000,0x00000007e0190000,0x00000007e4b60000)
  to   space 110272K, 0% used [0x00000007e98d0000,0x00000007e98d0000,0x00000007f0480000)
 ParOldGen       total 264320K, used 145164K [0x0000000782200000, 0x0000000792420000, 0x00000007d60b0000)
  object space 264320K, 54% used [0x0000000782200000,0x000000078afc3358,0x0000000792420000)
 PSPermGen       total 23744K, used 12085K [0x000000077d000000, 0x000000077e730000, 0x0000000782200000)
  object space 23744K, 50% used [0x000000077d000000,0x000000077dbcd4c8,0x000000077e730000)
Event: 141.209 GC heap after
Heap after GC invocations=23 (full 5):
 PSYoungGen      total 294464K, used 110241K [0x00000007d60b0000, 0x00000007f35d0000, 0x0000000800000000)
  eden space 184192K, 0% used [0x00000007d60b0000,0x00000007d60b0000,0x00000007e1490000)
  from space 110272K, 99% used [0x00000007e98d0000,0x00000007f0478700,0x00000007f0480000)
  to   space 135424K, 0% used [0x00000007e1490000,0x00000007e1490000,0x00000007e98d0000)
 ParOldGen       total 264320K, used 160825K [0x0000000782200000, 0x0000000792420000, 0x00000007d60b0000)
  object space 264320K, 60% used [0x0000000782200000,0x000000078bf0e468,0x0000000792420000)
 PSPermGen       total 23744K, used 12085K [0x000000077d000000, 0x000000077e730000, 0x0000000782200000)
  object space 23744K, 50% used [0x000000077d000000,0x000000077dbcd4c8,0x000000077e730000)
}
Event: 165.243 GC heap before
{Heap before GC invocations=24 (full 5):
 PSYoungGen      total 294464K, used 294433K [0x00000007d60b0000, 0x00000007f35d0000, 0x0000000800000000)
  eden space 184192K, 100% used [0x00000007d60b0000,0x00000007e1490000,0x00000007e1490000)
  from space 110272K, 99% used [0x00000007e98d0000,0x00000007f0478700,0x00000007f0480000)
  to   space 135424K, 0% used [0x00000007e1490000,0x00000007e1490000,0x00000007e98d0000)
 ParOldGen       total 264320K, used 160827K [0x0000000782200000, 0x0000000792420000, 0x00000007d60b0000)
  object space 264320K, 60% used [0x0000000782200000,0x000000078bf0eda0,0x0000000792420000)
 PSPermGen       total 23744K, used 12118K [0x000000077d000000, 0x000000077e730000, 0x0000000782200000)
  object space 23744K, 51% used [0x000000077d000000,0x000000077dbd5b48,0x000000077e730000)
Event: 165.305 GC heap after
Heap after GC invocations=24 (full 5):
 PSYoungGen      total 319616K, used 84497K [0x00000007d60b0000, 0x00000007f5410000, 0x0000000800000000)
  eden space 184192K, 0% used [0x00000007d60b0000,0x00000007d60b0000,0x00000007e1490000)
  from space 135424K, 62% used [0x00000007e1490000,0x00000007e6714540,0x00000007e98d0000)
  to   space 140416K, 0% used [0x00000007ecaf0000,0x00000007ecaf0000,0x00000007f5410000)
 ParOldGen       total 264320K, used 161419K [0x0000000782200000, 0x0000000792420000, 0x00000007d60b0000)
  object space 264320K, 61% used [0x0000000782200000,0x000000078bfa2da0,0x0000000792420000)
 PSPermGen       total 23744K, used 12118K [0x000000077d000000, 0x000000077e730000, 0x0000000782200000)
  object space 23744K, 51% used [0x000000077d000000,0x000000077dbd5b48,0x000000077e730000)
}

