# JRE version: 7.0_09-b05
# Java VM: Java HotSpot(TM) 64-Bit Server VM (23.5-b02 mixed mode windows-amd64 compressed oops)
Heap
 PSYoungGen      total 309184K, used 159898K [0x00000007d60b0000, 0x00000007f17a0000, 0x0000000800000000)
  eden space 178304K, 42% used [0x00000007d60b0000,0x00000007dab2b5d8,0x00000007e0ed0000)
  from space 130880K, 63% used [0x00000007e91b0000,0x00000007ee35b430,0x00000007f1180000)
  to   space 134016K, 0% used [0x00000007e0ed0000,0x00000007e0ed0000,0x00000007e91b0000)
 ParOldGen       total 120256K, used 92941K [0x0000000782200000, 0x0000000789770000, 0x00000007d60b0000)
  object space 120256K, 77% used [0x0000000782200000,0x0000000787cc3680,0x0000000789770000)
 PSPermGen       total 27008K, used 12110K [0x000000077d000000, 0x000000077ea60000, 0x0000000782200000)
  object space 27008K, 44% used [0x000000077d000000,0x000000077dbd3970,0x000000077ea60000)
GC Heap History (10 events):
Event: 72.361 GC heap before
{Heap before GC invocations=20 (full 2):
 PSYoungGen      total 188672K, used 184845K [0x00000007d60b0000, 0x00000007e9ea0000, 0x0000000800000000)
  eden space 102272K, 100% used [0x00000007d60b0000,0x00000007dc490000,0x00000007dc490000)
  from space 86400K, 95% used [0x00000007dc490000,0x00000007e1533530,0x00000007e18f0000)
  to   space 99200K, 0% used [0x00000007e3dc0000,0x00000007e3dc0000,0x00000007e9ea0000)
 ParOldGen       total 120256K, used 89196K [0x0000000782200000, 0x0000000789770000, 0x00000007d60b0000)
  object space 120256K, 74% used [0x0000000782200000,0x000000078791b328,0x0000000789770000)
 PSPermGen       total 27008K, used 12046K [0x000000077d000000, 0x000000077ea60000, 0x0000000782200000)
  object space 27008K, 44% used [0x000000077d000000,0x000000077dbc3b18,0x000000077ea60000)
Event: 72.462 GC heap after
Heap after GC invocations=20 (full 2):
 PSYoungGen      total 216768K, used 80941K [0x00000007d60b0000, 0x00000007eb2b0000, 0x0000000800000000)
  eden space 117568K, 0% used [0x00000007d60b0000,0x00000007d60b0000,0x00000007dd380000)
  from space 99200K, 81% used [0x00000007e3dc0000,0x00000007e8ccb470,0x00000007e9ea0000)
  to   space 108800K, 0% used [0x00000007dd380000,0x00000007dd380000,0x00000007e3dc0000)
 ParOldGen       total 120256K, used 89228K [0x0000000782200000, 0x0000000789770000, 0x00000007d60b0000)
  object space 120256K, 74% used [0x0000000782200000,0x0000000787923328,0x0000000789770000)
 PSPermGen       total 27008K, used 12046K [0x000000077d000000, 0x000000077ea60000, 0x0000000782200000)
  object space 27008K, 44% used [0x000000077d000000,0x000000077dbc3b18,0x000000077ea60000)
}
Event: 77.625 GC heap before
{Heap before GC invocations=21 (full 2):
 PSYoungGen      total 216768K, used 198509K [0x00000007d60b0000, 0x00000007eb2b0000, 0x0000000800000000)
  eden space 117568K, 100% used [0x00000007d60b0000,0x00000007dd380000,0x00000007dd380000)
  from space 99200K, 81% used [0x00000007e3dc0000,0x00000007e8ccb470,0x00000007e9ea0000)
  to   space 108800K, 0% used [0x00000007dd380000,0x00000007dd380000,0x00000007e3dc0000)
 ParOldGen       total 120256K, used 90128K [0x0000000782200000, 0x0000000789770000, 0x00000007d60b0000)
  object space 120256K, 74% used [0x0000000782200000,0x0000000787a04338,0x0000000789770000)
 PSPermGen       total 27008K, used 12051K [0x000000077d000000, 0x000000077ea60000, 0x0000000782200000)
  object space 27008K, 44% used [0x000000077d000000,0x000000077dbc4c48,0x000000077ea60000)
Event: 77.717 GC heap after
Heap after GC invocations=21 (full 2):
 PSYoungGen      total 226368K, used 93977K [0x00000007d60b0000, 0x00000007eddc0000, 0x0000000800000000)
  eden space 117568K, 0% used [0x00000007d60b0000,0x00000007d60b0000,0x00000007dd380000)
  from space 108800K, 86% used [0x00000007dd380000,0x00000007e2f465e0,0x00000007e3dc0000)
  to   space 121088K, 0% used [0x00000007e6780000,0x00000007e6780000,0x00000007eddc0000)
 ParOldGen       total 120256K, used 90152K [0x0000000782200000, 0x0000000789770000, 0x00000007d60b0000)
  object space 120256K, 74% used [0x0000000782200000,0x0000000787a0a338,0x0000000789770000)
 PSPermGen       total 27008K, used 12051K [0x000000077d000000, 0x000000077ea60000, 0x0000000782200000)
  object space 27008K, 44% used [0x000000077d000000,0x000000077dbc4c48,0x000000077ea60000)
}
Event: 87.080 GC heap before
{Heap before GC invocations=22 (full 2):
 PSYoungGen      total 226368K, used 211545K [0x00000007d60b0000, 0x00000007eddc0000, 0x0000000800000000)
  eden space 117568K, 100% used [0x00000007d60b0000,0x00000007dd380000,0x00000007dd380000)
  from space 108800K, 86% used [0x00000007dd380000,0x00000007e2f465e0,0x00000007e3dc0000)
  to   space 121088K, 0% used [0x00000007e6780000,0x00000007e6780000,0x00000007eddc0000)
 ParOldGen       total 120256K, used 91057K [0x0000000782200000, 0x0000000789770000, 0x00000007d60b0000)
  object space 120256K, 75% used [0x0000000782200000,0x0000000787aec4d8,0x0000000789770000)
 PSPermGen       total 27008K, used 12076K [0x000000077d000000, 0x000000077ea60000, 0x0000000782200000)
  object space 27008K, 44% used [0x000000077d000000,0x000000077dbcb1f8,0x000000077ea60000)
Event: 87.138 GC heap after
Heap after GC invocations=22 (full 2):
 PSYoungGen      total 267072K, used 73226K [0x00000007d60b0000, 0x00000007ee000000, 0x0000000800000000)
  eden space 145984K, 0% used [0x00000007d60b0000,0x00000007d60b0000,0x00000007def40000)
  from space 121088K, 60% used [0x00000007e6780000,0x00000007eaf02a40,0x00000007eddc0000)
  to   space 123136K, 0% used [0x00000007def40000,0x00000007def40000,0x00000007e6780000)
 ParOldGen       total 120256K, used 91081K [0x0000000782200000, 0x0000000789770000, 0x00000007d60b0000)
  object space 120256K, 75% used [0x0000000782200000,0x0000000787af24d8,0x0000000789770000)
 PSPermGen       total 27008K, used 12076K [0x000000077d000000, 0x000000077ea60000, 0x0000000782200000)
  object space 27008K, 44% used [0x000000077d000000,0x000000077dbcb1f8,0x000000077ea60000)
}
Event: 95.043 GC heap before
{Heap before GC invocations=23 (full 2):
 PSYoungGen      total 267072K, used 218863K [0x00000007d60b0000, 0x00000007ee000000, 0x0000000800000000)
  eden space 145984K, 99% used [0x00000007d60b0000,0x00000007deee91c0,0x00000007def40000)
  from space 121088K, 60% used [0x00000007e6780000,0x00000007eaf02a40,0x00000007eddc0000)
  to   space 123136K, 0% used [0x00000007def40000,0x00000007def40000,0x00000007e6780000)
 ParOldGen       total 120256K, used 91981K [0x0000000782200000, 0x0000000789770000, 0x00000007d60b0000)
  object space 120256K, 76% used [0x0000000782200000,0x0000000787bd34e8,0x0000000789770000)
 PSPermGen       total 27008K, used 12100K [0x000000077d000000, 0x000000077ea60000, 0x0000000782200000)
  object space 27008K, 44% used [0x000000077d000000,0x000000077dbd1290,0x000000077ea60000)
Event: 95.145 GC heap after
Heap after GC invocations=23 (full 2):
 PSYoungGen      total 269120K, used 91089K [0x00000007d60b0000, 0x00000007f1180000, 0x0000000800000000)
  eden space 145984K, 0% used [0x00000007d60b0000,0x00000007d60b0000,0x00000007def40000)
  from space 123136K, 73% used [0x00000007def40000,0x00000007e48344c0,0x00000007e6780000)
  to   space 130880K, 0% used [0x00000007e91b0000,0x00000007e91b0000,0x00000007f1180000)
 ParOldGen       total 120256K, used 92013K [0x0000000782200000, 0x0000000789770000, 0x00000007d60b0000)
  object space 120256K, 76% used [0x0000000782200000,0x0000000787bdb4e8,0x0000000789770000)
 PSPermGen       total 27008K, used 12100K [0x000000077d000000, 0x000000077ea60000, 0x0000000782200000)
  object space 27008K, 44% used [0x000000077d000000,0x000000077dbd1290,0x000000077ea60000)
}
Event: 103.995 GC heap before
{Heap before GC invocations=24 (full 2):
 PSYoungGen      total 269120K, used 237073K [0x00000007d60b0000, 0x00000007f1180000, 0x0000000800000000)
  eden space 145984K, 100% used [0x00000007d60b0000,0x00000007def40000,0x00000007def40000)
  from space 123136K, 73% used [0x00000007def40000,0x00000007e48344c0,0x00000007e6780000)
  to   space 130880K, 0% used [0x00000007e91b0000,0x00000007e91b0000,0x00000007f1180000)
 ParOldGen       total 120256K, used 92917K [0x0000000782200000, 0x0000000789770000, 0x00000007d60b0000)
  object space 120256K, 77% used [0x0000000782200000,0x0000000787cbd680,0x0000000789770000)
 PSPermGen       total 27008K, used 12104K [0x000000077d000000, 0x000000077ea60000, 0x0000000782200000)
  object space 27008K, 44% used [0x000000077d000000,0x000000077dbd21c8,0x000000077ea60000)
Event: 104.114 GC heap after
Heap after GC invocations=24 (full 2):
 PSYoungGen      total 309184K, used 83629K [0x00000007d60b0000, 0x00000007f17a0000, 0x0000000800000000)
  eden space 178304K, 0% used [0x00000007d60b0000,0x00000007d60b0000,0x00000007e0ed0000)
  from space 130880K, 63% used [0x00000007e91b0000,0x00000007ee35b430,0x00000007f1180000)
  to   space 134016K, 0% used [0x00000007e0ed0000,0x00000007e0ed0000,0x00000007e91b0000)
 ParOldGen       total 120256K, used 92941K [0x0000000782200000, 0x0000000789770000, 0x00000007d60b0000)
  object space 120256K, 77% used [0x0000000782200000,0x0000000787cc3680,0x0000000789770000)
 PSPermGen       total 27008K, used 12104K [0x000000077d000000, 0x000000077ea60000, 0x0000000782200000)
  object space 27008K, 44% used [0x000000077d000000,0x000000077dbd21c8,0x000000077ea60000)
}

