# JRE version: 7.0_09-b05
# Java VM: Java HotSpot(TM) 64-Bit Server VM (23.5-b02 mixed mode windows-amd64 compressed oops)
Heap
 PSYoungGen      total 37632K, used 14483K [0x00000007d60b0000, 0x00000007d9ec0000, 0x0000000800000000)
  eden space 32320K, 29% used [0x00000007d60b0000,0x00000007d6a20df8,0x00000007d8040000)
  from space 5312K, 90% used [0x00000007d8570000,0x00000007d8a24040,0x00000007d8aa0000)
  to   space 5312K, 0% used [0x00000007d8040000,0x00000007d8040000,0x00000007d8570000)
 ParOldGen       total 126272K, used 51352K [0x0000000782200000, 0x0000000789d50000, 0x00000007d60b0000)
  object space 126272K, 40% used [0x0000000782200000,0x0000000785426070,0x0000000789d50000)
 PSPermGen       total 23872K, used 11882K [0x000000077d000000, 0x000000077e750000, 0x0000000782200000)
  object space 23872K, 49% used [0x000000077d000000,0x000000077db9a800,0x000000077e750000)
GC Heap History (10 events):
Event: 5.261 GC heap before
{Heap before GC invocations=1 (full 0):
 PSYoungGen      total 37632K, used 30283K [0x00000007d60b0000, 0x00000007d8aa0000, 0x0000000800000000)
  eden space 32320K, 93% used [0x00000007d60b0000,0x00000007d7e42ee8,0x00000007d8040000)
  from space 5312K, 0% used [0x00000007d8570000,0x00000007d8570000,0x00000007d8aa0000)
  to   space 5312K, 0% used [0x00000007d8040000,0x00000007d8040000,0x00000007d8570000)
 ParOldGen       total 85888K, used 3320K [0x0000000782200000, 0x00000007875e0000, 0x00000007d60b0000)
  object space 85888K, 3% used [0x0000000782200000,0x000000078253e170,0x00000007875e0000)
 PSPermGen       total 21248K, used 11500K [0x000000077d000000, 0x000000077e4c0000, 0x0000000782200000)
  object space 21248K, 54% used [0x000000077d000000,0x000000077db3b280,0x000000077e4c0000)
Event: 5.268 GC heap after
Heap after GC invocations=1 (full 0):
 PSYoungGen      total 37632K, used 5295K [0x00000007d60b0000, 0x00000007d8aa0000, 0x0000000800000000)
  eden space 32320K, 0% used [0x00000007d60b0000,0x00000007d60b0000,0x00000007d8040000)
  from space 5312K, 99% used [0x00000007d8040000,0x00000007d856bf58,0x00000007d8570000)
  to   space 5312K, 0% used [0x00000007d8570000,0x00000007d8570000,0x00000007d8aa0000)
 ParOldGen       total 85888K, used 15493K [0x0000000782200000, 0x00000007875e0000, 0x00000007d60b0000)
  object space 85888K, 18% used [0x0000000782200000,0x0000000783121758,0x00000007875e0000)
 PSPermGen       total 21248K, used 11500K [0x000000077d000000, 0x000000077e4c0000, 0x0000000782200000)
  object space 21248K, 54% used [0x000000077d000000,0x000000077db3b280,0x000000077e4c0000)
}
Event: 6.259 GC heap before
{Heap before GC invocations=2 (full 0):
 PSYoungGen      total 37632K, used 37615K [0x00000007d60b0000, 0x00000007d8aa0000, 0x0000000800000000)
  eden space 32320K, 100% used [0x00000007d60b0000,0x00000007d8040000,0x00000007d8040000)
  from space 5312K, 99% used [0x00000007d8040000,0x00000007d856bf58,0x00000007d8570000)
  to   space 5312K, 0% used [0x00000007d8570000,0x00000007d8570000,0x00000007d8aa0000)
 ParOldGen       total 85888K, used 19097K [0x0000000782200000, 0x00000007875e0000, 0x00000007d60b0000)
  object space 85888K, 22% used [0x0000000782200000,0x00000007834a6578,0x00000007875e0000)
 PSPermGen       total 21248K, used 11774K [0x000000077d000000, 0x000000077e4c0000, 0x0000000782200000)
  object space 21248K, 55% used [0x000000077d000000,0x000000077db7f8c0,0x000000077e4c0000)
Event: 6.271 GC heap after
Heap after GC invocations=2 (full 0):
 PSYoungGen      total 37632K, used 5128K [0x00000007d60b0000, 0x00000007d8aa0000, 0x0000000800000000)
  eden space 32320K, 0% used [0x00000007d60b0000,0x00000007d60b0000,0x00000007d8040000)
  from space 5312K, 96% used [0x00000007d8570000,0x00000007d8a72180,0x00000007d8aa0000)
  to   space 5312K, 0% used [0x00000007d8040000,0x00000007d8040000,0x00000007d8570000)
 ParOldGen       total 85888K, used 45546K [0x0000000782200000, 0x00000007875e0000, 0x00000007d60b0000)
  object space 85888K, 53% used [0x0000000782200000,0x0000000784e7a9b8,0x00000007875e0000)
 PSPermGen       total 21248K, used 11774K [0x000000077d000000, 0x000000077e4c0000, 0x0000000782200000)
  object space 21248K, 55% used [0x000000077d000000,0x000000077db7f8c0,0x000000077e4c0000)
}
Event: 7.586 GC heap before
{Heap before GC invocations=3 (full 0):
 PSYoungGen      total 37632K, used 37448K [0x00000007d60b0000, 0x00000007d8aa0000, 0x0000000800000000)
  eden space 32320K, 100% used [0x00000007d60b0000,0x00000007d8040000,0x00000007d8040000)
  from space 5312K, 96% used [0x00000007d8570000,0x00000007d8a72180,0x00000007d8aa0000)
  to   space 5312K, 0% used [0x00000007d8040000,0x00000007d8040000,0x00000007d8570000)
 ParOldGen       total 85888K, used 50949K [0x0000000782200000, 0x00000007875e0000, 0x00000007d60b0000)
  object space 85888K, 59% used [0x0000000782200000,0x00000007853c17a8,0x00000007875e0000)
 PSPermGen       total 21248K, used 11808K [0x000000077d000000, 0x000000077e4c0000, 0x0000000782200000)
  object space 21248K, 55% used [0x000000077d000000,0x000000077db88158,0x000000077e4c0000)
Event: 7.603 GC heap after
Heap after GC invocations=3 (full 0):
 PSYoungGen      total 37632K, used 5128K [0x00000007d60b0000, 0x00000007d8aa0000, 0x0000000800000000)
  eden space 32320K, 0% used [0x00000007d60b0000,0x00000007d60b0000,0x00000007d8040000)
  from space 5312K, 96% used [0x00000007d8040000,0x00000007d8542180,0x00000007d8570000)
  to   space 5312K, 0% used [0x00000007d8570000,0x00000007d8570000,0x00000007d8aa0000)
 ParOldGen       total 85888K, used 84599K [0x0000000782200000, 0x00000007875e0000, 0x00000007d60b0000)
  object space 85888K, 98% used [0x0000000782200000,0x000000078749dc68,0x00000007875e0000)
 PSPermGen       total 21248K, used 11808K [0x000000077d000000, 0x000000077e4c0000, 0x0000000782200000)
  object space 21248K, 55% used [0x000000077d000000,0x000000077db88158,0x000000077e4c0000)
}
Event: 7.603 GC heap before
{Heap before GC invocations=4 (full 1):
 PSYoungGen      total 37632K, used 5128K [0x00000007d60b0000, 0x00000007d8aa0000, 0x0000000800000000)
  eden space 32320K, 0% used [0x00000007d60b0000,0x00000007d60b0000,0x00000007d8040000)
  from space 5312K, 96% used [0x00000007d8040000,0x00000007d8542180,0x00000007d8570000)
  to   space 5312K, 0% used [0x00000007d8570000,0x00000007d8570000,0x00000007d8aa0000)
 ParOldGen       total 85888K, used 84599K [0x0000000782200000, 0x00000007875e0000, 0x00000007d60b0000)
  object space 85888K, 98% used [0x0000000782200000,0x000000078749dc68,0x00000007875e0000)
 PSPermGen       total 21248K, used 11808K [0x000000077d000000, 0x000000077e4c0000, 0x0000000782200000)
  object space 21248K, 55% used [0x000000077d000000,0x000000077db88158,0x000000077e4c0000)
Event: 7.633 GC heap after
Heap after GC invocations=4 (full 1):
 PSYoungGen      total 37632K, used 0K [0x00000007d60b0000, 0x00000007d8aa0000, 0x0000000800000000)
  eden space 32320K, 0% used [0x00000007d60b0000,0x00000007d60b0000,0x00000007d8040000)
  from space 5312K, 0% used [0x00000007d8040000,0x00000007d8040000,0x00000007d8570000)
  to   space 5312K, 0% used [0x00000007d8570000,0x00000007d8570000,0x00000007d8aa0000)
 ParOldGen       total 126272K, used 43239K [0x0000000782200000, 0x0000000789d50000, 0x00000007d60b0000)
  object space 126272K, 34% used [0x0000000782200000,0x0000000784c39e30,0x0000000789d50000)
 PSPermGen       total 23872K, used 11803K [0x000000077d000000, 0x000000077e750000, 0x0000000782200000)
  object space 23872K, 49% used [0x000000077d000000,0x000000077db86f70,0x000000077e750000)
}
Event: 11.677 GC heap before
{Heap before GC invocations=5 (full 1):
 PSYoungGen      total 37632K, used 32320K [0x00000007d60b0000, 0x00000007d8aa0000, 0x0000000800000000)
  eden space 32320K, 100% used [0x00000007d60b0000,0x00000007d8040000,0x00000007d8040000)
  from space 5312K, 0% used [0x00000007d8040000,0x00000007d8040000,0x00000007d8570000)
  to   space 5312K, 0% used [0x00000007d8570000,0x00000007d8570000,0x00000007d8aa0000)
 ParOldGen       total 126272K, used 43243K [0x0000000782200000, 0x0000000789d50000, 0x00000007d60b0000)
  object space 126272K, 34% used [0x0000000782200000,0x0000000784c3afe0,0x0000000789d50000)
 PSPermGen       total 23872K, used 11875K [0x000000077d000000, 0x000000077e750000, 0x0000000782200000)
  object space 23872K, 49% used [0x000000077d000000,0x000000077db98cd8,0x000000077e750000)
Event: 11.682 GC heap after
Heap after GC invocations=5 (full 1):
 PSYoungGen      total 37632K, used 4816K [0x00000007d60b0000, 0x00000007d9ec0000, 0x0000000800000000)
  eden space 32320K, 0% used [0x00000007d60b0000,0x00000007d60b0000,0x00000007d8040000)
  from space 5312K, 90% used [0x00000007d8570000,0x00000007d8a24040,0x00000007d8aa0000)
  to   space 5312K, 0% used [0x00000007d8040000,0x00000007d8040000,0x00000007d8570000)
 ParOldGen       total 126272K, used 51352K [0x0000000782200000, 0x0000000789d50000, 0x00000007d60b0000)
  object space 126272K, 40% used [0x0000000782200000,0x0000000785426070,0x0000000789d50000)
 PSPermGen       total 23872K, used 11875K [0x000000077d000000, 0x000000077e750000, 0x0000000782200000)
  object space 23872K, 49% used [0x000000077d000000,0x000000077db98cd8,0x000000077e750000)
}

