# JRE version: 7.0_09-b05
# Java VM: Java HotSpot(TM) 64-Bit Server VM (23.5-b02 mixed mode windows-amd64 compressed oops)
Heap
 PSYoungGen      total 271552K, used 166891K [0x00000007d60b0000, 0x00000007f19a0000, 0x0000000800000000)
  eden space 158656K, 46% used [0x00000007d60b0000,0x00000007da952760,0x00000007dfba0000)
  from space 112896K, 81% used [0x00000007dfba0000,0x00000007e55f8520,0x00000007e69e0000)
  to   space 123584K, 0% used [0x00000007ea0f0000,0x00000007ea0f0000,0x00000007f19a0000)
 ParOldGen       total 167488K, used 104275K [0x0000000782200000, 0x000000078c590000, 0x00000007d60b0000)
  object space 167488K, 62% used [0x0000000782200000,0x00000007887d4c80,0x000000078c590000)
 PSPermGen       total 26752K, used 12087K [0x000000077d000000, 0x000000077ea20000, 0x0000000782200000)
  object space 26752K, 45% used [0x000000077d000000,0x000000077dbcde30,0x000000077ea20000)
GC Heap History (10 events):
Event: 29.658 GC heap before
{Heap before GC invocations=11 (full 2):
 PSYoungGen      total 167488K, used 161808K [0x00000007d60b0000, 0x00000007e67e0000, 0x0000000800000000)
  eden space 99840K, 100% used [0x00000007d60b0000,0x00000007dc230000,0x00000007dc230000)
  from space 67648K, 91% used [0x00000007e0f00000,0x00000007e4b843c0,0x00000007e5110000)
  to   space 78656K, 0% used [0x00000007dc230000,0x00000007dc230000,0x00000007e0f00000)
 ParOldGen       total 167488K, used 95794K [0x0000000782200000, 0x000000078c590000, 0x00000007d60b0000)
  object space 167488K, 57% used [0x0000000782200000,0x0000000787f8c9c0,0x000000078c590000)
 PSPermGen       total 26752K, used 12018K [0x000000077d000000, 0x000000077ea20000, 0x0000000782200000)
  object space 26752K, 44% used [0x000000077d000000,0x000000077dbbc928,0x000000077ea20000)
Event: 29.736 GC heap after
Heap after GC invocations=11 (full 2):
 PSYoungGen      total 178496K, used 78565K [0x00000007d60b0000, 0x00000007e9710000, 0x0000000800000000)
  eden space 99840K, 0% used [0x00000007d60b0000,0x00000007d60b0000,0x00000007dc230000)
  from space 78656K, 99% used [0x00000007dc230000,0x00000007e0ee9490,0x00000007e0f00000)
  to   space 93120K, 0% used [0x00000007e3c20000,0x00000007e3c20000,0x00000007e9710000)
 ParOldGen       total 167488K, used 100062K [0x0000000782200000, 0x000000078c590000, 0x00000007d60b0000)
  object space 167488K, 59% used [0x0000000782200000,0x00000007883b79f0,0x000000078c590000)
 PSPermGen       total 26752K, used 12018K [0x000000077d000000, 0x000000077ea20000, 0x0000000782200000)
  object space 26752K, 44% used [0x000000077d000000,0x000000077dbbc928,0x000000077ea20000)
}
Event: 34.549 GC heap before
{Heap before GC invocations=12 (full 2):
 PSYoungGen      total 178496K, used 178405K [0x00000007d60b0000, 0x00000007e9710000, 0x0000000800000000)
  eden space 99840K, 100% used [0x00000007d60b0000,0x00000007dc230000,0x00000007dc230000)
  from space 78656K, 99% used [0x00000007dc230000,0x00000007e0ee9490,0x00000007e0f00000)
  to   space 93120K, 0% used [0x00000007e3c20000,0x00000007e3c20000,0x00000007e9710000)
 ParOldGen       total 167488K, used 101865K [0x0000000782200000, 0x000000078c590000, 0x00000007d60b0000)
  object space 167488K, 60% used [0x0000000782200000,0x000000078857a558,0x000000078c590000)
 PSPermGen       total 26752K, used 12021K [0x000000077d000000, 0x000000077ea20000, 0x0000000782200000)
  object space 26752K, 44% used [0x000000077d000000,0x000000077dbbd6c8,0x000000077ea20000)
Event: 34.664 GC heap after
Heap after GC invocations=12 (full 2):
 PSYoungGen      total 214912K, used 77052K [0x00000007d60b0000, 0x00000007eac10000, 0x0000000800000000)
  eden space 121792K, 0% used [0x00000007d60b0000,0x00000007d60b0000,0x00000007dd7a0000)
  from space 93120K, 82% used [0x00000007e3c20000,0x00000007e875f3f0,0x00000007e9710000)
  to   space 102912K, 0% used [0x00000007dd7a0000,0x00000007dd7a0000,0x00000007e3c20000)
 ParOldGen       total 167488K, used 102313K [0x0000000782200000, 0x000000078c590000, 0x00000007d60b0000)
  object space 167488K, 61% used [0x0000000782200000,0x00000007885ea558,0x000000078c590000)
 PSPermGen       total 26752K, used 12021K [0x000000077d000000, 0x000000077ea20000, 0x0000000782200000)
  object space 26752K, 44% used [0x000000077d000000,0x000000077dbbd6c8,0x000000077ea20000)
}
Event: 41.142 GC heap before
{Heap before GC invocations=13 (full 2):
 PSYoungGen      total 214912K, used 198844K [0x00000007d60b0000, 0x00000007eac10000, 0x0000000800000000)
  eden space 121792K, 100% used [0x00000007d60b0000,0x00000007dd7a0000,0x00000007dd7a0000)
  from space 93120K, 82% used [0x00000007e3c20000,0x00000007e875f3f0,0x00000007e9710000)
  to   space 102912K, 0% used [0x00000007dd7a0000,0x00000007dd7a0000,0x00000007e3c20000)
 ParOldGen       total 167488K, used 103217K [0x0000000782200000, 0x000000078c590000, 0x00000007d60b0000)
  object space 167488K, 61% used [0x0000000782200000,0x00000007886cc6f0,0x000000078c590000)
 PSPermGen       total 26752K, used 12058K [0x000000077d000000, 0x000000077ea20000, 0x0000000782200000)
  object space 26752K, 45% used [0x000000077d000000,0x000000077dbc6948,0x000000077ea20000)
Event: 41.244 GC heap after
Heap after GC invocations=13 (full 2):
 PSYoungGen      total 224704K, used 80412K [0x00000007d60b0000, 0x00000007ed9a0000, 0x0000000800000000)
  eden space 121792K, 0% used [0x00000007d60b0000,0x00000007d60b0000,0x00000007dd7a0000)
  from space 102912K, 78% used [0x00000007dd7a0000,0x00000007e26273f0,0x00000007e3c20000)
  to   space 111808K, 0% used [0x00000007e6c70000,0x00000007e6c70000,0x00000007ed9a0000)
 ParOldGen       total 167488K, used 103241K [0x0000000782200000, 0x000000078c590000, 0x00000007d60b0000)
  object space 167488K, 61% used [0x0000000782200000,0x00000007886d26f0,0x000000078c590000)
 PSPermGen       total 26752K, used 12058K [0x000000077d000000, 0x000000077ea20000, 0x0000000782200000)
  object space 26752K, 45% used [0x000000077d000000,0x000000077dbc6948,0x000000077ea20000)
}
Event: 52.999 GC heap before
{Heap before GC invocations=14 (full 2):
 PSYoungGen      total 224704K, used 202204K [0x00000007d60b0000, 0x00000007ed9a0000, 0x0000000800000000)
  eden space 121792K, 100% used [0x00000007d60b0000,0x00000007dd7a0000,0x00000007dd7a0000)
  from space 102912K, 78% used [0x00000007dd7a0000,0x00000007e26273f0,0x00000007e3c20000)
  to   space 111808K, 0% used [0x00000007e6c70000,0x00000007e6c70000,0x00000007ed9a0000)
 ParOldGen       total 167488K, used 103242K [0x0000000782200000, 0x000000078c590000, 0x00000007d60b0000)
  object space 167488K, 61% used [0x0000000782200000,0x00000007886d2ae0,0x000000078c590000)
 PSPermGen       total 26752K, used 12077K [0x000000077d000000, 0x000000077ea20000, 0x0000000782200000)
  object space 26752K, 45% used [0x000000077d000000,0x000000077dbcb468,0x000000077ea20000)
Event: 53.051 GC heap after
Heap after GC invocations=14 (full 2):
 PSYoungGen      total 268928K, used 64634K [0x00000007d60b0000, 0x00000007ed820000, 0x0000000800000000)
  eden space 158656K, 0% used [0x00000007d60b0000,0x00000007d60b0000,0x00000007dfba0000)
  from space 110272K, 58% used [0x00000007e6c70000,0x00000007eab8eb80,0x00000007ed820000)
  to   space 112896K, 0% used [0x00000007dfba0000,0x00000007dfba0000,0x00000007e69e0000)
 ParOldGen       total 167488K, used 103338K [0x0000000782200000, 0x000000078c590000, 0x00000007d60b0000)
  object space 167488K, 61% used [0x0000000782200000,0x00000007886eaae0,0x000000078c590000)
 PSPermGen       total 26752K, used 12077K [0x000000077d000000, 0x000000077ea20000, 0x0000000782200000)
  object space 26752K, 45% used [0x000000077d000000,0x000000077dbcb468,0x000000077ea20000)
}
Event: 62.489 GC heap before
{Heap before GC invocations=15 (full 2):
 PSYoungGen      total 268928K, used 223290K [0x00000007d60b0000, 0x00000007ed820000, 0x0000000800000000)
  eden space 158656K, 100% used [0x00000007d60b0000,0x00000007dfba0000,0x00000007dfba0000)
  from space 110272K, 58% used [0x00000007e6c70000,0x00000007eab8eb80,0x00000007ed820000)
  to   space 112896K, 0% used [0x00000007dfba0000,0x00000007dfba0000,0x00000007e69e0000)
 ParOldGen       total 167488K, used 104243K [0x0000000782200000, 0x000000078c590000, 0x00000007d60b0000)
  object space 167488K, 62% used [0x0000000782200000,0x00000007887ccc80,0x000000078c590000)
 PSPermGen       total 26752K, used 12085K [0x000000077d000000, 0x000000077ea20000, 0x0000000782200000)
  object space 26752K, 45% used [0x000000077d000000,0x000000077dbcd500,0x000000077ea20000)
Event: 62.571 GC heap after
Heap after GC invocations=15 (full 2):
 PSYoungGen      total 271552K, used 92513K [0x00000007d60b0000, 0x00000007f19a0000, 0x0000000800000000)
  eden space 158656K, 0% used [0x00000007d60b0000,0x00000007d60b0000,0x00000007dfba0000)
  from space 112896K, 81% used [0x00000007dfba0000,0x00000007e55f8520,0x00000007e69e0000)
  to   space 123584K, 0% used [0x00000007ea0f0000,0x00000007ea0f0000,0x00000007f19a0000)
 ParOldGen       total 167488K, used 104275K [0x0000000782200000, 0x000000078c590000, 0x00000007d60b0000)
  object space 167488K, 62% used [0x0000000782200000,0x00000007887d4c80,0x000000078c590000)
 PSPermGen       total 26752K, used 12085K [0x000000077d000000, 0x000000077ea20000, 0x0000000782200000)
  object space 26752K, 45% used [0x000000077d000000,0x000000077dbcd500,0x000000077ea20000)
}

