# JRE version: 7.0_09-b05
# Java VM: Java HotSpot(TM) 64-Bit Server VM (23.5-b02 mixed mode windows-amd64 compressed oops)
Heap
 PSYoungGen      total 248768K, used 206080K [0x00000007d60b0000, 0x00000007e9c80000, 0x0000000800000000)
  eden space 204416K, 79% used [0x00000007d60b0000,0x00000007dfea2d28,0x00000007e2850000)
  from space 44352K, 99% used [0x00000007e5f00000,0x00000007e8a4d610,0x00000007e8a50000)
  to   space 56000K, 0% used [0x00000007e2850000,0x00000007e2850000,0x00000007e5f00000)
 ParOldGen       total 180608K, used 122069K [0x0000000782200000, 0x000000078d260000, 0x00000007d60b0000)
  object space 180608K, 67% used [0x0000000782200000,0x0000000789935638,0x000000078d260000)
 PSPermGen       total 27072K, used 12005K [0x000000077d000000, 0x000000077ea70000, 0x0000000782200000)
  object space 27072K, 44% used [0x000000077d000000,0x000000077dbb9590,0x000000077ea70000)
GC Heap History (10 events):
Event: 13.514 GC heap before
{Heap before GC invocations=8 (full 2):
 PSYoungGen      total 69952K, used 64640K [0x00000007d60b0000, 0x00000007df180000, 0x0000000800000000)
  eden space 64640K, 100% used [0x00000007d60b0000,0x00000007d9fd0000,0x00000007d9fd0000)
  from space 5312K, 0% used [0x00000007d9fd0000,0x00000007d9fd0000,0x00000007da500000)
  to   space 15936K, 0% used [0x00000007de1f0000,0x00000007de1f0000,0x00000007df180000)
 ParOldGen       total 180608K, used 72114K [0x0000000782200000, 0x000000078d260000, 0x00000007d60b0000)
  object space 180608K, 39% used [0x0000000782200000,0x000000078686cae0,0x000000078d260000)
 PSPermGen       total 27072K, used 11899K [0x000000077d000000, 0x000000077ea70000, 0x0000000782200000)
  object space 27072K, 43% used [0x000000077d000000,0x000000077db9efa0,0x000000077ea70000)
Event: 13.531 GC heap after
Heap after GC invocations=8 (full 2):
 PSYoungGen      total 120000K, used 15904K [0x00000007d60b0000, 0x00000007e02b0000, 0x0000000800000000)
  eden space 104064K, 0% used [0x00000007d60b0000,0x00000007d60b0000,0x00000007dc650000)
  from space 15936K, 99% used [0x00000007de1f0000,0x00000007df178100,0x00000007df180000)
  to   space 28288K, 0% used [0x00000007dc650000,0x00000007dc650000,0x00000007de1f0000)
 ParOldGen       total 180608K, used 87534K [0x0000000782200000, 0x000000078d260000, 0x00000007d60b0000)
  object space 180608K, 48% used [0x0000000782200000,0x000000078777bbf0,0x000000078d260000)
 PSPermGen       total 27072K, used 11899K [0x000000077d000000, 0x000000077ea70000, 0x0000000782200000)
  object space 27072K, 43% used [0x000000077d000000,0x000000077db9efa0,0x000000077ea70000)
}
Event: 26.865 GC heap before
{Heap before GC invocations=9 (full 2):
 PSYoungGen      total 120000K, used 119335K [0x00000007d60b0000, 0x00000007e02b0000, 0x0000000800000000)
  eden space 104064K, 99% used [0x00000007d60b0000,0x00000007dc5b1d40,0x00000007dc650000)
  from space 15936K, 99% used [0x00000007de1f0000,0x00000007df178100,0x00000007df180000)
  to   space 28288K, 0% used [0x00000007dc650000,0x00000007dc650000,0x00000007de1f0000)
 ParOldGen       total 180608K, used 88435K [0x0000000782200000, 0x000000078d260000, 0x00000007d60b0000)
  object space 180608K, 48% used [0x0000000782200000,0x000000078785cc00,0x000000078d260000)
 PSPermGen       total 27072K, used 11911K [0x000000077d000000, 0x000000077ea70000, 0x0000000782200000)
  object space 27072K, 43% used [0x000000077d000000,0x000000077dba1cc0,0x000000077ea70000)
Event: 26.892 GC heap after
Heap after GC invocations=9 (full 2):
 PSYoungGen      total 132352K, used 22516K [0x00000007d60b0000, 0x00000007e44e0000, 0x0000000800000000)
  eden space 104064K, 0% used [0x00000007d60b0000,0x00000007d60b0000,0x00000007dc650000)
  from space 28288K, 79% used [0x00000007dc650000,0x00000007ddc4d150,0x00000007de1f0000)
  to   space 31744K, 0% used [0x00000007e25e0000,0x00000007e25e0000,0x00000007e44e0000)
 ParOldGen       total 180608K, used 88443K [0x0000000782200000, 0x000000078d260000, 0x00000007d60b0000)
  object space 180608K, 48% used [0x0000000782200000,0x000000078785ec00,0x000000078d260000)
 PSPermGen       total 27072K, used 11911K [0x000000077d000000, 0x000000077ea70000, 0x0000000782200000)
  object space 27072K, 43% used [0x000000077d000000,0x000000077dba1cc0,0x000000077ea70000)
}
Event: 35.824 GC heap before
{Heap before GC invocations=10 (full 2):
 PSYoungGen      total 132352K, used 126580K [0x00000007d60b0000, 0x00000007e44e0000, 0x0000000800000000)
  eden space 104064K, 100% used [0x00000007d60b0000,0x00000007dc650000,0x00000007dc650000)
  from space 28288K, 79% used [0x00000007dc650000,0x00000007ddc4d150,0x00000007de1f0000)
  to   space 31744K, 0% used [0x00000007e25e0000,0x00000007e25e0000,0x00000007e44e0000)
 ParOldGen       total 180608K, used 88449K [0x0000000782200000, 0x000000078d260000, 0x00000007d60b0000)
  object space 180608K, 48% used [0x0000000782200000,0x0000000787860670,0x000000078d260000)
 PSPermGen       total 27072K, used 11937K [0x000000077d000000, 0x000000077ea70000, 0x0000000782200000)
  object space 27072K, 44% used [0x000000077d000000,0x000000077dba8658,0x000000077ea70000)
Event: 35.847 GC heap after
Heap after GC invocations=10 (full 2):
 PSYoungGen      total 195968K, used 31296K [0x00000007d60b0000, 0x00000007e4b20000, 0x0000000800000000)
  eden space 164224K, 0% used [0x00000007d60b0000,0x00000007d60b0000,0x00000007e0110000)
  from space 31744K, 98% used [0x00000007e25e0000,0x00000007e4470200,0x00000007e44e0000)
  to   space 37696K, 0% used [0x00000007e0110000,0x00000007e0110000,0x00000007e25e0000)
 ParOldGen       total 180608K, used 105557K [0x0000000782200000, 0x000000078d260000, 0x00000007d60b0000)
  object space 180608K, 58% used [0x0000000782200000,0x00000007889157a0,0x000000078d260000)
 PSPermGen       total 27072K, used 11937K [0x000000077d000000, 0x000000077ea70000, 0x0000000782200000)
  object space 27072K, 44% used [0x000000077d000000,0x000000077dba8658,0x000000077ea70000)
}
Event: 55.653 GC heap before
{Heap before GC invocations=11 (full 2):
 PSYoungGen      total 195968K, used 195520K [0x00000007d60b0000, 0x00000007e4b20000, 0x0000000800000000)
  eden space 164224K, 100% used [0x00000007d60b0000,0x00000007e0110000,0x00000007e0110000)
  from space 31744K, 98% used [0x00000007e25e0000,0x00000007e4470200,0x00000007e44e0000)
  to   space 37696K, 0% used [0x00000007e0110000,0x00000007e0110000,0x00000007e25e0000)
 ParOldGen       total 180608K, used 105600K [0x0000000782200000, 0x000000078d260000, 0x00000007d60b0000)
  object space 180608K, 58% used [0x0000000782200000,0x00000007889202a8,0x000000078d260000)
 PSPermGen       total 27072K, used 11941K [0x000000077d000000, 0x000000077ea70000, 0x0000000782200000)
  object space 27072K, 44% used [0x000000077d000000,0x000000077dba96d0,0x000000077ea70000)
Event: 55.691 GC heap after
Heap after GC invocations=11 (full 2):
 PSYoungGen      total 201920K, used 37392K [0x00000007d60b0000, 0x00000007e8a50000, 0x0000000800000000)
  eden space 164224K, 0% used [0x00000007d60b0000,0x00000007d60b0000,0x00000007e0110000)
  from space 37696K, 99% used [0x00000007e0110000,0x00000007e2594240,0x00000007e25e0000)
  to   space 44352K, 0% used [0x00000007e5f00000,0x00000007e5f00000,0x00000007e8a50000)
 ParOldGen       total 180608K, used 110300K [0x0000000782200000, 0x000000078d260000, 0x00000007d60b0000)
  object space 180608K, 61% used [0x0000000782200000,0x0000000788db72f8,0x000000078d260000)
 PSPermGen       total 27072K, used 11941K [0x000000077d000000, 0x000000077ea70000, 0x0000000782200000)
  object space 27072K, 44% used [0x000000077d000000,0x000000077dba96d0,0x000000077ea70000)
}
Event: 73.428 GC heap before
{Heap before GC invocations=12 (full 2):
 PSYoungGen      total 201920K, used 201616K [0x00000007d60b0000, 0x00000007e8a50000, 0x0000000800000000)
  eden space 164224K, 100% used [0x00000007d60b0000,0x00000007e0110000,0x00000007e0110000)
  from space 37696K, 99% used [0x00000007e0110000,0x00000007e2594240,0x00000007e25e0000)
  to   space 44352K, 0% used [0x00000007e5f00000,0x00000007e5f00000,0x00000007e8a50000)
 ParOldGen       total 180608K, used 110305K [0x0000000782200000, 0x000000078d260000, 0x00000007d60b0000)
  object space 180608K, 61% used [0x0000000782200000,0x0000000788db84a8,0x000000078d260000)
 PSPermGen       total 27072K, used 11984K [0x000000077d000000, 0x000000077ea70000, 0x0000000782200000)
  object space 27072K, 44% used [0x000000077d000000,0x000000077dbb40f0,0x000000077ea70000)
Event: 73.473 GC heap after
Heap after GC invocations=12 (full 2):
 PSYoungGen      total 248768K, used 44341K [0x00000007d60b0000, 0x00000007e9c80000, 0x0000000800000000)
  eden space 204416K, 0% used [0x00000007d60b0000,0x00000007d60b0000,0x00000007e2850000)
  from space 44352K, 99% used [0x00000007e5f00000,0x00000007e8a4d610,0x00000007e8a50000)
  to   space 56000K, 0% used [0x00000007e2850000,0x00000007e2850000,0x00000007e5f00000)
 ParOldGen       total 180608K, used 122069K [0x0000000782200000, 0x000000078d260000, 0x00000007d60b0000)
  object space 180608K, 67% used [0x0000000782200000,0x0000000789935638,0x000000078d260000)
 PSPermGen       total 27072K, used 11984K [0x000000077d000000, 0x000000077ea70000, 0x0000000782200000)
  object space 27072K, 44% used [0x000000077d000000,0x000000077dbb40f0,0x000000077ea70000)
}

