# JRE version: 7.0_09-b05
# Java VM: Java HotSpot(TM) 64-Bit Server VM (23.5-b02 mixed mode windows-amd64 compressed oops)
Heap
 PSYoungGen      total 450688K, used 161267K [0x00000007d60b0000, 0x0000000800000000, 0x0000000800000000)
  eden space 229184K, 6% used [0x00000007d60b0000,0x00000007d6e2a420,0x00000007e4080000)
  from space 221504K, 66% used [0x00000007f27b0000,0x00000007fb7b2820,0x0000000800000000)
  to   space 229120K, 0% used [0x00000007e4080000,0x00000007e4080000,0x00000007f2040000)
 ParOldGen       total 162304K, used 109002K [0x0000000782200000, 0x000000078c080000, 0x00000007d60b0000)
  object space 162304K, 67% used [0x0000000782200000,0x0000000788c729e0,0x000000078c080000)
 PSPermGen       total 26688K, used 12145K [0x000000077d000000, 0x000000077ea10000, 0x0000000782200000)
  object space 26688K, 45% used [0x000000077d000000,0x000000077dbdc670,0x000000077ea10000)
GC Heap History (10 events):
Event: 59.240 GC heap before
{Heap before GC invocations=14 (full 2):
 PSYoungGen      total 277248K, used 265597K [0x00000007d60b0000, 0x00000007f3cf0000, 0x0000000800000000)
  eden space 149760K, 100% used [0x00000007d60b0000,0x00000007df2f0000,0x00000007df2f0000)
  from space 127488K, 90% used [0x00000007df2f0000,0x00000007e640f5f0,0x00000007e6f70000)
  to   space 144768K, 0% used [0x00000007eaf90000,0x00000007eaf90000,0x00000007f3cf0000)
 ParOldGen       total 162304K, used 102411K [0x0000000782200000, 0x000000078c080000, 0x00000007d60b0000)
  object space 162304K, 63% used [0x0000000782200000,0x0000000788602e30,0x000000078c080000)
 PSPermGen       total 26688K, used 12037K [0x000000077d000000, 0x000000077ea10000, 0x0000000782200000)
  object space 26688K, 45% used [0x000000077d000000,0x000000077dbc17b8,0x000000077ea10000)
Event: 59.352 GC heap after
Heap after GC invocations=14 (full 2):
 PSYoungGen      total 335040K, used 99982K [0x00000007d60b0000, 0x00000007f4a00000, 0x0000000800000000)
  eden space 190272K, 0% used [0x00000007d60b0000,0x00000007d60b0000,0x00000007e1a80000)
  from space 144768K, 69% used [0x00000007eaf90000,0x00000007f11339d0,0x00000007f3cf0000)
  to   space 152640K, 0% used [0x00000007e1a80000,0x00000007e1a80000,0x00000007eaf90000)
 ParOldGen       total 162304K, used 103343K [0x0000000782200000, 0x000000078c080000, 0x00000007d60b0000)
  object space 162304K, 63% used [0x0000000782200000,0x00000007886ebe40,0x000000078c080000)
 PSPermGen       total 26688K, used 12037K [0x000000077d000000, 0x000000077ea10000, 0x0000000782200000)
  object space 26688K, 45% used [0x000000077d000000,0x000000077dbc17b8,0x000000077ea10000)
}
Event: 68.785 GC heap before
{Heap before GC invocations=15 (full 2):
 PSYoungGen      total 335040K, used 290254K [0x00000007d60b0000, 0x00000007f4a00000, 0x0000000800000000)
  eden space 190272K, 100% used [0x00000007d60b0000,0x00000007e1a80000,0x00000007e1a80000)
  from space 144768K, 69% used [0x00000007eaf90000,0x00000007f11339d0,0x00000007f3cf0000)
  to   space 152640K, 0% used [0x00000007e1a80000,0x00000007e1a80000,0x00000007eaf90000)
 ParOldGen       total 162304K, used 105147K [0x0000000782200000, 0x000000078c080000, 0x00000007d60b0000)
  object space 162304K, 64% used [0x0000000782200000,0x00000007888aee10,0x000000078c080000)
 PSPermGen       total 26688K, used 12066K [0x000000077d000000, 0x000000077ea10000, 0x0000000782200000)
  object space 26688K, 45% used [0x000000077d000000,0x000000077dbc8b40,0x000000077ea10000)
Event: 68.960 GC heap after
Heap after GC invocations=15 (full 2):
 PSYoungGen      total 342912K, used 149745K [0x00000007d60b0000, 0x00000007fae20000, 0x0000000800000000)
  eden space 190272K, 0% used [0x00000007d60b0000,0x00000007d60b0000,0x00000007e1a80000)
  from space 152640K, 98% used [0x00000007e1a80000,0x00000007eacbc7c0,0x00000007eaf90000)
  to   space 176896K, 0% used [0x00000007f0160000,0x00000007f0160000,0x00000007fae20000)
 ParOldGen       total 162304K, used 105219K [0x0000000782200000, 0x000000078c080000, 0x00000007d60b0000)
  object space 162304K, 64% used [0x0000000782200000,0x00000007888c0e10,0x000000078c080000)
 PSPermGen       total 26688K, used 12066K [0x000000077d000000, 0x000000077ea10000, 0x0000000782200000)
  object space 26688K, 45% used [0x000000077d000000,0x000000077dbc8b40,0x000000077ea10000)
}
Event: 78.417 GC heap before
{Heap before GC invocations=16 (full 2):
 PSYoungGen      total 342912K, used 340017K [0x00000007d60b0000, 0x00000007fae20000, 0x0000000800000000)
  eden space 190272K, 100% used [0x00000007d60b0000,0x00000007e1a80000,0x00000007e1a80000)
  from space 152640K, 98% used [0x00000007e1a80000,0x00000007eacbc7c0,0x00000007eaf90000)
  to   space 176896K, 0% used [0x00000007f0160000,0x00000007f0160000,0x00000007fae20000)
 ParOldGen       total 162304K, used 106122K [0x0000000782200000, 0x000000078c080000, 0x00000007d60b0000)
  object space 162304K, 65% used [0x0000000782200000,0x00000007889a29c8,0x000000078c080000)
 PSPermGen       total 26688K, used 12074K [0x000000077d000000, 0x000000077ea10000, 0x0000000782200000)
  object space 26688K, 45% used [0x000000077d000000,0x000000077dbcabb8,0x000000077ea10000)
Event: 78.641 GC heap after
Heap after GC invocations=16 (full 2):
 PSYoungGen      total 407104K, used 150410K [0x00000007d60b0000, 0x00000007fd710000, 0x0000000800000000)
  eden space 230208K, 0% used [0x00000007d60b0000,0x00000007d60b0000,0x00000007e4180000)
  from space 176896K, 85% used [0x00000007f0160000,0x00000007f9442820,0x00000007fae20000)
  to   space 196480K, 0% used [0x00000007e4180000,0x00000007e4180000,0x00000007f0160000)
 ParOldGen       total 162304K, used 106226K [0x0000000782200000, 0x000000078c080000, 0x00000007d60b0000)
  object space 162304K, 65% used [0x0000000782200000,0x00000007889bc9c8,0x000000078c080000)
 PSPermGen       total 26688K, used 12074K [0x000000077d000000, 0x000000077ea10000, 0x0000000782200000)
  object space 26688K, 45% used [0x000000077d000000,0x000000077dbcabb8,0x000000077ea10000)
}
Event: 92.126 GC heap before
{Heap before GC invocations=17 (full 2):
 PSYoungGen      total 407104K, used 380618K [0x00000007d60b0000, 0x00000007fd710000, 0x0000000800000000)
  eden space 230208K, 100% used [0x00000007d60b0000,0x00000007e4180000,0x00000007e4180000)
  from space 176896K, 85% used [0x00000007f0160000,0x00000007f9442820,0x00000007fae20000)
  to   space 196480K, 0% used [0x00000007e4180000,0x00000007e4180000,0x00000007f0160000)
 ParOldGen       total 162304K, used 108030K [0x0000000782200000, 0x000000078c080000, 0x00000007d60b0000)
  object space 162304K, 66% used [0x0000000782200000,0x0000000788b7f9d0,0x000000078c080000)
 PSPermGen       total 26688K, used 12088K [0x000000077d000000, 0x000000077ea10000, 0x0000000782200000)
  object space 26688K, 45% used [0x000000077d000000,0x000000077dbce298,0x000000077ea10000)
Event: 92.262 GC heap after
Heap after GC invocations=17 (full 2):
 PSYoungGen      total 426688K, used 176315K [0x00000007d60b0000, 0x0000000800000000, 0x0000000800000000)
  eden space 230208K, 0% used [0x00000007d60b0000,0x00000007d60b0000,0x00000007e4180000)
  from space 196480K, 89% used [0x00000007e4180000,0x00000007eedaef00,0x00000007f0160000)
  to   space 221504K, 0% used [0x00000007f27b0000,0x00000007f27b0000,0x0000000800000000)
 ParOldGen       total 162304K, used 108054K [0x0000000782200000, 0x000000078c080000, 0x00000007d60b0000)
  object space 162304K, 66% used [0x0000000782200000,0x0000000788b859d0,0x000000078c080000)
 PSPermGen       total 26688K, used 12088K [0x000000077d000000, 0x000000077ea10000, 0x0000000782200000)
  object space 26688K, 45% used [0x000000077d000000,0x000000077dbce298,0x000000077ea10000)
}
Event: 102.261 GC heap before
{Heap before GC invocations=18 (full 2):
 PSYoungGen      total 426688K, used 406377K [0x00000007d60b0000, 0x0000000800000000, 0x0000000800000000)
  eden space 230208K, 99% used [0x00000007d60b0000,0x00000007e415b5f0,0x00000007e4180000)
  from space 196480K, 89% used [0x00000007e4180000,0x00000007eedaef00,0x00000007f0160000)
  to   space 221504K, 0% used [0x00000007f27b0000,0x00000007f27b0000,0x0000000800000000)
 ParOldGen       total 162304K, used 108954K [0x0000000782200000, 0x000000078c080000, 0x00000007d60b0000)
  object space 162304K, 67% used [0x0000000782200000,0x0000000788c669e0,0x000000078c080000)
 PSPermGen       total 26688K, used 12140K [0x000000077d000000, 0x000000077ea10000, 0x0000000782200000)
  object space 26688K, 45% used [0x000000077d000000,0x000000077dbdb3b8,0x000000077ea10000)
Event: 102.434 GC heap after
Heap after GC invocations=18 (full 2):
 PSYoungGen      total 450688K, used 147466K [0x00000007d60b0000, 0x0000000800000000, 0x0000000800000000)
  eden space 229184K, 0% used [0x00000007d60b0000,0x00000007d60b0000,0x00000007e4080000)
  from space 221504K, 66% used [0x00000007f27b0000,0x00000007fb7b2820,0x0000000800000000)
  to   space 229120K, 0% used [0x00000007e4080000,0x00000007e4080000,0x00000007f2040000)
 ParOldGen       total 162304K, used 109002K [0x0000000782200000, 0x000000078c080000, 0x00000007d60b0000)
  object space 162304K, 67% used [0x0000000782200000,0x0000000788c729e0,0x000000078c080000)
 PSPermGen       total 26688K, used 12140K [0x000000077d000000, 0x000000077ea10000, 0x0000000782200000)
  object space 26688K, 45% used [0x000000077d000000,0x000000077dbdb3b8,0x000000077ea10000)
}

