# JRE version: 7.0_09-b05
# Java VM: Java HotSpot(TM) 64-Bit Server VM (23.5-b02 mixed mode windows-amd64 compressed oops)
Heap
 PSYoungGen      total 458304K, used 170389K [0x00000007d60b0000, 0x0000000800000000, 0x0000000800000000)
  eden space 229184K, 15% used [0x00000007d60b0000,0x00000007d83e7490,0x00000007e4080000)
  from space 229120K, 58% used [0x00000007f2040000,0x00000007fa36e150,0x0000000800000000)
  to   space 229120K, 0% used [0x00000007e4080000,0x00000007e4080000,0x00000007f2040000)
 ParOldGen       total 259584K, used 195459K [0x0000000782200000, 0x0000000791f80000, 0x00000007d60b0000)
  object space 259584K, 75% used [0x0000000782200000,0x000000078e0e0d58,0x0000000791f80000)
 PSPermGen       total 24832K, used 12117K [0x000000077d000000, 0x000000077e840000, 0x0000000782200000)
  object space 24832K, 48% used [0x000000077d000000,0x000000077dbd54d0,0x000000077e840000)
GC Heap History (10 events):
Event: 50.296 GC heap before
{Heap before GC invocations=16 (full 4):
 PSYoungGen      total 358528K, used 358142K [0x00000007d60b0000, 0x00000007fd8f0000, 0x0000000800000000)
  eden space 206144K, 100% used [0x00000007d60b0000,0x00000007e2a00000,0x00000007e2a00000)
  from space 152384K, 99% used [0x00000007e2a00000,0x00000007ebe6f9f0,0x00000007ebed0000)
  to   space 179136K, 0% used [0x00000007f2a00000,0x00000007f2a00000,0x00000007fd8f0000)
 ParOldGen       total 259584K, used 191667K [0x0000000782200000, 0x0000000791f80000, 0x00000007d60b0000)
  object space 259584K, 73% used [0x0000000782200000,0x000000078dd2ce90,0x0000000791f80000)
 PSPermGen       total 24832K, used 12028K [0x000000077d000000, 0x000000077e840000, 0x0000000782200000)
  object space 24832K, 48% used [0x000000077d000000,0x000000077dbbf080,0x000000077e840000)
Event: 50.422 GC heap after
Heap after GC invocations=16 (full 4):
 PSYoungGen      total 438848K, used 173782K [0x00000007d60b0000, 0x0000000800000000, 0x0000000800000000)
  eden space 259712K, 0% used [0x00000007d60b0000,0x00000007d60b0000,0x00000007e5e50000)
  from space 179136K, 97% used [0x00000007f2a00000,0x00000007fd3b5ad0,0x00000007fd8f0000)
  to   space 208576K, 0% used [0x00000007e5e50000,0x00000007e5e50000,0x00000007f2a00000)
 ParOldGen       total 259584K, used 191691K [0x0000000782200000, 0x0000000791f80000, 0x00000007d60b0000)
  object space 259584K, 73% used [0x0000000782200000,0x000000078dd32e90,0x0000000791f80000)
 PSPermGen       total 24832K, used 12028K [0x000000077d000000, 0x000000077e840000, 0x0000000782200000)
  object space 24832K, 48% used [0x000000077d000000,0x000000077dbbf080,0x000000077e840000)
}
Event: 61.777 GC heap before
{Heap before GC invocations=17 (full 4):
 PSYoungGen      total 438848K, used 433494K [0x00000007d60b0000, 0x0000000800000000, 0x0000000800000000)
  eden space 259712K, 100% used [0x00000007d60b0000,0x00000007e5e50000,0x00000007e5e50000)
  from space 179136K, 97% used [0x00000007f2a00000,0x00000007fd3b5ad0,0x00000007fd8f0000)
  to   space 208576K, 0% used [0x00000007e5e50000,0x00000007e5e50000,0x00000007f2a00000)
 ParOldGen       total 259584K, used 191699K [0x0000000782200000, 0x0000000791f80000, 0x00000007d60b0000)
  object space 259584K, 73% used [0x0000000782200000,0x000000078dd34c30,0x0000000791f80000)
 PSPermGen       total 24832K, used 12039K [0x000000077d000000, 0x000000077e840000, 0x0000000782200000)
  object space 24832K, 48% used [0x000000077d000000,0x000000077dbc1c68,0x000000077e840000)
Event: 61.903 GC heap after
Heap after GC invocations=17 (full 4):
 PSYoungGen      total 436544K, used 176779K [0x00000007d60b0000, 0x0000000800000000, 0x0000000800000000)
  eden space 259712K, 0% used [0x00000007d60b0000,0x00000007d60b0000,0x00000007e5e50000)
  from space 176832K, 99% used [0x00000007e5e50000,0x00000007f0af2e40,0x00000007f0b00000)
  to   space 229120K, 0% used [0x00000007f2040000,0x00000007f2040000,0x0000000800000000)
 ParOldGen       total 259584K, used 191739K [0x0000000782200000, 0x0000000791f80000, 0x00000007d60b0000)
  object space 259584K, 73% used [0x0000000782200000,0x000000078dd3ec30,0x0000000791f80000)
 PSPermGen       total 24832K, used 12039K [0x000000077d000000, 0x000000077e840000, 0x0000000782200000)
  object space 24832K, 48% used [0x000000077d000000,0x000000077dbc1c68,0x000000077e840000)
}
Event: 70.280 GC heap before
{Heap before GC invocations=18 (full 4):
 PSYoungGen      total 436544K, used 436491K [0x00000007d60b0000, 0x0000000800000000, 0x0000000800000000)
  eden space 259712K, 100% used [0x00000007d60b0000,0x00000007e5e50000,0x00000007e5e50000)
  from space 176832K, 99% used [0x00000007e5e50000,0x00000007f0af2e40,0x00000007f0b00000)
  to   space 229120K, 0% used [0x00000007f2040000,0x00000007f2040000,0x0000000800000000)
 ParOldGen       total 259584K, used 192643K [0x0000000782200000, 0x0000000791f80000, 0x00000007d60b0000)
  object space 259584K, 74% used [0x0000000782200000,0x000000078de20c90,0x0000000791f80000)
 PSPermGen       total 24832K, used 12061K [0x000000077d000000, 0x000000077e840000, 0x0000000782200000)
  object space 24832K, 48% used [0x000000077d000000,0x000000077dbc75c8,0x000000077e840000)
Event: 70.480 GC heap after
Heap after GC invocations=18 (full 4):
 PSYoungGen      total 458304K, used 203066K [0x00000007d60b0000, 0x0000000800000000, 0x0000000800000000)
  eden space 229184K, 0% used [0x00000007d60b0000,0x00000007d60b0000,0x00000007e4080000)
  from space 229120K, 88% used [0x00000007f2040000,0x00000007fe68e860,0x0000000800000000)
  to   space 229120K, 0% used [0x00000007e4080000,0x00000007e4080000,0x00000007f2040000)
 ParOldGen       total 259584K, used 195375K [0x0000000782200000, 0x0000000791f80000, 0x00000007d60b0000)
  object space 259584K, 75% used [0x0000000782200000,0x000000078e0cbcc0,0x0000000791f80000)
 PSPermGen       total 24832K, used 12061K [0x000000077d000000, 0x000000077e840000, 0x0000000782200000)
  object space 24832K, 48% used [0x000000077d000000,0x000000077dbc75c8,0x000000077e840000)
}
Event: 78.354 GC heap before
{Heap before GC invocations=19 (full 4):
 PSYoungGen      total 458304K, used 432250K [0x00000007d60b0000, 0x0000000800000000, 0x0000000800000000)
  eden space 229184K, 100% used [0x00000007d60b0000,0x00000007e4080000,0x00000007e4080000)
  from space 229120K, 88% used [0x00000007f2040000,0x00000007fe68e860,0x0000000800000000)
  to   space 229120K, 0% used [0x00000007e4080000,0x00000007e4080000,0x00000007f2040000)
 ParOldGen       total 259584K, used 195379K [0x0000000782200000, 0x0000000791f80000, 0x00000007d60b0000)
  object space 259584K, 75% used [0x0000000782200000,0x000000078e0ccd30,0x0000000791f80000)
 PSPermGen       total 24832K, used 12075K [0x000000077d000000, 0x000000077e840000, 0x0000000782200000)
  object space 24832K, 48% used [0x000000077d000000,0x000000077dbcade0,0x000000077e840000)
Event: 78.495 GC heap after
Heap after GC invocations=19 (full 4):
 PSYoungGen      total 458304K, used 179766K [0x00000007d60b0000, 0x0000000800000000, 0x0000000800000000)
  eden space 229184K, 0% used [0x00000007d60b0000,0x00000007d60b0000,0x00000007e4080000)
  from space 229120K, 78% used [0x00000007e4080000,0x00000007ef00d810,0x00000007f2040000)
  to   space 229120K, 0% used [0x00000007f2040000,0x00000007f2040000,0x0000000800000000)
 ParOldGen       total 259584K, used 195419K [0x0000000782200000, 0x0000000791f80000, 0x00000007d60b0000)
  object space 259584K, 75% used [0x0000000782200000,0x000000078e0d6d30,0x0000000791f80000)
 PSPermGen       total 24832K, used 12075K [0x000000077d000000, 0x000000077e840000, 0x0000000782200000)
  object space 24832K, 48% used [0x000000077d000000,0x000000077dbcade0,0x000000077e840000)
}
Event: 92.417 GC heap before
{Heap before GC invocations=20 (full 4):
 PSYoungGen      total 458304K, used 408950K [0x00000007d60b0000, 0x0000000800000000, 0x0000000800000000)
  eden space 229184K, 100% used [0x00000007d60b0000,0x00000007e4080000,0x00000007e4080000)
  from space 229120K, 78% used [0x00000007e4080000,0x00000007ef00d810,0x00000007f2040000)
  to   space 229120K, 0% used [0x00000007f2040000,0x00000007f2040000,0x0000000800000000)
 ParOldGen       total 259584K, used 195419K [0x0000000782200000, 0x0000000791f80000, 0x00000007d60b0000)
  object space 259584K, 75% used [0x0000000782200000,0x000000078e0d6d58,0x0000000791f80000)
 PSPermGen       total 24832K, used 12115K [0x000000077d000000, 0x000000077e840000, 0x0000000782200000)
  object space 24832K, 48% used [0x000000077d000000,0x000000077dbd4f40,0x000000077e840000)
Event: 92.478 GC heap after
Heap after GC invocations=20 (full 4):
 PSYoungGen      total 458304K, used 134328K [0x00000007d60b0000, 0x0000000800000000, 0x0000000800000000)
  eden space 229184K, 0% used [0x00000007d60b0000,0x00000007d60b0000,0x00000007e4080000)
  from space 229120K, 58% used [0x00000007f2040000,0x00000007fa36e150,0x0000000800000000)
  to   space 229120K, 0% used [0x00000007e4080000,0x00000007e4080000,0x00000007f2040000)
 ParOldGen       total 259584K, used 195459K [0x0000000782200000, 0x0000000791f80000, 0x00000007d60b0000)
  object space 259584K, 75% used [0x0000000782200000,0x000000078e0e0d58,0x0000000791f80000)
 PSPermGen       total 24832K, used 12115K [0x000000077d000000, 0x000000077e840000, 0x0000000782200000)
  object space 24832K, 48% used [0x000000077d000000,0x000000077dbd4f40,0x000000077e840000)
}

