# JRE version: 7.0_09-b05
# Java VM: Java HotSpot(TM) 64-Bit Server VM (23.5-b02 mixed mode windows-amd64 compressed oops)
Heap
 PSYoungGen      total 293120K, used 102802K [0x00000007d60b0000, 0x00000007f0820000, 0x0000000800000000)
  eden space 162624K, 9% used [0x00000007d60b0000,0x00000007d702c380,0x00000007dff80000)
  from space 130496K, 66% used [0x00000007e8260000,0x00000007ed748480,0x00000007f01d0000)
  to   space 134016K, 0% used [0x00000007dff80000,0x00000007dff80000,0x00000007e8260000)
 ParOldGen       total 112320K, used 83010K [0x0000000782200000, 0x0000000788fb0000, 0x00000007d60b0000)
  object space 112320K, 73% used [0x0000000782200000,0x0000000787310ad0,0x0000000788fb0000)
 PSPermGen       total 27072K, used 12069K [0x000000077d000000, 0x000000077ea70000, 0x0000000782200000)
  object space 27072K, 44% used [0x000000077d000000,0x000000077dbc94b0,0x000000077ea70000)
GC Heap History (10 events):
Event: 76.541 GC heap before
{Heap before GC invocations=26 (full 2):
 PSYoungGen      total 200192K, used 185357K [0x00000007d60b0000, 0x00000007eaa10000, 0x0000000800000000)
  eden space 106304K, 100% used [0x00000007d60b0000,0x00000007dc880000,0x00000007dc880000)
  from space 93888K, 84% used [0x00000007dc880000,0x00000007e15b3530,0x00000007e2430000)
  to   space 103040K, 0% used [0x00000007e4570000,0x00000007e4570000,0x00000007eaa10000)
 ParOldGen       total 112320K, used 81588K [0x0000000782200000, 0x0000000788fb0000, 0x00000007d60b0000)
  object space 112320K, 72% used [0x0000000782200000,0x00000007871ad148,0x0000000788fb0000)
 PSPermGen       total 27072K, used 11990K [0x000000077d000000, 0x000000077ea70000, 0x0000000782200000)
  object space 27072K, 44% used [0x000000077d000000,0x000000077dbb58a8,0x000000077ea70000)
Event: 76.570 GC heap after
Heap after GC invocations=26 (full 2):
 PSYoungGen      total 227328K, used 78281K [0x00000007d60b0000, 0x00000007eb7e0000, 0x0000000800000000)
  eden space 124288K, 0% used [0x00000007d60b0000,0x00000007d60b0000,0x00000007dda10000)
  from space 103040K, 75% used [0x00000007e4570000,0x00000007e91e2520,0x00000007eaa10000)
  to   space 109952K, 0% used [0x00000007dda10000,0x00000007dda10000,0x00000007e4570000)
 ParOldGen       total 112320K, used 81636K [0x0000000782200000, 0x0000000788fb0000, 0x00000007d60b0000)
  object space 112320K, 72% used [0x0000000782200000,0x00000007871b9148,0x0000000788fb0000)
 PSPermGen       total 27072K, used 11990K [0x000000077d000000, 0x000000077ea70000, 0x0000000782200000)
  object space 27072K, 44% used [0x000000077d000000,0x000000077dbb58a8,0x000000077ea70000)
}
Event: 82.929 GC heap before
{Heap before GC invocations=27 (full 2):
 PSYoungGen      total 227328K, used 202569K [0x00000007d60b0000, 0x00000007eb7e0000, 0x0000000800000000)
  eden space 124288K, 100% used [0x00000007d60b0000,0x00000007dda10000,0x00000007dda10000)
  from space 103040K, 75% used [0x00000007e4570000,0x00000007e91e2520,0x00000007eaa10000)
  to   space 109952K, 0% used [0x00000007dda10000,0x00000007dda10000,0x00000007e4570000)
 ParOldGen       total 112320K, used 81938K [0x0000000782200000, 0x0000000788fb0000, 0x00000007d60b0000)
  object space 112320K, 72% used [0x0000000782200000,0x0000000787204910,0x0000000788fb0000)
 PSPermGen       total 27072K, used 12016K [0x000000077d000000, 0x000000077ea70000, 0x0000000782200000)
  object space 27072K, 44% used [0x000000077d000000,0x000000077dbbc048,0x000000077ea70000)
Event: 82.962 GC heap after
Heap after GC invocations=27 (full 2):
 PSYoungGen      total 234240K, used 78725K [0x00000007d60b0000, 0x00000007ed070000, 0x0000000800000000)
  eden space 124288K, 0% used [0x00000007d60b0000,0x00000007d60b0000,0x00000007dda10000)
  from space 109952K, 71% used [0x00000007dda10000,0x00000007e26f1770,0x00000007e4570000)
  to   space 115328K, 0% used [0x00000007e5fd0000,0x00000007e5fd0000,0x00000007ed070000)
 ParOldGen       total 112320K, used 81978K [0x0000000782200000, 0x0000000788fb0000, 0x00000007d60b0000)
  object space 112320K, 72% used [0x0000000782200000,0x000000078720e910,0x0000000788fb0000)
 PSPermGen       total 27072K, used 12016K [0x000000077d000000, 0x000000077ea70000, 0x0000000782200000)
  object space 27072K, 44% used [0x000000077d000000,0x000000077dbbc048,0x000000077ea70000)
}
Event: 88.891 GC heap before
{Heap before GC invocations=28 (full 2):
 PSYoungGen      total 234240K, used 202475K [0x00000007d60b0000, 0x00000007ed070000, 0x0000000800000000)
  eden space 124288K, 99% used [0x00000007d60b0000,0x00000007dd989510,0x00000007dda10000)
  from space 109952K, 71% used [0x00000007dda10000,0x00000007e26f1770,0x00000007e4570000)
  to   space 115328K, 0% used [0x00000007e5fd0000,0x00000007e5fd0000,0x00000007ed070000)
 ParOldGen       total 112320K, used 82878K [0x0000000782200000, 0x0000000788fb0000, 0x00000007d60b0000)
  object space 112320K, 73% used [0x0000000782200000,0x00000007872ef920,0x0000000788fb0000)
 PSPermGen       total 27072K, used 12024K [0x000000077d000000, 0x000000077ea70000, 0x0000000782200000)
  object space 27072K, 44% used [0x000000077d000000,0x000000077dbbe008,0x000000077ea70000)
Event: 88.927 GC heap after
Heap after GC invocations=28 (full 2):
 PSYoungGen      total 255616K, used 82970K [0x00000007d60b0000, 0x00000007edb60000, 0x0000000800000000)
  eden space 140288K, 0% used [0x00000007d60b0000,0x00000007d60b0000,0x00000007de9b0000)
  from space 115328K, 71% used [0x00000007e5fd0000,0x00000007eb0d68e0,0x00000007ed070000)
  to   space 120960K, 0% used [0x00000007de9b0000,0x00000007de9b0000,0x00000007e5fd0000)
 ParOldGen       total 112320K, used 82918K [0x0000000782200000, 0x0000000788fb0000, 0x00000007d60b0000)
  object space 112320K, 73% used [0x0000000782200000,0x00000007872f9920,0x0000000788fb0000)
 PSPermGen       total 27072K, used 12024K [0x000000077d000000, 0x000000077ea70000, 0x0000000782200000)
  object space 27072K, 44% used [0x000000077d000000,0x000000077dbbe008,0x000000077ea70000)
}
Event: 93.792 GC heap before
{Heap before GC invocations=29 (full 2):
 PSYoungGen      total 255616K, used 223258K [0x00000007d60b0000, 0x00000007edb60000, 0x0000000800000000)
  eden space 140288K, 100% used [0x00000007d60b0000,0x00000007de9b0000,0x00000007de9b0000)
  from space 115328K, 71% used [0x00000007e5fd0000,0x00000007eb0d68e0,0x00000007ed070000)
  to   space 120960K, 0% used [0x00000007de9b0000,0x00000007de9b0000,0x00000007e5fd0000)
 ParOldGen       total 112320K, used 82922K [0x0000000782200000, 0x0000000788fb0000, 0x00000007d60b0000)
  object space 112320K, 73% used [0x0000000782200000,0x00000007872faad0,0x0000000788fb0000)
 PSPermGen       total 27072K, used 12065K [0x000000077d000000, 0x000000077ea70000, 0x0000000782200000)
  object space 27072K, 44% used [0x000000077d000000,0x000000077dbc87a8,0x000000077ea70000)
Event: 93.842 GC heap after
Heap after GC invocations=29 (full 2):
 PSYoungGen      total 261248K, used 97561K [0x00000007d60b0000, 0x00000007f01d0000, 0x0000000800000000)
  eden space 140288K, 0% used [0x00000007d60b0000,0x00000007d60b0000,0x00000007de9b0000)
  from space 120960K, 80% used [0x00000007de9b0000,0x00000007e48f6560,0x00000007e5fd0000)
  to   space 130496K, 0% used [0x00000007e8260000,0x00000007e8260000,0x00000007f01d0000)
 ParOldGen       total 112320K, used 82954K [0x0000000782200000, 0x0000000788fb0000, 0x00000007d60b0000)
  object space 112320K, 73% used [0x0000000782200000,0x0000000787302ad0,0x0000000788fb0000)
 PSPermGen       total 27072K, used 12065K [0x000000077d000000, 0x000000077ea70000, 0x0000000782200000)
  object space 27072K, 44% used [0x000000077d000000,0x000000077dbc87a8,0x000000077ea70000)
}
Event: 103.734 GC heap before
{Heap before GC invocations=30 (full 2):
 PSYoungGen      total 261248K, used 237849K [0x00000007d60b0000, 0x00000007f01d0000, 0x0000000800000000)
  eden space 140288K, 100% used [0x00000007d60b0000,0x00000007de9b0000,0x00000007de9b0000)
  from space 120960K, 80% used [0x00000007de9b0000,0x00000007e48f6560,0x00000007e5fd0000)
  to   space 130496K, 0% used [0x00000007e8260000,0x00000007e8260000,0x00000007f01d0000)
 ParOldGen       total 112320K, used 82954K [0x0000000782200000, 0x0000000788fb0000, 0x00000007d60b0000)
  object space 112320K, 73% used [0x0000000782200000,0x0000000787302ad0,0x0000000788fb0000)
 PSPermGen       total 27072K, used 12067K [0x000000077d000000, 0x000000077ea70000, 0x0000000782200000)
  object space 27072K, 44% used [0x000000077d000000,0x000000077dbc8df0,0x000000077ea70000)
Event: 103.789 GC heap after
Heap after GC invocations=30 (full 2):
 PSYoungGen      total 293120K, used 86945K [0x00000007d60b0000, 0x00000007f0820000, 0x0000000800000000)
  eden space 162624K, 0% used [0x00000007d60b0000,0x00000007d60b0000,0x00000007dff80000)
  from space 130496K, 66% used [0x00000007e8260000,0x00000007ed748480,0x00000007f01d0000)
  to   space 134016K, 0% used [0x00000007dff80000,0x00000007dff80000,0x00000007e8260000)
 ParOldGen       total 112320K, used 83010K [0x0000000782200000, 0x0000000788fb0000, 0x00000007d60b0000)
  object space 112320K, 73% used [0x0000000782200000,0x0000000787310ad0,0x0000000788fb0000)
 PSPermGen       total 27072K, used 12067K [0x000000077d000000, 0x000000077ea70000, 0x0000000782200000)
  object space 27072K, 44% used [0x000000077d000000,0x000000077dbc8df0,0x000000077ea70000)
}

