# JRE version: 7.0_09-b05
# Java VM: Java HotSpot(TM) 64-Bit Server VM (23.5-b02 mixed mode windows-amd64 compressed oops)
Heap
 PSYoungGen      total 229504K, used 120215K [0x00000007d60b0000, 0x00000007ec950000, 0x0000000800000000)
  eden space 131328K, 47% used [0x00000007d60b0000,0x00000007d9e0eb38,0x00000007de0f0000)
  from space 98176K, 58% used [0x00000007de0f0000,0x00000007e18f7370,0x00000007e40d0000)
  to   space 99264K, 0% used [0x00000007e6860000,0x00000007e6860000,0x00000007ec950000)
 ParOldGen       total 134016K, used 88055K [0x0000000782200000, 0x000000078a4e0000, 0x00000007d60b0000)
  object space 134016K, 65% used [0x0000000782200000,0x00000007877fdc40,0x000000078a4e0000)
 PSPermGen       total 26624K, used 12043K [0x000000077d000000, 0x000000077ea00000, 0x0000000782200000)
  object space 26624K, 45% used [0x000000077d000000,0x000000077dbc2c98,0x000000077ea00000)
GC Heap History (10 events):
Event: 19.956 GC heap before
{Heap before GC invocations=9 (full 2):
 PSYoungGen      total 118528K, used 111812K [0x00000007d60b0000, 0x00000007e1eb0000, 0x0000000800000000)
  eden space 70144K, 100% used [0x00000007d60b0000,0x00000007da530000,0x00000007da530000)
  from space 48384K, 86% used [0x00000007ddd00000,0x00000007e05b1290,0x00000007e0c40000)
  to   space 57152K, 0% used [0x00000007da530000,0x00000007da530000,0x00000007ddd00000)
 ParOldGen       total 134016K, used 78094K [0x0000000782200000, 0x000000078a4e0000, 0x00000007d60b0000)
  object space 134016K, 58% used [0x0000000782200000,0x0000000786e43a98,0x000000078a4e0000)
 PSPermGen       total 26624K, used 11946K [0x000000077d000000, 0x000000077ea00000, 0x0000000782200000)
  object space 26624K, 44% used [0x000000077d000000,0x000000077dbaaa88,0x000000077ea00000)
Event: 20.017 GC heap after
Heap after GC invocations=9 (full 2):
 PSYoungGen      total 127296K, used 56320K [0x00000007d60b0000, 0x00000007e54a0000, 0x0000000800000000)
  eden space 70144K, 0% used [0x00000007d60b0000,0x00000007d60b0000,0x00000007da530000)
  from space 57152K, 98% used [0x00000007da530000,0x00000007ddc30380,0x00000007ddd00000)
  to   space 69760K, 0% used [0x00000007e1080000,0x00000007e1080000,0x00000007e54a0000)
 ParOldGen       total 134016K, used 78094K [0x0000000782200000, 0x000000078a4e0000, 0x00000007d60b0000)
  object space 134016K, 58% used [0x0000000782200000,0x0000000786e43a98,0x000000078a4e0000)
 PSPermGen       total 26624K, used 11946K [0x000000077d000000, 0x000000077ea00000, 0x0000000782200000)
  object space 26624K, 44% used [0x000000077d000000,0x000000077dbaaa88,0x000000077ea00000)
}
Event: 23.782 GC heap before
{Heap before GC invocations=10 (full 2):
 PSYoungGen      total 127296K, used 126464K [0x00000007d60b0000, 0x00000007e54a0000, 0x0000000800000000)
  eden space 70144K, 100% used [0x00000007d60b0000,0x00000007da530000,0x00000007da530000)
  from space 57152K, 98% used [0x00000007da530000,0x00000007ddc30380,0x00000007ddd00000)
  to   space 69760K, 0% used [0x00000007e1080000,0x00000007e1080000,0x00000007e54a0000)
 ParOldGen       total 134016K, used 79896K [0x0000000782200000, 0x000000078a4e0000, 0x00000007d60b0000)
  object space 134016K, 59% used [0x0000000782200000,0x0000000787006370,0x000000078a4e0000)
 PSPermGen       total 26624K, used 11968K [0x000000077d000000, 0x000000077ea00000, 0x0000000782200000)
  object space 26624K, 44% used [0x000000077d000000,0x000000077dbb01d8,0x000000077ea00000)
Event: 23.847 GC heap after
Heap after GC invocations=10 (full 2):
 PSYoungGen      total 172032K, used 56384K [0x00000007d60b0000, 0x00000007e6540000, 0x0000000800000000)
  eden space 102272K, 0% used [0x00000007d60b0000,0x00000007d60b0000,0x00000007dc490000)
  from space 69760K, 80% used [0x00000007e1080000,0x00000007e4790380,0x00000007e54a0000)
  to   space 77760K, 0% used [0x00000007dc490000,0x00000007dc490000,0x00000007e1080000)
 ParOldGen       total 134016K, used 79896K [0x0000000782200000, 0x000000078a4e0000, 0x00000007d60b0000)
  object space 134016K, 59% used [0x0000000782200000,0x0000000787006370,0x000000078a4e0000)
 PSPermGen       total 26624K, used 11968K [0x000000077d000000, 0x000000077ea00000, 0x0000000782200000)
  object space 26624K, 44% used [0x000000077d000000,0x000000077dbb01d8,0x000000077ea00000)
}
Event: 29.004 GC heap before
{Heap before GC invocations=11 (full 2):
 PSYoungGen      total 172032K, used 157966K [0x00000007d60b0000, 0x00000007e6540000, 0x0000000800000000)
  eden space 102272K, 99% used [0x00000007d60b0000,0x00000007dc3e3518,0x00000007dc490000)
  from space 69760K, 80% used [0x00000007e1080000,0x00000007e4790380,0x00000007e54a0000)
  to   space 77760K, 0% used [0x00000007dc490000,0x00000007dc490000,0x00000007e1080000)
 ParOldGen       total 134016K, used 80796K [0x0000000782200000, 0x000000078a4e0000, 0x00000007d60b0000)
  object space 134016K, 60% used [0x0000000782200000,0x00000007870e7380,0x000000078a4e0000)
 PSPermGen       total 26624K, used 11973K [0x000000077d000000, 0x000000077ea00000, 0x0000000782200000)
  object space 26624K, 44% used [0x000000077d000000,0x000000077dbb1698,0x000000077ea00000)
Event: 29.067 GC heap after
Heap after GC invocations=11 (full 2):
 PSYoungGen      total 180032K, used 77529K [0x00000007d60b0000, 0x00000007e9a80000, 0x0000000800000000)
  eden space 102272K, 0% used [0x00000007d60b0000,0x00000007d60b0000,0x00000007dc490000)
  from space 77760K, 99% used [0x00000007dc490000,0x00000007e10464e0,0x00000007e1080000)
  to   space 91840K, 0% used [0x00000007e40d0000,0x00000007e40d0000,0x00000007e9a80000)
 ParOldGen       total 134016K, used 84288K [0x0000000782200000, 0x000000078a4e0000, 0x00000007d60b0000)
  object space 134016K, 62% used [0x0000000782200000,0x00000007874503b0,0x000000078a4e0000)
 PSPermGen       total 26624K, used 11973K [0x000000077d000000, 0x000000077ea00000, 0x0000000782200000)
  object space 26624K, 44% used [0x000000077d000000,0x000000077dbb1698,0x000000077ea00000)
}
Event: 36.880 GC heap before
{Heap before GC invocations=12 (full 2):
 PSYoungGen      total 180032K, used 179801K [0x00000007d60b0000, 0x00000007e9a80000, 0x0000000800000000)
  eden space 102272K, 100% used [0x00000007d60b0000,0x00000007dc490000,0x00000007dc490000)
  from space 77760K, 99% used [0x00000007dc490000,0x00000007e10464e0,0x00000007e1080000)
  to   space 91840K, 0% used [0x00000007e40d0000,0x00000007e40d0000,0x00000007e9a80000)
 ParOldGen       total 134016K, used 86991K [0x0000000782200000, 0x000000078a4e0000, 0x00000007d60b0000)
  object space 134016K, 64% used [0x0000000782200000,0x00000007876f3d68,0x000000078a4e0000)
 PSPermGen       total 26624K, used 12007K [0x000000077d000000, 0x000000077ea00000, 0x0000000782200000)
  object space 26624K, 45% used [0x000000077d000000,0x000000077dbb9e38,0x000000077ea00000)
Event: 36.958 GC heap after
Heap after GC invocations=12 (full 2):
 PSYoungGen      total 223168K, used 67525K [0x00000007d60b0000, 0x00000007ea5d0000, 0x0000000800000000)
  eden space 131328K, 0% used [0x00000007d60b0000,0x00000007d60b0000,0x00000007de0f0000)
  from space 91840K, 73% used [0x00000007e40d0000,0x00000007e82c1410,0x00000007e9a80000)
  to   space 98176K, 0% used [0x00000007de0f0000,0x00000007de0f0000,0x00000007e40d0000)
 ParOldGen       total 134016K, used 87023K [0x0000000782200000, 0x000000078a4e0000, 0x00000007d60b0000)
  object space 134016K, 64% used [0x0000000782200000,0x00000007876fbd68,0x000000078a4e0000)
 PSPermGen       total 26624K, used 12007K [0x000000077d000000, 0x000000077ea00000, 0x0000000782200000)
  object space 26624K, 45% used [0x000000077d000000,0x000000077dbb9e38,0x000000077ea00000)
}
Event: 60.255 GC heap before
{Heap before GC invocations=13 (full 2):
 PSYoungGen      total 223168K, used 198853K [0x00000007d60b0000, 0x00000007ea5d0000, 0x0000000800000000)
  eden space 131328K, 100% used [0x00000007d60b0000,0x00000007de0f0000,0x00000007de0f0000)
  from space 91840K, 73% used [0x00000007e40d0000,0x00000007e82c1410,0x00000007e9a80000)
  to   space 98176K, 0% used [0x00000007de0f0000,0x00000007de0f0000,0x00000007e40d0000)
 ParOldGen       total 134016K, used 87927K [0x0000000782200000, 0x000000078a4e0000, 0x00000007d60b0000)
  object space 134016K, 65% used [0x0000000782200000,0x00000007877ddc40,0x000000078a4e0000)
 PSPermGen       total 26624K, used 12038K [0x000000077d000000, 0x000000077ea00000, 0x0000000782200000)
  object space 26624K, 45% used [0x000000077d000000,0x000000077dbc1b70,0x000000077ea00000)
Event: 60.303 GC heap after
Heap after GC invocations=13 (full 2):
 PSYoungGen      total 229504K, used 57372K [0x00000007d60b0000, 0x00000007ec950000, 0x0000000800000000)
  eden space 131328K, 0% used [0x00000007d60b0000,0x00000007d60b0000,0x00000007de0f0000)
  from space 98176K, 58% used [0x00000007de0f0000,0x00000007e18f7370,0x00000007e40d0000)
  to   space 99264K, 0% used [0x00000007e6860000,0x00000007e6860000,0x00000007ec950000)
 ParOldGen       total 134016K, used 88055K [0x0000000782200000, 0x000000078a4e0000, 0x00000007d60b0000)
  object space 134016K, 65% used [0x0000000782200000,0x00000007877fdc40,0x000000078a4e0000)
 PSPermGen       total 26624K, used 12038K [0x000000077d000000, 0x000000077ea00000, 0x0000000782200000)
  object space 26624K, 45% used [0x000000077d000000,0x000000077dbc1b70,0x000000077ea00000)
}

