# JRE version: 7.0_09-b05
# Java VM: Java HotSpot(TM) 64-Bit Server VM (23.5-b02 mixed mode windows-amd64 compressed oops)
Heap
 PSYoungGen      total 454592K, used 329060K [0x00000007d60b0000, 0x0000000800000000, 0x0000000800000000)
  eden space 229184K, 65% used [0x00000007d60b0000,0x00000007df2a9450,0x00000007e4080000)
  from space 225408K, 79% used [0x00000007f23e0000,0x00000007fd33fcb0,0x0000000800000000)
  to   space 229120K, 0% used [0x00000007e4080000,0x00000007e4080000,0x00000007f2040000)
 ParOldGen       total 270080K, used 148801K [0x0000000782200000, 0x00000007929c0000, 0x00000007d60b0000)
  object space 270080K, 55% used [0x0000000782200000,0x000000078b3505e0,0x00000007929c0000)
 PSPermGen       total 24832K, used 12077K [0x000000077d000000, 0x000000077e840000, 0x0000000782200000)
  object space 24832K, 48% used [0x000000077d000000,0x000000077dbcb698,0x000000077e840000)
GC Heap History (10 events):
Event: 42.854 GC heap before
{Heap before GC invocations=16 (full 4):
 PSYoungGen      total 266368K, used 152832K [0x00000007d60b0000, 0x00000007f2fe0000, 0x0000000800000000)
  eden space 152832K, 100% used [0x00000007d60b0000,0x00000007df5f0000,0x00000007df5f0000)
  from space 113536K, 0% used [0x00000007df5f0000,0x00000007df5f0000,0x00000007e64d0000)
  to   space 133184K, 0% used [0x00000007eadd0000,0x00000007eadd0000,0x00000007f2fe0000)
 ParOldGen       total 270080K, used 147332K [0x0000000782200000, 0x00000007929c0000, 0x00000007d60b0000)
  object space 270080K, 54% used [0x0000000782200000,0x000000078b1e11d0,0x00000007929c0000)
 PSPermGen       total 24832K, used 11996K [0x000000077d000000, 0x000000077e840000, 0x0000000782200000)
  object space 24832K, 48% used [0x000000077d000000,0x000000077dbb72f8,0x000000077e840000)
Event: 42.905 GC heap after
Heap after GC invocations=16 (full 4):
 PSYoungGen      total 319104K, used 130354K [0x00000007d60b0000, 0x00000007f5e50000, 0x0000000800000000)
  eden space 185920K, 0% used [0x00000007d60b0000,0x00000007d60b0000,0x00000007e1640000)
  from space 133184K, 97% used [0x00000007eadd0000,0x00000007f2d1c8c0,0x00000007f2fe0000)
  to   space 155200K, 0% used [0x00000007e1640000,0x00000007e1640000,0x00000007eadd0000)
 ParOldGen       total 270080K, used 147332K [0x0000000782200000, 0x00000007929c0000, 0x00000007d60b0000)
  object space 270080K, 54% used [0x0000000782200000,0x000000078b1e11d0,0x00000007929c0000)
 PSPermGen       total 24832K, used 11996K [0x000000077d000000, 0x000000077e840000, 0x0000000782200000)
  object space 24832K, 48% used [0x000000077d000000,0x000000077dbb72f8,0x000000077e840000)
}
Event: 48.825 GC heap before
{Heap before GC invocations=17 (full 4):
 PSYoungGen      total 319104K, used 316274K [0x00000007d60b0000, 0x00000007f5e50000, 0x0000000800000000)
  eden space 185920K, 100% used [0x00000007d60b0000,0x00000007e1640000,0x00000007e1640000)
  from space 133184K, 97% used [0x00000007eadd0000,0x00000007f2d1c8c0,0x00000007f2fe0000)
  to   space 155200K, 0% used [0x00000007e1640000,0x00000007e1640000,0x00000007eadd0000)
 ParOldGen       total 270080K, used 147335K [0x0000000782200000, 0x00000007929c0000, 0x00000007d60b0000)
  object space 270080K, 54% used [0x0000000782200000,0x000000078b1e1e00,0x00000007929c0000)
 PSPermGen       total 24832K, used 12014K [0x000000077d000000, 0x000000077e840000, 0x0000000782200000)
  object space 24832K, 48% used [0x000000077d000000,0x000000077dbbbba0,0x000000077e840000)
Event: 48.881 GC heap after
Heap after GC invocations=17 (full 4):
 PSYoungGen      total 341120K, used 154186K [0x00000007d60b0000, 0x00000007fbec0000, 0x0000000800000000)
  eden space 185920K, 0% used [0x00000007d60b0000,0x00000007d60b0000,0x00000007e1640000)
  from space 155200K, 99% used [0x00000007e1640000,0x00000007eacd2920,0x00000007eadd0000)
  to   space 181632K, 0% used [0x00000007f0d60000,0x00000007f0d60000,0x00000007fbec0000)
 ParOldGen       total 270080K, used 147367K [0x0000000782200000, 0x00000007929c0000, 0x00000007d60b0000)
  object space 270080K, 54% used [0x0000000782200000,0x000000078b1e9e00,0x00000007929c0000)
 PSPermGen       total 24832K, used 12014K [0x000000077d000000, 0x000000077e840000, 0x0000000782200000)
  object space 24832K, 48% used [0x000000077d000000,0x000000077dbbbba0,0x000000077e840000)
}
Event: 54.485 GC heap before
{Heap before GC invocations=18 (full 4):
 PSYoungGen      total 341120K, used 340106K [0x00000007d60b0000, 0x00000007fbec0000, 0x0000000800000000)
  eden space 185920K, 100% used [0x00000007d60b0000,0x00000007e1640000,0x00000007e1640000)
  from space 155200K, 99% used [0x00000007e1640000,0x00000007eacd2920,0x00000007eadd0000)
  to   space 181632K, 0% used [0x00000007f0d60000,0x00000007f0d60000,0x00000007fbec0000)
 ParOldGen       total 270080K, used 147399K [0x0000000782200000, 0x00000007929c0000, 0x00000007d60b0000)
  object space 270080K, 54% used [0x0000000782200000,0x000000078b1f1c88,0x00000007929c0000)
 PSPermGen       total 24832K, used 12033K [0x000000077d000000, 0x000000077e840000, 0x0000000782200000)
  object space 24832K, 48% used [0x000000077d000000,0x000000077dbc04e0,0x000000077e840000)
Event: 54.589 GC heap after
Heap after GC invocations=18 (full 4):
 PSYoungGen      total 420160K, used 148009K [0x00000007d60b0000, 0x00000007fe890000, 0x0000000800000000)
  eden space 238528K, 0% used [0x00000007d60b0000,0x00000007d60b0000,0x00000007e49a0000)
  from space 181632K, 81% used [0x00000007f0d60000,0x00000007f9dea720,0x00000007fbec0000)
  to   space 200448K, 0% used [0x00000007e49a0000,0x00000007e49a0000,0x00000007f0d60000)
 ParOldGen       total 270080K, used 147503K [0x0000000782200000, 0x00000007929c0000, 0x00000007d60b0000)
  object space 270080K, 54% used [0x0000000782200000,0x000000078b20bc88,0x00000007929c0000)
 PSPermGen       total 24832K, used 12033K [0x000000077d000000, 0x000000077e840000, 0x0000000782200000)
  object space 24832K, 48% used [0x000000077d000000,0x000000077dbc04e0,0x000000077e840000)
}
Event: 63.987 GC heap before
{Heap before GC invocations=19 (full 4):
 PSYoungGen      total 420160K, used 386537K [0x00000007d60b0000, 0x00000007fe890000, 0x0000000800000000)
  eden space 238528K, 100% used [0x00000007d60b0000,0x00000007e49a0000,0x00000007e49a0000)
  from space 181632K, 81% used [0x00000007f0d60000,0x00000007f9dea720,0x00000007fbec0000)
  to   space 200448K, 0% used [0x00000007e49a0000,0x00000007e49a0000,0x00000007f0d60000)
 ParOldGen       total 270080K, used 147805K [0x0000000782200000, 0x00000007929c0000, 0x00000007d60b0000)
  object space 270080K, 54% used [0x0000000782200000,0x000000078b2575e8,0x00000007929c0000)
 PSPermGen       total 24832K, used 12044K [0x000000077d000000, 0x000000077e840000, 0x0000000782200000)
  object space 24832K, 48% used [0x000000077d000000,0x000000077dbc31a0,0x000000077e840000)
Event: 64.078 GC heap after
Heap after GC invocations=19 (full 4):
 PSYoungGen      total 438976K, used 175547K [0x00000007d60b0000, 0x0000000800000000, 0x0000000800000000)
  eden space 238528K, 0% used [0x00000007d60b0000,0x00000007d60b0000,0x00000007e49a0000)
  from space 200448K, 87% used [0x00000007e49a0000,0x00000007ef50ec80,0x00000007f0d60000)
  to   space 225408K, 0% used [0x00000007f23e0000,0x00000007f23e0000,0x0000000800000000)
 ParOldGen       total 270080K, used 147869K [0x0000000782200000, 0x00000007929c0000, 0x00000007d60b0000)
  object space 270080K, 54% used [0x0000000782200000,0x000000078b2675e8,0x00000007929c0000)
 PSPermGen       total 24832K, used 12044K [0x000000077d000000, 0x000000077e840000, 0x0000000782200000)
  object space 24832K, 48% used [0x000000077d000000,0x000000077dbc31a0,0x000000077e840000)
}
Event: 73.303 GC heap before
{Heap before GC invocations=20 (full 4):
 PSYoungGen      total 438976K, used 414075K [0x00000007d60b0000, 0x0000000800000000, 0x0000000800000000)
  eden space 238528K, 100% used [0x00000007d60b0000,0x00000007e49a0000,0x00000007e49a0000)
  from space 200448K, 87% used [0x00000007e49a0000,0x00000007ef50ec80,0x00000007f0d60000)
  to   space 225408K, 0% used [0x00000007f23e0000,0x00000007f23e0000,0x0000000800000000)
 ParOldGen       total 270080K, used 148777K [0x0000000782200000, 0x00000007929c0000, 0x00000007d60b0000)
  object space 270080K, 55% used [0x0000000782200000,0x000000078b34a5e0,0x00000007929c0000)
 PSPermGen       total 24832K, used 12065K [0x000000077d000000, 0x000000077e840000, 0x0000000782200000)
  object space 24832K, 48% used [0x000000077d000000,0x000000077dbc8700,0x000000077e840000)
Event: 73.416 GC heap after
Heap after GC invocations=20 (full 4):
 PSYoungGen      total 454592K, used 179583K [0x00000007d60b0000, 0x0000000800000000, 0x0000000800000000)
  eden space 229184K, 0% used [0x00000007d60b0000,0x00000007d60b0000,0x00000007e4080000)
  from space 225408K, 79% used [0x00000007f23e0000,0x00000007fd33fcb0,0x0000000800000000)
  to   space 229120K, 0% used [0x00000007e4080000,0x00000007e4080000,0x00000007f2040000)
 ParOldGen       total 270080K, used 148801K [0x0000000782200000, 0x00000007929c0000, 0x00000007d60b0000)
  object space 270080K, 55% used [0x0000000782200000,0x000000078b3505e0,0x00000007929c0000)
 PSPermGen       total 24832K, used 12065K [0x000000077d000000, 0x000000077e840000, 0x0000000782200000)
  object space 24832K, 48% used [0x000000077d000000,0x000000077dbc8700,0x000000077e840000)
}

