# JRE version: 7.0_09-b05
# Java VM: Java HotSpot(TM) 64-Bit Server VM (23.5-b02 mixed mode windows-amd64 compressed oops)
Heap
 PSYoungGen      total 377152K, used 280919K [0x00000007d60b0000, 0x0000000800000000, 0x0000000800000000)
  eden space 240064K, 59% used [0x00000007d60b0000,0x00000007ded2e768,0x00000007e4b20000)
  from space 137088K, 99% used [0x00000007e4b20000,0x00000007ed0f76f0,0x00000007ed100000)
  to   space 229120K, 0% used [0x00000007f2040000,0x00000007f2040000,0x0000000800000000)
 ParOldGen       total 248384K, used 149848K [0x0000000782200000, 0x0000000791490000, 0x00000007d60b0000)
  object space 248384K, 60% used [0x0000000782200000,0x000000078b456088,0x0000000791490000)
 PSPermGen       total 24832K, used 12080K [0x000000077d000000, 0x000000077e840000, 0x0000000782200000)
  object space 24832K, 48% used [0x000000077d000000,0x000000077dbcc300,0x000000077e840000)
GC Heap History (10 events):
Event: 36.631 GC heap before
{Heap before GC invocations=15 (full 4):
 PSYoungGen      total 291456K, used 174972K [0x00000007d60b0000, 0x00000007f29e0000, 0x0000000800000000)
  eden space 175296K, 99% used [0x00000007d60b0000,0x00000007e0b8f040,0x00000007e0be0000)
  from space 116160K, 0% used [0x00000007e9150000,0x00000007e9150000,0x00000007f02c0000)
  to   space 136640K, 0% used [0x00000007e0be0000,0x00000007e0be0000,0x00000007e9150000)
 ParOldGen       total 248384K, used 132897K [0x0000000782200000, 0x0000000791490000, 0x00000007d60b0000)
  object space 248384K, 53% used [0x0000000782200000,0x000000078a3c8628,0x0000000791490000)
 PSPermGen       total 24832K, used 11982K [0x000000077d000000, 0x000000077e840000, 0x0000000782200000)
  object space 24832K, 48% used [0x000000077d000000,0x000000077dbb3a78,0x000000077e840000)
Event: 36.679 GC heap after
Heap after GC invocations=15 (full 4):
 PSYoungGen      total 311936K, used 136534K [0x00000007d60b0000, 0x00000007f8b30000, 0x0000000800000000)
  eden space 175296K, 0% used [0x00000007d60b0000,0x00000007d60b0000,0x00000007e0be0000)
  from space 136640K, 99% used [0x00000007e0be0000,0x00000007e91358d0,0x00000007e9150000)
  to   space 160640K, 0% used [0x00000007eee50000,0x00000007eee50000,0x00000007f8b30000)
 ParOldGen       total 248384K, used 144597K [0x0000000782200000, 0x0000000791490000, 0x00000007d60b0000)
  object space 248384K, 58% used [0x0000000782200000,0x000000078af356f8,0x0000000791490000)
 PSPermGen       total 24832K, used 11982K [0x000000077d000000, 0x000000077e840000, 0x0000000782200000)
  object space 24832K, 48% used [0x000000077d000000,0x000000077dbb3a78,0x000000077e840000)
}
Event: 42.283 GC heap before
{Heap before GC invocations=16 (full 4):
 PSYoungGen      total 311936K, used 311830K [0x00000007d60b0000, 0x00000007f8b30000, 0x0000000800000000)
  eden space 175296K, 100% used [0x00000007d60b0000,0x00000007e0be0000,0x00000007e0be0000)
  from space 136640K, 99% used [0x00000007e0be0000,0x00000007e91358d0,0x00000007e9150000)
  to   space 160640K, 0% used [0x00000007eee50000,0x00000007eee50000,0x00000007f8b30000)
 ParOldGen       total 248384K, used 147300K [0x0000000782200000, 0x0000000791490000, 0x00000007d60b0000)
  object space 248384K, 59% used [0x0000000782200000,0x000000078b1d9120,0x0000000791490000)
 PSPermGen       total 24832K, used 12011K [0x000000077d000000, 0x000000077e840000, 0x0000000782200000)
  object space 24832K, 48% used [0x000000077d000000,0x000000077dbbad48,0x000000077e840000)
Event: 42.346 GC heap after
Heap after GC invocations=16 (full 4):
 PSYoungGen      total 384000K, used 147462K [0x00000007d60b0000, 0x00000007fb810000, 0x0000000800000000)
  eden space 223360K, 0% used [0x00000007d60b0000,0x00000007d60b0000,0x00000007e3ad0000)
  from space 160640K, 91% used [0x00000007eee50000,0x00000007f7e51990,0x00000007f8b30000)
  to   space 183808K, 0% used [0x00000007e3ad0000,0x00000007e3ad0000,0x00000007eee50000)
 ParOldGen       total 248384K, used 147332K [0x0000000782200000, 0x0000000791490000, 0x00000007d60b0000)
  object space 248384K, 59% used [0x0000000782200000,0x000000078b1e1120,0x0000000791490000)
 PSPermGen       total 24832K, used 12011K [0x000000077d000000, 0x000000077e840000, 0x0000000782200000)
  object space 24832K, 48% used [0x000000077d000000,0x000000077dbbad48,0x000000077e840000)
}
Event: 52.736 GC heap before
{Heap before GC invocations=17 (full 4):
 PSYoungGen      total 384000K, used 370822K [0x00000007d60b0000, 0x00000007fb810000, 0x0000000800000000)
  eden space 223360K, 100% used [0x00000007d60b0000,0x00000007e3ad0000,0x00000007e3ad0000)
  from space 160640K, 91% used [0x00000007eee50000,0x00000007f7e51990,0x00000007f8b30000)
  to   space 183808K, 0% used [0x00000007e3ad0000,0x00000007e3ad0000,0x00000007eee50000)
 ParOldGen       total 248384K, used 147935K [0x0000000782200000, 0x0000000791490000, 0x00000007d60b0000)
  object space 248384K, 59% used [0x0000000782200000,0x000000078b277fb0,0x0000000791490000)
 PSPermGen       total 24832K, used 12032K [0x000000077d000000, 0x000000077e840000, 0x0000000782200000)
  object space 24832K, 48% used [0x000000077d000000,0x000000077dbc0078,0x000000077e840000)
Event: 52.793 GC heap after
Heap after GC invocations=17 (full 4):
 PSYoungGen      total 407168K, used 159356K [0x00000007d60b0000, 0x0000000800000000, 0x0000000800000000)
  eden space 223360K, 0% used [0x00000007d60b0000,0x00000007d60b0000,0x00000007e3ad0000)
  from space 183808K, 86% used [0x00000007e3ad0000,0x00000007ed66f0e0,0x00000007eee50000)
  to   space 206656K, 0% used [0x00000007f3630000,0x00000007f3630000,0x0000000800000000)
 ParOldGen       total 248384K, used 147959K [0x0000000782200000, 0x0000000791490000, 0x00000007d60b0000)
  object space 248384K, 59% used [0x0000000782200000,0x000000078b27dfb0,0x0000000791490000)
 PSPermGen       total 24832K, used 12032K [0x000000077d000000, 0x000000077e840000, 0x0000000782200000)
  object space 24832K, 48% used [0x000000077d000000,0x000000077dbc0078,0x000000077e840000)
}
Event: 63.416 GC heap before
{Heap before GC invocations=18 (full 4):
 PSYoungGen      total 407168K, used 382532K [0x00000007d60b0000, 0x0000000800000000, 0x0000000800000000)
  eden space 223360K, 99% used [0x00000007d60b0000,0x00000007e3aa22c0,0x00000007e3ad0000)
  from space 183808K, 86% used [0x00000007e3ad0000,0x00000007ed66f0e0,0x00000007eee50000)
  to   space 206656K, 0% used [0x00000007f3630000,0x00000007f3630000,0x0000000800000000)
 ParOldGen       total 248384K, used 148859K [0x0000000782200000, 0x0000000791490000, 0x00000007d60b0000)
  object space 248384K, 59% used [0x0000000782200000,0x000000078b35efc0,0x0000000791490000)
 PSPermGen       total 24832K, used 12068K [0x000000077d000000, 0x000000077e840000, 0x0000000782200000)
  object space 24832K, 48% used [0x000000077d000000,0x000000077dbc9210,0x000000077e840000)
Event: 63.515 GC heap after
Heap after GC invocations=18 (full 4):
 PSYoungGen      total 446720K, used 156662K [0x00000007d60b0000, 0x0000000800000000, 0x0000000800000000)
  eden space 240064K, 0% used [0x00000007d60b0000,0x00000007d60b0000,0x00000007e4b20000)
  from space 206656K, 75% used [0x00000007f3630000,0x00000007fcf2d8b0,0x0000000800000000)
  to   space 223680K, 0% used [0x00000007e4b20000,0x00000007e4b20000,0x00000007f2590000)
 ParOldGen       total 248384K, used 148915K [0x0000000782200000, 0x0000000791490000, 0x00000007d60b0000)
  object space 248384K, 59% used [0x0000000782200000,0x000000078b36cfc0,0x0000000791490000)
 PSPermGen       total 24832K, used 12068K [0x000000077d000000, 0x000000077e840000, 0x0000000782200000)
  object space 24832K, 48% used [0x000000077d000000,0x000000077dbc9210,0x000000077e840000)
}
Event: 79.879 GC heap before
{Heap before GC invocations=19 (full 4):
 PSYoungGen      total 446720K, used 396726K [0x00000007d60b0000, 0x0000000800000000, 0x0000000800000000)
  eden space 240064K, 100% used [0x00000007d60b0000,0x00000007e4b20000,0x00000007e4b20000)
  from space 206656K, 75% used [0x00000007f3630000,0x00000007fcf2d8b0,0x0000000800000000)
  to   space 223680K, 0% used [0x00000007e4b20000,0x00000007e4b20000,0x00000007f2590000)
 ParOldGen       total 248384K, used 149824K [0x0000000782200000, 0x0000000791490000, 0x00000007d60b0000)
  object space 248384K, 60% used [0x0000000782200000,0x000000078b450088,0x0000000791490000)
 PSPermGen       total 24832K, used 12077K [0x000000077d000000, 0x000000077e840000, 0x0000000782200000)
  object space 24832K, 48% used [0x000000077d000000,0x000000077dbcb5d0,0x000000077e840000)
Event: 79.959 GC heap after
Heap after GC invocations=19 (full 4):
 PSYoungGen      total 377152K, used 137053K [0x00000007d60b0000, 0x0000000800000000, 0x0000000800000000)
  eden space 240064K, 0% used [0x00000007d60b0000,0x00000007d60b0000,0x00000007e4b20000)
  from space 137088K, 99% used [0x00000007e4b20000,0x00000007ed0f76f0,0x00000007ed100000)
  to   space 229120K, 0% used [0x00000007f2040000,0x00000007f2040000,0x0000000800000000)
 ParOldGen       total 248384K, used 149848K [0x0000000782200000, 0x0000000791490000, 0x00000007d60b0000)
  object space 248384K, 60% used [0x0000000782200000,0x000000078b456088,0x0000000791490000)
 PSPermGen       total 24832K, used 12077K [0x000000077d000000, 0x000000077e840000, 0x0000000782200000)
  object space 24832K, 48% used [0x000000077d000000,0x000000077dbcb5d0,0x000000077e840000)
}

