# JRE version: 7.0_09-b05
# Java VM: Java HotSpot(TM) 64-Bit Server VM (23.5-b02 mixed mode windows-amd64 compressed oops)
Heap
 PSYoungGen      total 451264K, used 208341K [0x00000007d60b0000, 0x0000000800000000, 0x0000000800000000)
  eden space 267328K, 14% used [0x00000007d60b0000,0x00000007d875fd88,0x00000007e65c0000)
  from space 183936K, 91% used [0x00000007f3100000,0x00000007fd5c59d0,0x00000007fe4a0000)
  to   space 208128K, 0% used [0x00000007e65c0000,0x00000007e65c0000,0x00000007f3100000)
 ParOldGen       total 173312K, used 97508K [0x0000000782200000, 0x000000078cb40000, 0x00000007d60b0000)
  object space 173312K, 56% used [0x0000000782200000,0x0000000788139168,0x000000078cb40000)
 PSPermGen       total 27072K, used 12084K [0x000000077d000000, 0x000000077ea70000, 0x0000000782200000)
  object space 27072K, 44% used [0x000000077d000000,0x000000077dbcd010,0x000000077ea70000)
GC Heap History (10 events):
Event: 33.486 GC heap before
{Heap before GC invocations=10 (full 2):
 PSYoungGen      total 190592K, used 190545K [0x00000007d60b0000, 0x00000007ed6f0000, 0x0000000800000000)
  eden space 107584K, 100% used [0x00000007d60b0000,0x00000007dc9c0000,0x00000007dc9c0000)
  from space 83008K, 99% used [0x00000007dc9c0000,0x00000007e1ac4540,0x00000007e1ad0000)
  to   space 100160K, 0% used [0x00000007e7520000,0x00000007e7520000,0x00000007ed6f0000)
 ParOldGen       total 173312K, used 69453K [0x0000000782200000, 0x000000078cb40000, 0x00000007d60b0000)
  object space 173312K, 40% used [0x0000000782200000,0x00000007865d3538,0x000000078cb40000)
 PSPermGen       total 27072K, used 11978K [0x000000077d000000, 0x000000077ea70000, 0x0000000782200000)
  object space 27072K, 44% used [0x000000077d000000,0x000000077dbb2948,0x000000077ea70000)
Event: 33.580 GC heap after
Heap after GC invocations=10 (full 2):
 PSYoungGen      total 270080K, used 87753K [0x00000007d60b0000, 0x00000007eedf0000, 0x0000000800000000)
  eden space 169920K, 0% used [0x00000007d60b0000,0x00000007d60b0000,0x00000007e06a0000)
  from space 100160K, 87% used [0x00000007e7520000,0x00000007ecad25a0,0x00000007ed6f0000)
  to   space 113152K, 0% used [0x00000007e06a0000,0x00000007e06a0000,0x00000007e7520000)
 ParOldGen       total 173312K, used 69453K [0x0000000782200000, 0x000000078cb40000, 0x00000007d60b0000)
  object space 173312K, 40% used [0x0000000782200000,0x00000007865d3538,0x000000078cb40000)
 PSPermGen       total 27072K, used 11978K [0x000000077d000000, 0x000000077ea70000, 0x0000000782200000)
  object space 27072K, 44% used [0x000000077d000000,0x000000077dbb2948,0x000000077ea70000)
}
Event: 41.795 GC heap before
{Heap before GC invocations=11 (full 2):
 PSYoungGen      total 270080K, used 257558K [0x00000007d60b0000, 0x00000007eedf0000, 0x0000000800000000)
  eden space 169920K, 99% used [0x00000007d60b0000,0x00000007e0683578,0x00000007e06a0000)
  from space 100160K, 87% used [0x00000007e7520000,0x00000007ecad25a0,0x00000007ed6f0000)
  to   space 113152K, 0% used [0x00000007e06a0000,0x00000007e06a0000,0x00000007e7520000)
 ParOldGen       total 173312K, used 69453K [0x0000000782200000, 0x000000078cb40000, 0x00000007d60b0000)
  object space 173312K, 40% used [0x0000000782200000,0x00000007865d3538,0x000000078cb40000)
 PSPermGen       total 27072K, used 12000K [0x000000077d000000, 0x000000077ea70000, 0x0000000782200000)
  object space 27072K, 44% used [0x000000077d000000,0x000000077dbb82c8,0x000000077ea70000)
Event: 41.887 GC heap after
Heap after GC invocations=11 (full 2):
 PSYoungGen      total 283072K, used 113129K [0x00000007d60b0000, 0x00000007f5c60000, 0x0000000800000000)
  eden space 169920K, 0% used [0x00000007d60b0000,0x00000007d60b0000,0x00000007e06a0000)
  from space 113152K, 99% used [0x00000007e06a0000,0x00000007e751a720,0x00000007e7520000)
  to   space 142208K, 0% used [0x00000007ed180000,0x00000007ed180000,0x00000007f5c60000)
 ParOldGen       total 173312K, used 93809K [0x0000000782200000, 0x000000078cb40000, 0x00000007d60b0000)
  object space 173312K, 54% used [0x0000000782200000,0x0000000787d9c6e8,0x000000078cb40000)
 PSPermGen       total 27072K, used 12000K [0x000000077d000000, 0x000000077ea70000, 0x0000000782200000)
  object space 27072K, 44% used [0x000000077d000000,0x000000077dbb82c8,0x000000077ea70000)
}
Event: 50.043 GC heap before
{Heap before GC invocations=12 (full 2):
 PSYoungGen      total 283072K, used 282351K [0x00000007d60b0000, 0x00000007f5c60000, 0x0000000800000000)
  eden space 169920K, 99% used [0x00000007d60b0000,0x00000007e05f1728,0x00000007e06a0000)
  from space 113152K, 99% used [0x00000007e06a0000,0x00000007e751a720,0x00000007e7520000)
  to   space 142208K, 0% used [0x00000007ed180000,0x00000007ed180000,0x00000007f5c60000)
 ParOldGen       total 173312K, used 94709K [0x0000000782200000, 0x000000078cb40000, 0x00000007d60b0000)
  object space 173312K, 54% used [0x0000000782200000,0x0000000787e7d6f8,0x000000078cb40000)
 PSPermGen       total 27072K, used 12015K [0x000000077d000000, 0x000000077ea70000, 0x0000000782200000)
  object space 27072K, 44% used [0x000000077d000000,0x000000077dbbbcd0,0x000000077ea70000)
Event: 50.186 GC heap after
Heap after GC invocations=12 (full 2):
 PSYoungGen      total 357504K, used 134746K [0x00000007d60b0000, 0x00000007f8270000, 0x0000000800000000)
  eden space 215296K, 0% used [0x00000007d60b0000,0x00000007d60b0000,0x00000007e32f0000)
  from space 142208K, 94% used [0x00000007ed180000,0x00000007f5516860,0x00000007f5c60000)
  to   space 162368K, 0% used [0x00000007e32f0000,0x00000007e32f0000,0x00000007ed180000)
 ParOldGen       total 173312K, used 94733K [0x0000000782200000, 0x000000078cb40000, 0x00000007d60b0000)
  object space 173312K, 54% used [0x0000000782200000,0x0000000787e836f8,0x000000078cb40000)
 PSPermGen       total 27072K, used 12015K [0x000000077d000000, 0x000000077ea70000, 0x0000000782200000)
  object space 27072K, 44% used [0x000000077d000000,0x000000077dbbbcd0,0x000000077ea70000)
}
Event: 63.958 GC heap before
{Heap before GC invocations=13 (full 2):
 PSYoungGen      total 357504K, used 350042K [0x00000007d60b0000, 0x00000007f8270000, 0x0000000800000000)
  eden space 215296K, 100% used [0x00000007d60b0000,0x00000007e32f0000,0x00000007e32f0000)
  from space 142208K, 94% used [0x00000007ed180000,0x00000007f5516860,0x00000007f5c60000)
  to   space 162368K, 0% used [0x00000007e32f0000,0x00000007e32f0000,0x00000007ed180000)
 ParOldGen       total 173312K, used 95639K [0x0000000782200000, 0x000000078cb40000, 0x00000007d60b0000)
  object space 173312K, 55% used [0x0000000782200000,0x0000000787f65ee0,0x000000078cb40000)
 PSPermGen       total 27072K, used 12055K [0x000000077d000000, 0x000000077ea70000, 0x0000000782200000)
  object space 27072K, 44% used [0x000000077d000000,0x000000077dbc5da0,0x000000077ea70000)
Event: 64.069 GC heap after
Heap after GC invocations=13 (full 2):
 PSYoungGen      total 377664K, used 149803K [0x00000007d60b0000, 0x00000007fe4a0000, 0x0000000800000000)
  eden space 215296K, 0% used [0x00000007d60b0000,0x00000007d60b0000,0x00000007e32f0000)
  from space 162368K, 92% used [0x00000007e32f0000,0x00000007ec53ad00,0x00000007ed180000)
  to   space 183936K, 0% used [0x00000007f3100000,0x00000007f3100000,0x00000007fe4a0000)
 ParOldGen       total 173312K, used 95679K [0x0000000782200000, 0x000000078cb40000, 0x00000007d60b0000)
  object space 173312K, 55% used [0x0000000782200000,0x0000000787f6fee0,0x000000078cb40000)
 PSPermGen       total 27072K, used 12055K [0x000000077d000000, 0x000000077ea70000, 0x0000000782200000)
  object space 27072K, 44% used [0x000000077d000000,0x000000077dbc5da0,0x000000077ea70000)
}
Event: 75.318 GC heap before
{Heap before GC invocations=14 (full 2):
 PSYoungGen      total 377664K, used 365099K [0x00000007d60b0000, 0x00000007fe4a0000, 0x0000000800000000)
  eden space 215296K, 100% used [0x00000007d60b0000,0x00000007e32f0000,0x00000007e32f0000)
  from space 162368K, 92% used [0x00000007e32f0000,0x00000007ec53ad00,0x00000007ed180000)
  to   space 183936K, 0% used [0x00000007f3100000,0x00000007f3100000,0x00000007fe4a0000)
 ParOldGen       total 173312K, used 97484K [0x0000000782200000, 0x000000078cb40000, 0x00000007d60b0000)
  object space 173312K, 56% used [0x0000000782200000,0x0000000788133168,0x000000078cb40000)
 PSPermGen       total 27072K, used 12083K [0x000000077d000000, 0x000000077ea70000, 0x0000000782200000)
  object space 27072K, 44% used [0x000000077d000000,0x000000077dbccd78,0x000000077ea70000)
Event: 75.515 GC heap after
Heap after GC invocations=14 (full 2):
 PSYoungGen      total 451264K, used 168726K [0x00000007d60b0000, 0x0000000800000000, 0x0000000800000000)
  eden space 267328K, 0% used [0x00000007d60b0000,0x00000007d60b0000,0x00000007e65c0000)
  from space 183936K, 91% used [0x00000007f3100000,0x00000007fd5c59d0,0x00000007fe4a0000)
  to   space 208128K, 0% used [0x00000007e65c0000,0x00000007e65c0000,0x00000007f3100000)
 ParOldGen       total 173312K, used 97508K [0x0000000782200000, 0x000000078cb40000, 0x00000007d60b0000)
  object space 173312K, 56% used [0x0000000782200000,0x0000000788139168,0x000000078cb40000)
 PSPermGen       total 27072K, used 12083K [0x000000077d000000, 0x000000077ea70000, 0x0000000782200000)
  object space 27072K, 44% used [0x000000077d000000,0x000000077dbccd78,0x000000077ea70000)
}

