# JRE version: 7.0_09-b05
# Java VM: Java HotSpot(TM) 64-Bit Server VM (23.5-b02 mixed mode windows-amd64 compressed oops)
Heap
 PSYoungGen      total 409408K, used 165591K [0x00000007d60b0000, 0x00000007fc7e0000, 0x0000000800000000)
  eden space 234368K, 11% used [0x00000007d60b0000,0x00000007d7b9b540,0x00000007e4590000)
  from space 175040K, 78% used [0x00000007efed0000,0x00000007f859a820,0x00000007fa9c0000)
  to   space 189696K, 0% used [0x00000007e4590000,0x00000007e4590000,0x00000007efed0000)
 ParOldGen       total 155008K, used 103307K [0x0000000782200000, 0x000000078b960000, 0x00000007d60b0000)
  object space 155008K, 66% used [0x0000000782200000,0x00000007886e2c20,0x000000078b960000)
 PSPermGen       total 26880K, used 12064K [0x000000077d000000, 0x000000077ea40000, 0x0000000782200000)
  object space 26880K, 44% used [0x000000077d000000,0x000000077dbc8208,0x000000077ea40000)
GC Heap History (10 events):
Event: 29.305 GC heap before
{Heap before GC invocations=14 (full 2):
 PSYoungGen      total 229440K, used 226484K [0x00000007d60b0000, 0x00000007ef110000, 0x0000000800000000)
  eden space 123200K, 99% used [0x00000007d60b0000,0x00000007dd86ca88,0x00000007dd900000)
  from space 106240K, 97% used [0x00000007dd900000,0x00000007e3e70700,0x00000007e40c0000)
  to   space 123200K, 0% used [0x00000007e78c0000,0x00000007e78c0000,0x00000007ef110000)
 ParOldGen       total 155008K, used 98721K [0x0000000782200000, 0x000000078b960000, 0x00000007d60b0000)
  object space 155008K, 63% used [0x0000000782200000,0x00000007882687e8,0x000000078b960000)
 PSPermGen       total 26880K, used 11986K [0x000000077d000000, 0x000000077ea40000, 0x0000000782200000)
  object space 26880K, 44% used [0x000000077d000000,0x000000077dbb4bd0,0x000000077ea40000)
Event: 29.340 GC heap after
Heap after GC invocations=14 (full 2):
 PSYoungGen      total 273664K, used 102845K [0x00000007d60b0000, 0x00000007f0ab0000, 0x0000000800000000)
  eden space 150464K, 0% used [0x00000007d60b0000,0x00000007d60b0000,0x00000007df3a0000)
  from space 123200K, 83% used [0x00000007e78c0000,0x00000007edd2f6f0,0x00000007ef110000)
  to   space 136320K, 0% used [0x00000007df3a0000,0x00000007df3a0000,0x00000007e78c0000)
 ParOldGen       total 155008K, used 98761K [0x0000000782200000, 0x000000078b960000, 0x00000007d60b0000)
  object space 155008K, 63% used [0x0000000782200000,0x00000007882727e8,0x000000078b960000)
 PSPermGen       total 26880K, used 11986K [0x000000077d000000, 0x000000077ea40000, 0x0000000782200000)
  object space 26880K, 44% used [0x000000077d000000,0x000000077dbb4bd0,0x000000077ea40000)
}
Event: 34.500 GC heap before
{Heap before GC invocations=15 (full 2):
 PSYoungGen      total 273664K, used 253309K [0x00000007d60b0000, 0x00000007f0ab0000, 0x0000000800000000)
  eden space 150464K, 100% used [0x00000007d60b0000,0x00000007df3a0000,0x00000007df3a0000)
  from space 123200K, 83% used [0x00000007e78c0000,0x00000007edd2f6f0,0x00000007ef110000)
  to   space 136320K, 0% used [0x00000007df3a0000,0x00000007df3a0000,0x00000007e78c0000)
 ParOldGen       total 155008K, used 100564K [0x0000000782200000, 0x000000078b960000, 0x00000007d60b0000)
  object space 155008K, 64% used [0x0000000782200000,0x00000007884351c8,0x000000078b960000)
 PSPermGen       total 26880K, used 12019K [0x000000077d000000, 0x000000077ea40000, 0x0000000782200000)
  object space 26880K, 44% used [0x000000077d000000,0x000000077dbbcd80,0x000000077ea40000)
Event: 34.527 GC heap after
Heap after GC invocations=15 (full 2):
 PSYoungGen      total 286784K, used 120610K [0x00000007d60b0000, 0x00000007f4d00000, 0x0000000800000000)
  eden space 150464K, 0% used [0x00000007d60b0000,0x00000007d60b0000,0x00000007df3a0000)
  from space 136320K, 88% used [0x00000007df3a0000,0x00000007e6968800,0x00000007e78c0000)
  to   space 153280K, 0% used [0x00000007eb750000,0x00000007eb750000,0x00000007f4d00000)
 ParOldGen       total 155008K, used 100628K [0x0000000782200000, 0x000000078b960000, 0x00000007d60b0000)
  object space 155008K, 64% used [0x0000000782200000,0x00000007884451c8,0x000000078b960000)
 PSPermGen       total 26880K, used 12019K [0x000000077d000000, 0x000000077ea40000, 0x0000000782200000)
  object space 26880K, 44% used [0x000000077d000000,0x000000077dbbcd80,0x000000077ea40000)
}
Event: 40.595 GC heap before
{Heap before GC invocations=16 (full 2):
 PSYoungGen      total 286784K, used 271074K [0x00000007d60b0000, 0x00000007f4d00000, 0x0000000800000000)
  eden space 150464K, 100% used [0x00000007d60b0000,0x00000007df3a0000,0x00000007df3a0000)
  from space 136320K, 88% used [0x00000007df3a0000,0x00000007e6968800,0x00000007e78c0000)
  to   space 153280K, 0% used [0x00000007eb750000,0x00000007eb750000,0x00000007f4d00000)
 ParOldGen       total 155008K, used 101230K [0x0000000782200000, 0x000000078b960000, 0x00000007d60b0000)
  object space 155008K, 65% used [0x0000000782200000,0x00000007884dbb20,0x000000078b960000)
 PSPermGen       total 26880K, used 12030K [0x000000077d000000, 0x000000077ea40000, 0x0000000782200000)
  object space 26880K, 44% used [0x000000077d000000,0x000000077dbbfb88,0x000000077ea40000)
Event: 40.642 GC heap after
Heap after GC invocations=16 (full 2):
 PSYoungGen      total 344896K, used 100670K [0x00000007d60b0000, 0x00000007f58a0000, 0x0000000800000000)
  eden space 191616K, 0% used [0x00000007d60b0000,0x00000007d60b0000,0x00000007e1bd0000)
  from space 153280K, 65% used [0x00000007eb750000,0x00000007f199f810,0x00000007f4d00000)
  to   space 159232K, 0% used [0x00000007e1bd0000,0x00000007e1bd0000,0x00000007eb750000)
 ParOldGen       total 155008K, used 101334K [0x0000000782200000, 0x000000078b960000, 0x00000007d60b0000)
  object space 155008K, 65% used [0x0000000782200000,0x00000007884f5b20,0x000000078b960000)
 PSPermGen       total 26880K, used 12030K [0x000000077d000000, 0x000000077ea40000, 0x0000000782200000)
  object space 26880K, 44% used [0x000000077d000000,0x000000077dbbfb88,0x000000077ea40000)
}
Event: 48.360 GC heap before
{Heap before GC invocations=17 (full 2):
 PSYoungGen      total 344896K, used 292286K [0x00000007d60b0000, 0x00000007f58a0000, 0x0000000800000000)
  eden space 191616K, 100% used [0x00000007d60b0000,0x00000007e1bd0000,0x00000007e1bd0000)
  from space 153280K, 65% used [0x00000007eb750000,0x00000007f199f810,0x00000007f4d00000)
  to   space 159232K, 0% used [0x00000007e1bd0000,0x00000007e1bd0000,0x00000007eb750000)
 ParOldGen       total 155008K, used 102239K [0x0000000782200000, 0x000000078b960000, 0x00000007d60b0000)
  object space 155008K, 65% used [0x0000000782200000,0x00000007885d7c10,0x000000078b960000)
 PSPermGen       total 26880K, used 12043K [0x000000077d000000, 0x000000077ea40000, 0x0000000782200000)
  object space 26880K, 44% used [0x000000077d000000,0x000000077dbc2e50,0x000000077ea40000)
Event: 48.400 GC heap after
Heap after GC invocations=17 (full 2):
 PSYoungGen      total 350848K, used 131831K [0x00000007d60b0000, 0x00000007fa9c0000, 0x0000000800000000)
  eden space 191616K, 0% used [0x00000007d60b0000,0x00000007d60b0000,0x00000007e1bd0000)
  from space 159232K, 82% used [0x00000007e1bd0000,0x00000007e9c8dc50,0x00000007eb750000)
  to   space 175040K, 0% used [0x00000007efed0000,0x00000007efed0000,0x00000007fa9c0000)
 ParOldGen       total 155008K, used 102287K [0x0000000782200000, 0x000000078b960000, 0x00000007d60b0000)
  object space 155008K, 65% used [0x0000000782200000,0x00000007885e3c10,0x000000078b960000)
 PSPermGen       total 26880K, used 12043K [0x000000077d000000, 0x000000077ea40000, 0x0000000782200000)
  object space 26880K, 44% used [0x000000077d000000,0x000000077dbc2e50,0x000000077ea40000)
}
Event: 56.756 GC heap before
{Heap before GC invocations=18 (full 2):
 PSYoungGen      total 350848K, used 323025K [0x00000007d60b0000, 0x00000007fa9c0000, 0x0000000800000000)
  eden space 191616K, 99% used [0x00000007d60b0000,0x00000007e1b66a18,0x00000007e1bd0000)
  from space 159232K, 82% used [0x00000007e1bd0000,0x00000007e9c8dc50,0x00000007eb750000)
  to   space 175040K, 0% used [0x00000007efed0000,0x00000007efed0000,0x00000007fa9c0000)
 ParOldGen       total 155008K, used 103187K [0x0000000782200000, 0x000000078b960000, 0x00000007d60b0000)
  object space 155008K, 66% used [0x0000000782200000,0x00000007886c4c20,0x000000078b960000)
 PSPermGen       total 26880K, used 12059K [0x000000077d000000, 0x000000077ea40000, 0x0000000782200000)
  object space 26880K, 44% used [0x000000077d000000,0x000000077dbc6fb0,0x000000077ea40000)
Event: 56.829 GC heap after
Heap after GC invocations=18 (full 2):
 PSYoungGen      total 409408K, used 138026K [0x00000007d60b0000, 0x00000007fc7e0000, 0x0000000800000000)
  eden space 234368K, 0% used [0x00000007d60b0000,0x00000007d60b0000,0x00000007e4590000)
  from space 175040K, 78% used [0x00000007efed0000,0x00000007f859a820,0x00000007fa9c0000)
  to   space 189696K, 0% used [0x00000007e4590000,0x00000007e4590000,0x00000007efed0000)
 ParOldGen       total 155008K, used 103307K [0x0000000782200000, 0x000000078b960000, 0x00000007d60b0000)
  object space 155008K, 66% used [0x0000000782200000,0x00000007886e2c20,0x000000078b960000)
 PSPermGen       total 26880K, used 12059K [0x000000077d000000, 0x000000077ea40000, 0x0000000782200000)
  object space 26880K, 44% used [0x000000077d000000,0x000000077dbc6fb0,0x000000077ea40000)
}

