# JRE version: 7.0_09-b05
# Java VM: Java HotSpot(TM) 64-Bit Server VM (23.5-b02 mixed mode windows-amd64 compressed oops)
Heap
 PSYoungGen      total 458304K, used 346159K [0x00000007d60b0000, 0x0000000800000000, 0x0000000800000000)
  eden space 229184K, 83% used [0x00000007d60b0000,0x00000007e1bbf6c8,0x00000007e4080000)
  from space 229120K, 67% used [0x00000007e4080000,0x00000007ed77c7c0,0x00000007f2040000)
  to   space 229120K, 0% used [0x00000007f2040000,0x00000007f2040000,0x0000000800000000)
 ParOldGen       total 257920K, used 184759K [0x0000000782200000, 0x0000000791de0000, 0x00000007d60b0000)
  object space 257920K, 71% used [0x0000000782200000,0x000000078d66dca0,0x0000000791de0000)
 PSPermGen       total 23744K, used 12086K [0x000000077d000000, 0x000000077e730000, 0x0000000782200000)
  object space 23744K, 50% used [0x000000077d000000,0x000000077dbcd9b8,0x000000077e730000)
GC Heap History (10 events):
Event: 35.658 GC heap before
{Heap before GC invocations=16 (full 5):
 PSYoungGen      total 296256K, used 295605K [0x00000007d60b0000, 0x00000007f2810000, 0x0000000800000000)
  eden space 184704K, 100% used [0x00000007d60b0000,0x00000007e1510000,0x00000007e1510000)
  from space 111552K, 99% used [0x00000007e9530000,0x00000007f017d6d0,0x00000007f0220000)
  to   space 131200K, 0% used [0x00000007e1510000,0x00000007e1510000,0x00000007e9530000)
 ParOldGen       total 257920K, used 151327K [0x0000000782200000, 0x0000000791de0000, 0x00000007d60b0000)
  object space 257920K, 58% used [0x0000000782200000,0x000000078b5c7e00,0x0000000791de0000)
 PSPermGen       total 23744K, used 12009K [0x000000077d000000, 0x000000077e730000, 0x0000000782200000)
  object space 23744K, 50% used [0x000000077d000000,0x000000077dbba538,0x000000077e730000)
Event: 35.709 GC heap after
Heap after GC invocations=16 (full 5):
 PSYoungGen      total 315904K, used 131182K [0x00000007d60b0000, 0x00000007f9c90000, 0x0000000800000000)
  eden space 184704K, 0% used [0x00000007d60b0000,0x00000007d60b0000,0x00000007e1510000)
  from space 131200K, 99% used [0x00000007e1510000,0x00000007e952b830,0x00000007e9530000)
  to   space 164096K, 0% used [0x00000007efc50000,0x00000007efc50000,0x00000007f9c90000)
 ParOldGen       total 257920K, used 177303K [0x0000000782200000, 0x0000000791de0000, 0x00000007d60b0000)
  object space 257920K, 68% used [0x0000000782200000,0x000000078cf25fc0,0x0000000791de0000)
 PSPermGen       total 23744K, used 12009K [0x000000077d000000, 0x000000077e730000, 0x0000000782200000)
  object space 23744K, 50% used [0x000000077d000000,0x000000077dbba538,0x000000077e730000)
}
Event: 41.558 GC heap before
{Heap before GC invocations=17 (full 5):
 PSYoungGen      total 315904K, used 315201K [0x00000007d60b0000, 0x00000007f9c90000, 0x0000000800000000)
  eden space 184704K, 99% used [0x00000007d60b0000,0x00000007e1464ee0,0x00000007e1510000)
  from space 131200K, 99% used [0x00000007e1510000,0x00000007e952b830,0x00000007e9530000)
  to   space 164096K, 0% used [0x00000007efc50000,0x00000007efc50000,0x00000007f9c90000)
 ParOldGen       total 257920K, used 178203K [0x0000000782200000, 0x0000000791de0000, 0x00000007d60b0000)
  object space 257920K, 69% used [0x0000000782200000,0x000000078d006fd0,0x0000000791de0000)
 PSPermGen       total 23744K, used 12035K [0x000000077d000000, 0x000000077e730000, 0x0000000782200000)
  object space 23744K, 50% used [0x000000077d000000,0x000000077dbc0c58,0x000000077e730000)
Event: 41.631 GC heap after
Heap after GC invocations=17 (full 5):
 PSYoungGen      total 395520K, used 155778K [0x00000007d60b0000, 0x00000007fce70000, 0x0000000800000000)
  eden space 231424K, 0% used [0x00000007d60b0000,0x00000007d60b0000,0x00000007e42b0000)
  from space 164096K, 94% used [0x00000007efc50000,0x00000007f9470a00,0x00000007f9c90000)
  to   space 190080K, 0% used [0x00000007e42b0000,0x00000007e42b0000,0x00000007efc50000)
 ParOldGen       total 257920K, used 179211K [0x0000000782200000, 0x0000000791de0000, 0x00000007d60b0000)
  object space 257920K, 69% used [0x0000000782200000,0x000000078d102fd0,0x0000000791de0000)
 PSPermGen       total 23744K, used 12035K [0x000000077d000000, 0x000000077e730000, 0x0000000782200000)
  object space 23744K, 50% used [0x000000077d000000,0x000000077dbc0c58,0x000000077e730000)
}
Event: 48.622 GC heap before
{Heap before GC invocations=18 (full 5):
 PSYoungGen      total 395520K, used 387202K [0x00000007d60b0000, 0x00000007fce70000, 0x0000000800000000)
  eden space 231424K, 100% used [0x00000007d60b0000,0x00000007e42b0000,0x00000007e42b0000)
  from space 164096K, 94% used [0x00000007efc50000,0x00000007f9470a00,0x00000007f9c90000)
  to   space 190080K, 0% used [0x00000007e42b0000,0x00000007e42b0000,0x00000007efc50000)
 ParOldGen       total 257920K, used 179215K [0x0000000782200000, 0x0000000791de0000, 0x00000007d60b0000)
  object space 257920K, 69% used [0x0000000782200000,0x000000078d103f98,0x0000000791de0000)
 PSPermGen       total 23744K, used 12047K [0x000000077d000000, 0x000000077e730000, 0x0000000782200000)
  object space 23744K, 50% used [0x000000077d000000,0x000000077dbc3e28,0x000000077e730000)
Event: 48.700 GC heap after
Heap after GC invocations=18 (full 5):
 PSYoungGen      total 421504K, used 189986K [0x00000007d60b0000, 0x0000000800000000, 0x0000000800000000)
  eden space 231424K, 0% used [0x00000007d60b0000,0x00000007d60b0000,0x00000007e42b0000)
  from space 190080K, 99% used [0x00000007e42b0000,0x00000007efc38b00,0x00000007efc50000)
  to   space 223488K, 0% used [0x00000007f25c0000,0x00000007f25c0000,0x0000000800000000)
 ParOldGen       total 257920K, used 181047K [0x0000000782200000, 0x0000000791de0000, 0x00000007d60b0000)
  object space 257920K, 70% used [0x0000000782200000,0x000000078d2cdfb8,0x0000000791de0000)
 PSPermGen       total 23744K, used 12047K [0x000000077d000000, 0x000000077e730000, 0x0000000782200000)
  object space 23744K, 50% used [0x000000077d000000,0x000000077dbc3e28,0x000000077e730000)
}
Event: 59.730 GC heap before
{Heap before GC invocations=19 (full 5):
 PSYoungGen      total 421504K, used 421410K [0x00000007d60b0000, 0x0000000800000000, 0x0000000800000000)
  eden space 231424K, 100% used [0x00000007d60b0000,0x00000007e42b0000,0x00000007e42b0000)
  from space 190080K, 99% used [0x00000007e42b0000,0x00000007efc38b00,0x00000007efc50000)
  to   space 223488K, 0% used [0x00000007f25c0000,0x00000007f25c0000,0x0000000800000000)
 ParOldGen       total 257920K, used 182852K [0x0000000782200000, 0x0000000791de0000, 0x00000007d60b0000)
  object space 257920K, 70% used [0x0000000782200000,0x000000078d4911f0,0x0000000791de0000)
 PSPermGen       total 23744K, used 12059K [0x000000077d000000, 0x000000077e730000, 0x0000000782200000)
  object space 23744K, 50% used [0x000000077d000000,0x000000077dbc6f50,0x000000077e730000)
Event: 59.797 GC heap after
Heap after GC invocations=19 (full 5):
 PSYoungGen      total 452672K, used 162216K [0x00000007d60b0000, 0x0000000800000000, 0x0000000800000000)
  eden space 229184K, 0% used [0x00000007d60b0000,0x00000007d60b0000,0x00000007e4080000)
  from space 223488K, 72% used [0x00000007f25c0000,0x00000007fc42a1b0,0x0000000800000000)
  to   space 229120K, 0% used [0x00000007e4080000,0x00000007e4080000,0x00000007f2040000)
 ParOldGen       total 257920K, used 182884K [0x0000000782200000, 0x0000000791de0000, 0x00000007d60b0000)
  object space 257920K, 70% used [0x0000000782200000,0x000000078d4991f0,0x0000000791de0000)
 PSPermGen       total 23744K, used 12059K [0x000000077d000000, 0x000000077e730000, 0x0000000782200000)
  object space 23744K, 50% used [0x000000077d000000,0x000000077dbc6f50,0x000000077e730000)
}
Event: 67.214 GC heap before
{Heap before GC invocations=20 (full 5):
 PSYoungGen      total 452672K, used 391400K [0x00000007d60b0000, 0x0000000800000000, 0x0000000800000000)
  eden space 229184K, 100% used [0x00000007d60b0000,0x00000007e4080000,0x00000007e4080000)
  from space 223488K, 72% used [0x00000007f25c0000,0x00000007fc42a1b0,0x0000000800000000)
  to   space 229120K, 0% used [0x00000007e4080000,0x00000007e4080000,0x00000007f2040000)
 ParOldGen       total 257920K, used 184687K [0x0000000782200000, 0x0000000791de0000, 0x00000007d60b0000)
  object space 257920K, 71% used [0x0000000782200000,0x000000078d65bca0,0x0000000791de0000)
 PSPermGen       total 23744K, used 12083K [0x000000077d000000, 0x000000077e730000, 0x0000000782200000)
  object space 23744K, 50% used [0x000000077d000000,0x000000077dbccf30,0x000000077e730000)
Event: 67.299 GC heap after
Heap after GC invocations=20 (full 5):
 PSYoungGen      total 458304K, used 154609K [0x00000007d60b0000, 0x0000000800000000, 0x0000000800000000)
  eden space 229184K, 0% used [0x00000007d60b0000,0x00000007d60b0000,0x00000007e4080000)
  from space 229120K, 67% used [0x00000007e4080000,0x00000007ed77c7c0,0x00000007f2040000)
  to   space 229120K, 0% used [0x00000007f2040000,0x00000007f2040000,0x0000000800000000)
 ParOldGen       total 257920K, used 184759K [0x0000000782200000, 0x0000000791de0000, 0x00000007d60b0000)
  object space 257920K, 71% used [0x0000000782200000,0x000000078d66dca0,0x0000000791de0000)
 PSPermGen       total 23744K, used 12083K [0x000000077d000000, 0x000000077e730000, 0x0000000782200000)
  object space 23744K, 50% used [0x000000077d000000,0x000000077dbccf30,0x000000077e730000)
}

