# JRE version: 7.0_09-b05
# Java VM: Java HotSpot(TM) 64-Bit Server VM (23.5-b02 mixed mode windows-amd64 compressed oops)
Heap
 PSYoungGen      total 189120K, used 152837K [0x00000007d60b0000, 0x00000007e8990000, 0x0000000800000000)
  eden space 113728K, 83% used [0x00000007d60b0000,0x00000007dbdc4290,0x00000007dcfc0000)
  from space 75392K, 76% used [0x00000007dcfc0000,0x00000007e07ed350,0x00000007e1960000)
  to   space 80896K, 0% used [0x00000007e3a90000,0x00000007e3a90000,0x00000007e8990000)
 ParOldGen       total 136128K, used 73268K [0x0000000782200000, 0x000000078a6f0000, 0x00000007d60b0000)
  object space 136128K, 53% used [0x0000000782200000,0x000000078698d260,0x000000078a6f0000)
 PSPermGen       total 26368K, used 12068K [0x000000077d000000, 0x000000077e9c0000, 0x0000000782200000)
  object space 26368K, 45% used [0x000000077d000000,0x000000077dbc9300,0x000000077e9c0000)
GC Heap History (10 events):
Event: 80.095 GC heap before
{Heap before GC invocations=18 (full 3):
 PSYoungGen      total 110336K, used 37740K [0x00000007d60b0000, 0x00000007e2710000, 0x0000000800000000)
  eden space 72576K, 0% used [0x00000007d60b0000,0x00000007d60b0000,0x00000007da790000)
  from space 37760K, 99% used [0x00000007da790000,0x00000007dcc6b230,0x00000007dcc70000)
  to   space 49024K, 0% used [0x00000007df730000,0x00000007df730000,0x00000007e2710000)
 ParOldGen       total 104896K, used 91084K [0x0000000782200000, 0x0000000788870000, 0x00000007d60b0000)
  object space 104896K, 86% used [0x0000000782200000,0x0000000787af31c8,0x0000000788870000)
 PSPermGen       total 27008K, used 11995K [0x000000077d000000, 0x000000077ea60000, 0x0000000782200000)
  object space 27008K, 44% used [0x000000077d000000,0x000000077dbb6cd0,0x000000077ea60000)
Event: 80.208 GC heap after
Heap after GC invocations=18 (full 3):
 PSYoungGen      total 110336K, used 0K [0x00000007d60b0000, 0x00000007e2710000, 0x0000000800000000)
  eden space 72576K, 0% used [0x00000007d60b0000,0x00000007d60b0000,0x00000007da790000)
  from space 37760K, 0% used [0x00000007da790000,0x00000007da790000,0x00000007dcc70000)
  to   space 49024K, 0% used [0x00000007df730000,0x00000007df730000,0x00000007e2710000)
 ParOldGen       total 136128K, used 64719K [0x0000000782200000, 0x000000078a6f0000, 0x00000007d60b0000)
  object space 136128K, 47% used [0x0000000782200000,0x0000000786133d30,0x000000078a6f0000)
 PSPermGen       total 26368K, used 11995K [0x000000077d000000, 0x000000077e9c0000, 0x0000000782200000)
  object space 26368K, 45% used [0x000000077d000000,0x000000077dbb6c30,0x000000077e9c0000)
}
Event: 83.665 GC heap before
{Heap before GC invocations=19 (full 3):
 PSYoungGen      total 110336K, used 72576K [0x00000007d60b0000, 0x00000007e2710000, 0x0000000800000000)
  eden space 72576K, 100% used [0x00000007d60b0000,0x00000007da790000,0x00000007da790000)
  from space 37760K, 0% used [0x00000007da790000,0x00000007da790000,0x00000007dcc70000)
  to   space 49024K, 0% used [0x00000007df730000,0x00000007df730000,0x00000007e2710000)
 ParOldGen       total 136128K, used 64722K [0x0000000782200000, 0x000000078a6f0000, 0x00000007d60b0000)
  object space 136128K, 47% used [0x0000000782200000,0x0000000786134b60,0x000000078a6f0000)
 PSPermGen       total 26368K, used 11997K [0x000000077d000000, 0x000000077e9c0000, 0x0000000782200000)
  object space 26368K, 45% used [0x000000077d000000,0x000000077dbb7728,0x000000077e9c0000)
Event: 83.727 GC heap after
Heap after GC invocations=19 (full 3):
 PSYoungGen      total 146816K, used 48136K [0x00000007d60b0000, 0x00000007e32a0000, 0x0000000800000000)
  eden space 97792K, 0% used [0x00000007d60b0000,0x00000007d60b0000,0x00000007dc030000)
  from space 49024K, 98% used [0x00000007df730000,0x00000007e26322a0,0x00000007e2710000)
  to   space 56320K, 0% used [0x00000007dc030000,0x00000007dc030000,0x00000007df730000)
 ParOldGen       total 136128K, used 65622K [0x0000000782200000, 0x000000078a6f0000, 0x00000007d60b0000)
  object space 136128K, 48% used [0x0000000782200000,0x0000000786215b70,0x000000078a6f0000)
 PSPermGen       total 26368K, used 11997K [0x000000077d000000, 0x000000077e9c0000, 0x0000000782200000)
  object space 26368K, 45% used [0x000000077d000000,0x000000077dbb7728,0x000000077e9c0000)
}
Event: 89.872 GC heap before
{Heap before GC invocations=20 (full 3):
 PSYoungGen      total 146816K, used 145866K [0x00000007d60b0000, 0x00000007e32a0000, 0x0000000800000000)
  eden space 97792K, 99% used [0x00000007d60b0000,0x00000007dc020698,0x00000007dc030000)
  from space 49024K, 98% used [0x00000007df730000,0x00000007e26322a0,0x00000007e2710000)
  to   space 56320K, 0% used [0x00000007dc030000,0x00000007dc030000,0x00000007df730000)
 ParOldGen       total 136128K, used 65922K [0x0000000782200000, 0x000000078a6f0000, 0x00000007d60b0000)
  object space 136128K, 48% used [0x0000000782200000,0x0000000786260b80,0x000000078a6f0000)
 PSPermGen       total 26368K, used 12013K [0x000000077d000000, 0x000000077e9c0000, 0x0000000782200000)
  object space 26368K, 45% used [0x000000077d000000,0x000000077dbbb7c0,0x000000077e9c0000)
Event: 89.933 GC heap after
Heap after GC invocations=20 (full 3):
 PSYoungGen      total 154112K, used 56261K [0x00000007d60b0000, 0x00000007e5910000, 0x0000000800000000)
  eden space 97792K, 0% used [0x00000007d60b0000,0x00000007d60b0000,0x00000007dc030000)
  from space 56320K, 99% used [0x00000007dc030000,0x00000007df721510,0x00000007df730000)
  to   space 65216K, 0% used [0x00000007e1960000,0x00000007e1960000,0x00000007e5910000)
 ParOldGen       total 136128K, used 72255K [0x0000000782200000, 0x000000078a6f0000, 0x00000007d60b0000)
  object space 136128K, 53% used [0x0000000782200000,0x000000078688fc30,0x000000078a6f0000)
 PSPermGen       total 26368K, used 12013K [0x000000077d000000, 0x000000077e9c0000, 0x0000000782200000)
  object space 26368K, 45% used [0x000000077d000000,0x000000077dbbb7c0,0x000000077e9c0000)
}
Event: 96.717 GC heap before
{Heap before GC invocations=21 (full 3):
 PSYoungGen      total 154112K, used 154053K [0x00000007d60b0000, 0x00000007e5910000, 0x0000000800000000)
  eden space 97792K, 100% used [0x00000007d60b0000,0x00000007dc030000,0x00000007dc030000)
  from space 56320K, 99% used [0x00000007dc030000,0x00000007df721510,0x00000007df730000)
  to   space 65216K, 0% used [0x00000007e1960000,0x00000007e1960000,0x00000007e5910000)
 ParOldGen       total 136128K, used 73156K [0x0000000782200000, 0x000000078a6f0000, 0x00000007d60b0000)
  object space 136128K, 53% used [0x0000000782200000,0x0000000786971260,0x000000078a6f0000)
 PSPermGen       total 26368K, used 12036K [0x000000077d000000, 0x000000077e9c0000, 0x0000000782200000)
  object space 26368K, 45% used [0x000000077d000000,0x000000077dbc1290,0x000000077e9c0000)
Event: 96.785 GC heap after
Heap after GC invocations=21 (full 3):
 PSYoungGen      total 178944K, used 64753K [0x00000007d60b0000, 0x00000007e6c70000, 0x0000000800000000)
  eden space 113728K, 0% used [0x00000007d60b0000,0x00000007d60b0000,0x00000007dcfc0000)
  from space 65216K, 99% used [0x00000007e1960000,0x00000007e589c600,0x00000007e5910000)
  to   space 75392K, 0% used [0x00000007dcfc0000,0x00000007dcfc0000,0x00000007e1960000)
 ParOldGen       total 136128K, used 73180K [0x0000000782200000, 0x000000078a6f0000, 0x00000007d60b0000)
  object space 136128K, 53% used [0x0000000782200000,0x0000000786977260,0x000000078a6f0000)
 PSPermGen       total 26368K, used 12036K [0x000000077d000000, 0x000000077e9c0000, 0x0000000782200000)
  object space 26368K, 45% used [0x000000077d000000,0x000000077dbc1290,0x000000077e9c0000)
}
Event: 104.302 GC heap before
{Heap before GC invocations=22 (full 3):
 PSYoungGen      total 178944K, used 178481K [0x00000007d60b0000, 0x00000007e6c70000, 0x0000000800000000)
  eden space 113728K, 100% used [0x00000007d60b0000,0x00000007dcfc0000,0x00000007dcfc0000)
  from space 65216K, 99% used [0x00000007e1960000,0x00000007e589c600,0x00000007e5910000)
  to   space 75392K, 0% used [0x00000007dcfc0000,0x00000007dcfc0000,0x00000007e1960000)
 ParOldGen       total 136128K, used 73180K [0x0000000782200000, 0x000000078a6f0000, 0x00000007d60b0000)
  object space 136128K, 53% used [0x0000000782200000,0x0000000786977260,0x000000078a6f0000)
 PSPermGen       total 26368K, used 12054K [0x000000077d000000, 0x000000077e9c0000, 0x0000000782200000)
  object space 26368K, 45% used [0x000000077d000000,0x000000077dbc59a8,0x000000077e9c0000)
Event: 104.352 GC heap after
Heap after GC invocations=22 (full 3):
 PSYoungGen      total 189120K, used 57524K [0x00000007d60b0000, 0x00000007e8990000, 0x0000000800000000)
  eden space 113728K, 0% used [0x00000007d60b0000,0x00000007d60b0000,0x00000007dcfc0000)
  from space 75392K, 76% used [0x00000007dcfc0000,0x00000007e07ed350,0x00000007e1960000)
  to   space 80896K, 0% used [0x00000007e3a90000,0x00000007e3a90000,0x00000007e8990000)
 ParOldGen       total 136128K, used 73268K [0x0000000782200000, 0x000000078a6f0000, 0x00000007d60b0000)
  object space 136128K, 53% used [0x0000000782200000,0x000000078698d260,0x000000078a6f0000)
 PSPermGen       total 26368K, used 12054K [0x000000077d000000, 0x000000077e9c0000, 0x0000000782200000)
  object space 26368K, 45% used [0x000000077d000000,0x000000077dbc59a8,0x000000077e9c0000)
}

