# JRE version: 7.0_09-b05
# Java VM: Java HotSpot(TM) 64-Bit Server VM (23.5-b02 mixed mode windows-amd64 compressed oops)
Heap
 PSYoungGen      total 439296K, used 291469K [0x00000007d60b0000, 0x0000000800000000, 0x0000000800000000)
  eden space 229184K, 48% used [0x00000007d60b0000,0x00000007dcd7dc70,0x00000007e4080000)
  from space 210112K, 85% used [0x00000007f32d0000,0x00000007fe2a5a50,0x0000000800000000)
  to   space 229120K, 0% used [0x00000007e4080000,0x00000007e4080000,0x00000007f2040000)
 ParOldGen       total 212480K, used 120557K [0x0000000782200000, 0x000000078f180000, 0x00000007d60b0000)
  object space 212480K, 56% used [0x0000000782200000,0x00000007897bb510,0x000000078f180000)
 PSPermGen       total 26048K, used 12105K [0x000000077d000000, 0x000000077e970000, 0x0000000782200000)
  object space 26048K, 46% used [0x000000077d000000,0x000000077dbd2740,0x000000077e970000)
GC Heap History (10 events):
Event: 49.066 GC heap before
{Heap before GC invocations=15 (full 3):
 PSYoungGen      total 250240K, used 249813K [0x00000007d60b0000, 0x00000007f1990000, 0x0000000800000000)
  eden space 141184K, 100% used [0x00000007d60b0000,0x00000007dea90000,0x00000007dea90000)
  from space 109056K, 99% used [0x00000007dea90000,0x00000007e54a56d0,0x00000007e5510000)
  to   space 127552K, 0% used [0x00000007e9d00000,0x00000007e9d00000,0x00000007f1990000)
 ParOldGen       total 212480K, used 114076K [0x0000000782200000, 0x000000078f180000, 0x00000007d60b0000)
  object space 212480K, 53% used [0x0000000782200000,0x0000000789167018,0x000000078f180000)
 PSPermGen       total 26048K, used 11994K [0x000000077d000000, 0x000000077e970000, 0x0000000782200000)
  object space 26048K, 46% used [0x000000077d000000,0x000000077dbb6aa8,0x000000077e970000)
Event: 49.160 GC heap after
Heap after GC invocations=15 (full 3):
 PSYoungGen      total 306304K, used 116201K [0x00000007d60b0000, 0x00000007f3b20000, 0x0000000800000000)
  eden space 178752K, 0% used [0x00000007d60b0000,0x00000007d60b0000,0x00000007e0f40000)
  from space 127552K, 91% used [0x00000007e9d00000,0x00000007f0e7a7a0,0x00000007f1990000)
  to   space 145152K, 0% used [0x00000007e0f40000,0x00000007e0f40000,0x00000007e9d00000)
 ParOldGen       total 212480K, used 114116K [0x0000000782200000, 0x000000078f180000, 0x00000007d60b0000)
  object space 212480K, 53% used [0x0000000782200000,0x0000000789171018,0x000000078f180000)
 PSPermGen       total 26048K, used 11994K [0x000000077d000000, 0x000000077e970000, 0x0000000782200000)
  object space 26048K, 46% used [0x000000077d000000,0x000000077dbb6aa8,0x000000077e970000)
}
Event: 57.927 GC heap before
{Heap before GC invocations=16 (full 3):
 PSYoungGen      total 306304K, used 294953K [0x00000007d60b0000, 0x00000007f3b20000, 0x0000000800000000)
  eden space 178752K, 100% used [0x00000007d60b0000,0x00000007e0f40000,0x00000007e0f40000)
  from space 127552K, 91% used [0x00000007e9d00000,0x00000007f0e7a7a0,0x00000007f1990000)
  to   space 145152K, 0% used [0x00000007e0f40000,0x00000007e0f40000,0x00000007e9d00000)
 ParOldGen       total 212480K, used 115922K [0x0000000782200000, 0x000000078f180000, 0x00000007d60b0000)
  object space 212480K, 54% used [0x0000000782200000,0x0000000789334980,0x000000078f180000)
 PSPermGen       total 26048K, used 12017K [0x000000077d000000, 0x000000077e970000, 0x0000000782200000)
  object space 26048K, 46% used [0x000000077d000000,0x000000077dbbc690,0x000000077e970000)
Event: 57.999 GC heap after
Heap after GC invocations=16 (full 3):
 PSYoungGen      total 323904K, used 144606K [0x00000007d60b0000, 0x00000007f9ae0000, 0x0000000800000000)
  eden space 178752K, 0% used [0x00000007d60b0000,0x00000007d60b0000,0x00000007e0f40000)
  from space 145152K, 99% used [0x00000007e0f40000,0x00000007e9c77970,0x00000007e9d00000)
  to   space 169664K, 0% used [0x00000007ef530000,0x00000007ef530000,0x00000007f9ae0000)
 ParOldGen       total 212480K, used 117754K [0x0000000782200000, 0x000000078f180000, 0x00000007d60b0000)
  object space 212480K, 55% used [0x0000000782200000,0x00000007894fe9a0,0x000000078f180000)
 PSPermGen       total 26048K, used 12017K [0x000000077d000000, 0x000000077e970000, 0x0000000782200000)
  object space 26048K, 46% used [0x000000077d000000,0x000000077dbbc690,0x000000077e970000)
}
Event: 66.748 GC heap before
{Heap before GC invocations=17 (full 3):
 PSYoungGen      total 323904K, used 323358K [0x00000007d60b0000, 0x00000007f9ae0000, 0x0000000800000000)
  eden space 178752K, 100% used [0x00000007d60b0000,0x00000007e0f40000,0x00000007e0f40000)
  from space 145152K, 99% used [0x00000007e0f40000,0x00000007e9c77970,0x00000007e9d00000)
  to   space 169664K, 0% used [0x00000007ef530000,0x00000007ef530000,0x00000007f9ae0000)
 ParOldGen       total 212480K, used 119558K [0x0000000782200000, 0x000000078f180000, 0x00000007d60b0000)
  object space 212480K, 56% used [0x0000000782200000,0x00000007896c1960,0x000000078f180000)
 PSPermGen       total 26048K, used 12027K [0x000000077d000000, 0x000000077e970000, 0x0000000782200000)
  object space 26048K, 46% used [0x000000077d000000,0x000000077dbbedb0,0x000000077e970000)
Event: 66.919 GC heap after
Heap after GC invocations=17 (full 3):
 PSYoungGen      total 396288K, used 140121K [0x00000007d60b0000, 0x00000007fc080000, 0x0000000800000000)
  eden space 226624K, 0% used [0x00000007d60b0000,0x00000007d60b0000,0x00000007e3e00000)
  from space 169664K, 82% used [0x00000007ef530000,0x00000007f7e067e0,0x00000007f9ae0000)
  to   space 187584K, 0% used [0x00000007e3e00000,0x00000007e3e00000,0x00000007ef530000)
 ParOldGen       total 212480K, used 119582K [0x0000000782200000, 0x000000078f180000, 0x00000007d60b0000)
  object space 212480K, 56% used [0x0000000782200000,0x00000007896c7960,0x000000078f180000)
 PSPermGen       total 26048K, used 12027K [0x000000077d000000, 0x000000077e970000, 0x0000000782200000)
  object space 26048K, 46% used [0x000000077d000000,0x000000077dbbedb0,0x000000077e970000)
}
Event: 81.248 GC heap before
{Heap before GC invocations=18 (full 3):
 PSYoungGen      total 396288K, used 366127K [0x00000007d60b0000, 0x00000007fc080000, 0x0000000800000000)
  eden space 226624K, 99% used [0x00000007d60b0000,0x00000007e3d65730,0x00000007e3e00000)
  from space 169664K, 82% used [0x00000007ef530000,0x00000007f7e067e0,0x00000007f9ae0000)
  to   space 187584K, 0% used [0x00000007e3e00000,0x00000007e3e00000,0x00000007ef530000)
 ParOldGen       total 212480K, used 120482K [0x0000000782200000, 0x000000078f180000, 0x00000007d60b0000)
  object space 212480K, 56% used [0x0000000782200000,0x00000007897a8970,0x000000078f180000)
 PSPermGen       total 26048K, used 12062K [0x000000077d000000, 0x000000077e970000, 0x0000000782200000)
  object space 26048K, 46% used [0x000000077d000000,0x000000077dbc7bc0,0x000000077e970000)
Event: 81.355 GC heap after
Heap after GC invocations=18 (full 3):
 PSYoungGen      total 414208K, used 163104K [0x00000007d60b0000, 0x0000000800000000, 0x0000000800000000)
  eden space 226624K, 0% used [0x00000007d60b0000,0x00000007d60b0000,0x00000007e3e00000)
  from space 187584K, 86% used [0x00000007e3e00000,0x00000007edd48090,0x00000007ef530000)
  to   space 210112K, 0% used [0x00000007f32d0000,0x00000007f32d0000,0x0000000800000000)
 ParOldGen       total 212480K, used 120506K [0x0000000782200000, 0x000000078f180000, 0x00000007d60b0000)
  object space 212480K, 56% used [0x0000000782200000,0x00000007897ae970,0x000000078f180000)
 PSPermGen       total 26048K, used 12062K [0x000000077d000000, 0x000000077e970000, 0x0000000782200000)
  object space 26048K, 46% used [0x000000077d000000,0x000000077dbc7bc0,0x000000077e970000)
}
Event: 91.384 GC heap before
{Heap before GC invocations=19 (full 3):
 PSYoungGen      total 414208K, used 389728K [0x00000007d60b0000, 0x0000000800000000, 0x0000000800000000)
  eden space 226624K, 100% used [0x00000007d60b0000,0x00000007e3e00000,0x00000007e3e00000)
  from space 187584K, 86% used [0x00000007e3e00000,0x00000007edd48090,0x00000007ef530000)
  to   space 210112K, 0% used [0x00000007f32d0000,0x00000007f32d0000,0x0000000800000000)
 ParOldGen       total 212480K, used 120509K [0x0000000782200000, 0x000000078f180000, 0x00000007d60b0000)
  object space 212480K, 56% used [0x0000000782200000,0x00000007897af510,0x000000078f180000)
 PSPermGen       total 26048K, used 12081K [0x000000077d000000, 0x000000077e970000, 0x0000000782200000)
  object space 26048K, 46% used [0x000000077d000000,0x000000077dbcc7e0,0x000000077e970000)
Event: 91.593 GC heap after
Heap after GC invocations=19 (full 3):
 PSYoungGen      total 439296K, used 180054K [0x00000007d60b0000, 0x0000000800000000, 0x0000000800000000)
  eden space 229184K, 0% used [0x00000007d60b0000,0x00000007d60b0000,0x00000007e4080000)
  from space 210112K, 85% used [0x00000007f32d0000,0x00000007fe2a5a50,0x0000000800000000)
  to   space 229120K, 0% used [0x00000007e4080000,0x00000007e4080000,0x00000007f2040000)
 ParOldGen       total 212480K, used 120557K [0x0000000782200000, 0x000000078f180000, 0x00000007d60b0000)
  object space 212480K, 56% used [0x0000000782200000,0x00000007897bb510,0x000000078f180000)
 PSPermGen       total 26048K, used 12081K [0x000000077d000000, 0x000000077e970000, 0x0000000782200000)
  object space 26048K, 46% used [0x000000077d000000,0x000000077dbcc7e0,0x000000077e970000)
}

