# JRE version: 7.0_09-b05
# Java VM: Java HotSpot(TM) 64-Bit Server VM (23.5-b02 mixed mode windows-amd64 compressed oops)
Heap
 PSYoungGen      total 378688K, used 305218K [0x00000007d60b0000, 0x0000000800000000, 0x0000000800000000)
  eden space 231744K, 68% used [0x00000007d60b0000,0x00000007dfb50100,0x00000007e4300000)
  from space 146944K, 99% used [0x00000007e4300000,0x00000007ed270780,0x00000007ed280000)
  to   space 229120K, 0% used [0x00000007f2040000,0x00000007f2040000,0x0000000800000000)
 ParOldGen       total 278016K, used 163559K [0x0000000782200000, 0x0000000793180000, 0x00000007d60b0000)
  object space 278016K, 58% used [0x0000000782200000,0x000000078c1b9c68,0x0000000793180000)
 PSPermGen       total 24896K, used 12095K [0x000000077d000000, 0x000000077e850000, 0x0000000782200000)
  object space 24896K, 48% used [0x000000077d000000,0x000000077dbcfcf8,0x000000077e850000)
GC Heap History (10 events):
Event: 51.959 GC heap before
{Heap before GC invocations=21 (full 3):
 PSYoungGen      total 347264K, used 346886K [0x00000007d60b0000, 0x00000007fb270000, 0x0000000800000000)
  eden space 190912K, 99% used [0x00000007d60b0000,0x00000007e1b0bf30,0x00000007e1b20000)
  from space 156352K, 99% used [0x00000007e1b20000,0x00000007eb3859d0,0x00000007eb3d0000)
  to   space 182784K, 0% used [0x00000007efff0000,0x00000007efff0000,0x00000007fb270000)
 ParOldGen       total 157632K, used 125899K [0x0000000782200000, 0x000000078bbf0000, 0x00000007d60b0000)
  object space 157632K, 79% used [0x0000000782200000,0x0000000789cf2c68,0x000000078bbf0000)
 PSPermGen       total 26048K, used 12038K [0x000000077d000000, 0x000000077e970000, 0x0000000782200000)
  object space 26048K, 46% used [0x000000077d000000,0x000000077dbc1918,0x000000077e970000)
Event: 52.026 GC heap after
Heap after GC invocations=21 (full 3):
 PSYoungGen      total 403200K, used 158498K [0x00000007d60b0000, 0x00000007fdd10000, 0x0000000800000000)
  eden space 220416K, 0% used [0x00000007d60b0000,0x00000007d60b0000,0x00000007e37f0000)
  from space 182784K, 86% used [0x00000007efff0000,0x00000007f9ab8a00,0x00000007fb270000)
  to   space 204800K, 0% used [0x00000007e37f0000,0x00000007e37f0000,0x00000007efff0000)
 ParOldGen       total 157632K, used 125931K [0x0000000782200000, 0x000000078bbf0000, 0x00000007d60b0000)
  object space 157632K, 79% used [0x0000000782200000,0x0000000789cfac68,0x000000078bbf0000)
 PSPermGen       total 26048K, used 12038K [0x000000077d000000, 0x000000077e970000, 0x0000000782200000)
  object space 26048K, 46% used [0x000000077d000000,0x000000077dbc1918,0x000000077e970000)
}
Event: 58.627 GC heap before
{Heap before GC invocations=22 (full 4):
 PSYoungGen      total 403200K, used 378666K [0x00000007d60b0000, 0x00000007fdd10000, 0x0000000800000000)
  eden space 220416K, 99% used [0x00000007d60b0000,0x00000007e37b1ef8,0x00000007e37f0000)
  from space 182784K, 86% used [0x00000007efff0000,0x00000007f9ab8a00,0x00000007fb270000)
  to   space 204800K, 0% used [0x00000007e37f0000,0x00000007e37f0000,0x00000007efff0000)
 ParOldGen       total 157632K, used 126831K [0x0000000782200000, 0x000000078bbf0000, 0x00000007d60b0000)
  object space 157632K, 80% used [0x0000000782200000,0x0000000789ddbc78,0x000000078bbf0000)
 PSPermGen       total 26048K, used 12042K [0x000000077d000000, 0x000000077e970000, 0x0000000782200000)
  object space 26048K, 46% used [0x000000077d000000,0x000000077dbc2888,0x000000077e970000)
Event: 58.944 GC heap after
Heap after GC invocations=22 (full 4):
 PSYoungGen      total 403200K, used 28246K [0x00000007d60b0000, 0x00000007fdd10000, 0x0000000800000000)
  eden space 220416K, 12% used [0x00000007d60b0000,0x00000007d7c45bc8,0x00000007e37f0000)
  from space 182784K, 0% used [0x00000007efff0000,0x00000007efff0000,0x00000007fb270000)
  to   space 204800K, 0% used [0x00000007e37f0000,0x00000007e37f0000,0x00000007efff0000)
 ParOldGen       total 278016K, used 157132K [0x0000000782200000, 0x0000000793180000, 0x00000007d60b0000)
  object space 278016K, 56% used [0x0000000782200000,0x000000078bb73108,0x0000000793180000)
 PSPermGen       total 24896K, used 12041K [0x000000077d000000, 0x000000077e850000, 0x0000000782200000)
  object space 24896K, 48% used [0x000000077d000000,0x000000077dbc2628,0x000000077e850000)
}
Event: 65.912 GC heap before
{Heap before GC invocations=23 (full 4):
 PSYoungGen      total 403200K, used 220416K [0x00000007d60b0000, 0x00000007fdd10000, 0x0000000800000000)
  eden space 220416K, 100% used [0x00000007d60b0000,0x00000007e37f0000,0x00000007e37f0000)
  from space 182784K, 0% used [0x00000007efff0000,0x00000007efff0000,0x00000007fb270000)
  to   space 204800K, 0% used [0x00000007e37f0000,0x00000007e37f0000,0x00000007efff0000)
 ParOldGen       total 278016K, used 158935K [0x0000000782200000, 0x0000000793180000, 0x00000007d60b0000)
  object space 278016K, 57% used [0x0000000782200000,0x000000078bd35c38,0x0000000793180000)
 PSPermGen       total 24896K, used 12053K [0x000000077d000000, 0x000000077e850000, 0x0000000782200000)
  object space 24896K, 48% used [0x000000077d000000,0x000000077dbc54f8,0x000000077e850000)
Event: 65.986 GC heap after
Heap after GC invocations=23 (full 4):
 PSYoungGen      total 425216K, used 143030K [0x00000007d60b0000, 0x0000000800000000, 0x0000000800000000)
  eden space 220416K, 0% used [0x00000007d60b0000,0x00000007d60b0000,0x00000007e37f0000)
  from space 204800K, 69% used [0x00000007e37f0000,0x00000007ec39dbd0,0x00000007efff0000)
  to   space 216512K, 0% used [0x00000007f2c90000,0x00000007f2c90000,0x0000000800000000)
 ParOldGen       total 278016K, used 158975K [0x0000000782200000, 0x0000000793180000, 0x00000007d60b0000)
  object space 278016K, 57% used [0x0000000782200000,0x000000078bd3fc38,0x0000000793180000)
 PSPermGen       total 24896K, used 12053K [0x000000077d000000, 0x000000077e850000, 0x0000000782200000)
  object space 24896K, 48% used [0x000000077d000000,0x000000077dbc54f8,0x000000077e850000)
}
Event: 72.453 GC heap before
{Heap before GC invocations=24 (full 4):
 PSYoungGen      total 425216K, used 363446K [0x00000007d60b0000, 0x0000000800000000, 0x0000000800000000)
  eden space 220416K, 100% used [0x00000007d60b0000,0x00000007e37f0000,0x00000007e37f0000)
  from space 204800K, 69% used [0x00000007e37f0000,0x00000007ec39dbd0,0x00000007efff0000)
  to   space 216512K, 0% used [0x00000007f2c90000,0x00000007f2c90000,0x0000000800000000)
 ParOldGen       total 278016K, used 159879K [0x0000000782200000, 0x0000000793180000, 0x00000007d60b0000)
  object space 278016K, 57% used [0x0000000782200000,0x000000078be21c28,0x0000000793180000)
 PSPermGen       total 24896K, used 12078K [0x000000077d000000, 0x000000077e850000, 0x0000000782200000)
  object space 24896K, 48% used [0x000000077d000000,0x000000077dbcb8c8,0x000000077e850000)
Event: 72.533 GC heap after
Heap after GC invocations=24 (full 4):
 PSYoungGen      total 448256K, used 150170K [0x00000007d60b0000, 0x0000000800000000, 0x0000000800000000)
  eden space 231744K, 0% used [0x00000007d60b0000,0x00000007d60b0000,0x00000007e4300000)
  from space 216512K, 69% used [0x00000007f2c90000,0x00000007fbf36860,0x0000000800000000)
  to   space 227840K, 0% used [0x00000007e4300000,0x00000007e4300000,0x00000007f2180000)
 ParOldGen       total 278016K, used 162627K [0x0000000782200000, 0x0000000793180000, 0x00000007d60b0000)
  object space 278016K, 58% used [0x0000000782200000,0x000000078c0d0c58,0x0000000793180000)
 PSPermGen       total 24896K, used 12078K [0x000000077d000000, 0x000000077e850000, 0x0000000782200000)
  object space 24896K, 48% used [0x000000077d000000,0x000000077dbcb8c8,0x000000077e850000)
}
Event: 80.334 GC heap before
{Heap before GC invocations=25 (full 4):
 PSYoungGen      total 448256K, used 381450K [0x00000007d60b0000, 0x0000000800000000, 0x0000000800000000)
  eden space 231744K, 99% used [0x00000007d60b0000,0x00000007e428c100,0x00000007e4300000)
  from space 216512K, 69% used [0x00000007f2c90000,0x00000007fbf36860,0x0000000800000000)
  to   space 227840K, 0% used [0x00000007e4300000,0x00000007e4300000,0x00000007f2180000)
 ParOldGen       total 278016K, used 163527K [0x0000000782200000, 0x0000000793180000, 0x00000007d60b0000)
  object space 278016K, 58% used [0x0000000782200000,0x000000078c1b1c68,0x0000000793180000)
 PSPermGen       total 24896K, used 12085K [0x000000077d000000, 0x000000077e850000, 0x0000000782200000)
  object space 24896K, 48% used [0x000000077d000000,0x000000077dbcd448,0x000000077e850000)
Event: 80.434 GC heap after
Heap after GC invocations=25 (full 4):
 PSYoungGen      total 378688K, used 146881K [0x00000007d60b0000, 0x0000000800000000, 0x0000000800000000)
  eden space 231744K, 0% used [0x00000007d60b0000,0x00000007d60b0000,0x00000007e4300000)
  from space 146944K, 99% used [0x00000007e4300000,0x00000007ed270780,0x00000007ed280000)
  to   space 229120K, 0% used [0x00000007f2040000,0x00000007f2040000,0x0000000800000000)
 ParOldGen       total 278016K, used 163559K [0x0000000782200000, 0x0000000793180000, 0x00000007d60b0000)
  object space 278016K, 58% used [0x0000000782200000,0x000000078c1b9c68,0x0000000793180000)
 PSPermGen       total 24896K, used 12085K [0x000000077d000000, 0x000000077e850000, 0x0000000782200000)
  object space 24896K, 48% used [0x000000077d000000,0x000000077dbcd448,0x000000077e850000)
}

