# JRE version: 7.0_09-b05
# Java VM: Java HotSpot(TM) 64-Bit Server VM (23.5-b02 mixed mode windows-amd64 compressed oops)
Heap
 PSYoungGen      total 377280K, used 127332K [0x00000007d60b0000, 0x00000007fd390000, 0x0000000800000000)
  eden space 226688K, 56% used [0x00000007d60b0000,0x00000007ddd09290,0x00000007e3e10000)
  from space 150592K, 0% used [0x00000007e3e10000,0x00000007e3e10000,0x00000007ed120000)
  to   space 174784K, 0% used [0x00000007f28e0000,0x00000007f28e0000,0x00000007fd390000)
 ParOldGen       total 271744K, used 182564K [0x0000000782200000, 0x0000000792b60000, 0x00000007d60b0000)
  object space 271744K, 67% used [0x0000000782200000,0x000000078d449168,0x0000000792b60000)
 PSPermGen       total 24768K, used 12123K [0x000000077d000000, 0x000000077e830000, 0x0000000782200000)
  object space 24768K, 48% used [0x000000077d000000,0x000000077dbd6e40,0x000000077e830000)
GC Heap History (10 events):
Event: 86.680 GC heap before
{Heap before GC invocations=17 (full 3):
 PSYoungGen      total 195648K, used 124736K [0x00000007d60b0000, 0x00000007ec960000, 0x0000000800000000)
  eden space 124736K, 100% used [0x00000007d60b0000,0x00000007dda80000,0x00000007dda80000)
  from space 70912K, 0% used [0x00000007dda80000,0x00000007dda80000,0x00000007e1fc0000)
  to   space 91840K, 0% used [0x00000007e6fb0000,0x00000007e6fb0000,0x00000007ec960000)
 ParOldGen       total 192832K, used 115756K [0x0000000782200000, 0x000000078de50000, 0x00000007d60b0000)
  object space 192832K, 60% used [0x0000000782200000,0x000000078930b130,0x000000078de50000)
 PSPermGen       total 26432K, used 12042K [0x000000077d000000, 0x000000077e9d0000, 0x0000000782200000)
  object space 26432K, 45% used [0x000000077d000000,0x000000077dbc2970,0x000000077e9d0000)
Event: 86.773 GC heap after
Heap after GC invocations=17 (full 3):
 PSYoungGen      total 263552K, used 91577K [0x00000007d60b0000, 0x00000007edd70000, 0x0000000800000000)
  eden space 171712K, 0% used [0x00000007d60b0000,0x00000007d60b0000,0x00000007e0860000)
  from space 91840K, 99% used [0x00000007e6fb0000,0x00000007ec91e5e0,0x00000007ec960000)
  to   space 105792K, 0% used [0x00000007e0860000,0x00000007e0860000,0x00000007e6fb0000)
 ParOldGen       total 192832K, used 122956K [0x0000000782200000, 0x000000078de50000, 0x00000007d60b0000)
  object space 192832K, 63% used [0x0000000782200000,0x0000000789a131b0,0x000000078de50000)
 PSPermGen       total 26432K, used 12042K [0x000000077d000000, 0x000000077e9d0000, 0x0000000782200000)
  object space 26432K, 45% used [0x000000077d000000,0x000000077dbc2970,0x000000077e9d0000)
}
Event: 95.759 GC heap before
{Heap before GC invocations=18 (full 3):
 PSYoungGen      total 263552K, used 263289K [0x00000007d60b0000, 0x00000007edd70000, 0x0000000800000000)
  eden space 171712K, 100% used [0x00000007d60b0000,0x00000007e0860000,0x00000007e0860000)
  from space 91840K, 99% used [0x00000007e6fb0000,0x00000007ec91e5e0,0x00000007ec960000)
  to   space 105792K, 0% used [0x00000007e0860000,0x00000007e0860000,0x00000007e6fb0000)
 ParOldGen       total 192832K, used 123860K [0x0000000782200000, 0x000000078de50000, 0x00000007d60b0000)
  object space 192832K, 64% used [0x0000000782200000,0x0000000789af5270,0x000000078de50000)
 PSPermGen       total 26432K, used 12052K [0x000000077d000000, 0x000000077e9d0000, 0x0000000782200000)
  object space 26432K, 45% used [0x000000077d000000,0x000000077dbc51e8,0x000000077e9d0000)
Event: 95.873 GC heap after
Heap after GC invocations=18 (full 3):
 PSYoungGen      total 277504K, used 105761K [0x00000007d60b0000, 0x00000007f51d0000, 0x0000000800000000)
  eden space 171712K, 0% used [0x00000007d60b0000,0x00000007d60b0000,0x00000007e0860000)
  from space 105792K, 99% used [0x00000007e0860000,0x00000007e6fa8680,0x00000007e6fb0000)
  to   space 131776K, 0% used [0x00000007ed120000,0x00000007ed120000,0x00000007f51d0000)
 ParOldGen       total 192832K, used 149677K [0x0000000782200000, 0x000000078de50000, 0x00000007d60b0000)
  object space 192832K, 77% used [0x0000000782200000,0x000000078b42b430,0x000000078de50000)
 PSPermGen       total 26432K, used 12052K [0x000000077d000000, 0x000000077e9d0000, 0x0000000782200000)
  object space 26432K, 45% used [0x000000077d000000,0x000000077dbc51e8,0x000000077e9d0000)
}
Event: 105.977 GC heap before
{Heap before GC invocations=19 (full 3):
 PSYoungGen      total 277504K, used 277473K [0x00000007d60b0000, 0x00000007f51d0000, 0x0000000800000000)
  eden space 171712K, 100% used [0x00000007d60b0000,0x00000007e0860000,0x00000007e0860000)
  from space 105792K, 99% used [0x00000007e0860000,0x00000007e6fa8680,0x00000007e6fb0000)
  to   space 131776K, 0% used [0x00000007ed120000,0x00000007ed120000,0x00000007f51d0000)
 ParOldGen       total 192832K, used 149703K [0x0000000782200000, 0x000000078de50000, 0x00000007d60b0000)
  object space 192832K, 77% used [0x0000000782200000,0x000000078b431fb8,0x000000078de50000)
 PSPermGen       total 26432K, used 12086K [0x000000077d000000, 0x000000077e9d0000, 0x0000000782200000)
  object space 26432K, 45% used [0x000000077d000000,0x000000077dbcd978,0x000000077e9d0000)
Event: 106.123 GC heap after
Heap after GC invocations=19 (full 3):
 PSYoungGen      total 358464K, used 125586K [0x00000007d60b0000, 0x00000007f7760000, 0x0000000800000000)
  eden space 226688K, 0% used [0x00000007d60b0000,0x00000007d60b0000,0x00000007e3e10000)
  from space 131776K, 95% used [0x00000007ed120000,0x00000007f4bc4900,0x00000007f51d0000)
  to   space 150592K, 0% used [0x00000007e3e10000,0x00000007e3e10000,0x00000007ed120000)
 ParOldGen       total 192832K, used 150463K [0x0000000782200000, 0x000000078de50000, 0x00000007d60b0000)
  object space 192832K, 78% used [0x0000000782200000,0x000000078b4effb8,0x000000078de50000)
 PSPermGen       total 26432K, used 12086K [0x000000077d000000, 0x000000077e9d0000, 0x0000000782200000)
  object space 26432K, 45% used [0x000000077d000000,0x000000077dbcd978,0x000000077e9d0000)
}
Event: 118.109 GC heap before
{Heap before GC invocations=20 (full 3):
 PSYoungGen      total 358464K, used 352274K [0x00000007d60b0000, 0x00000007f7760000, 0x0000000800000000)
  eden space 226688K, 100% used [0x00000007d60b0000,0x00000007e3e10000,0x00000007e3e10000)
  from space 131776K, 95% used [0x00000007ed120000,0x00000007f4bc4900,0x00000007f51d0000)
  to   space 150592K, 0% used [0x00000007e3e10000,0x00000007e3e10000,0x00000007ed120000)
 ParOldGen       total 192832K, used 150469K [0x0000000782200000, 0x000000078de50000, 0x00000007d60b0000)
  object space 192832K, 78% used [0x0000000782200000,0x000000078b4f14f0,0x000000078de50000)
 PSPermGen       total 26432K, used 12116K [0x000000077d000000, 0x000000077e9d0000, 0x0000000782200000)
  object space 26432K, 45% used [0x000000077d000000,0x000000077dbd5078,0x000000077e9d0000)
Event: 118.263 GC heap after
Heap after GC invocations=20 (full 3):
 PSYoungGen      total 377280K, used 150370K [0x00000007d60b0000, 0x00000007fd390000, 0x0000000800000000)
  eden space 226688K, 0% used [0x00000007d60b0000,0x00000007d60b0000,0x00000007e3e10000)
  from space 150592K, 99% used [0x00000007e3e10000,0x00000007ed0e8940,0x00000007ed120000)
  to   space 174784K, 0% used [0x00000007f28e0000,0x00000007f28e0000,0x00000007fd390000)
 ParOldGen       total 192832K, used 171225K [0x0000000782200000, 0x000000078de50000, 0x00000007d60b0000)
  object space 192832K, 88% used [0x0000000782200000,0x000000078c936660,0x000000078de50000)
 PSPermGen       total 26432K, used 12116K [0x000000077d000000, 0x000000077e9d0000, 0x0000000782200000)
  object space 26432K, 45% used [0x000000077d000000,0x000000077dbd5078,0x000000077e9d0000)
}
Event: 118.263 GC heap before
{Heap before GC invocations=21 (full 4):
 PSYoungGen      total 377280K, used 150370K [0x00000007d60b0000, 0x00000007fd390000, 0x0000000800000000)
  eden space 226688K, 0% used [0x00000007d60b0000,0x00000007d60b0000,0x00000007e3e10000)
  from space 150592K, 99% used [0x00000007e3e10000,0x00000007ed0e8940,0x00000007ed120000)
  to   space 174784K, 0% used [0x00000007f28e0000,0x00000007f28e0000,0x00000007fd390000)
 ParOldGen       total 192832K, used 171225K [0x0000000782200000, 0x000000078de50000, 0x00000007d60b0000)
  object space 192832K, 88% used [0x0000000782200000,0x000000078c936660,0x000000078de50000)
 PSPermGen       total 26432K, used 12116K [0x000000077d000000, 0x000000077e9d0000, 0x0000000782200000)
  object space 26432K, 45% used [0x000000077d000000,0x000000077dbd5078,0x000000077e9d0000)
Event: 118.431 GC heap after
Heap after GC invocations=21 (full 4):
 PSYoungGen      total 377280K, used 0K [0x00000007d60b0000, 0x00000007fd390000, 0x0000000800000000)
  eden space 226688K, 0% used [0x00000007d60b0000,0x00000007d60b0000,0x00000007e3e10000)
  from space 150592K, 0% used [0x00000007e3e10000,0x00000007e3e10000,0x00000007ed120000)
  to   space 174784K, 0% used [0x00000007f28e0000,0x00000007f28e0000,0x00000007fd390000)
 ParOldGen       total 271744K, used 182564K [0x0000000782200000, 0x0000000792b60000, 0x00000007d60b0000)
  object space 271744K, 67% used [0x0000000782200000,0x000000078d449168,0x0000000792b60000)
 PSPermGen       total 24768K, used 12115K [0x000000077d000000, 0x000000077e830000, 0x0000000782200000)
  object space 24768K, 48% used [0x000000077d000000,0x000000077dbd4f78,0x000000077e830000)
}

