# JRE version: 7.0_09-b05
# Java VM: Java HotSpot(TM) 64-Bit Server VM (23.5-b02 mixed mode windows-amd64 compressed oops)
Heap
 PSYoungGen      total 131328K, used 44221K [0x00000007d60b0000, 0x00000007e0de0000, 0x0000000800000000)
  eden space 95296K, 26% used [0x00000007d60b0000,0x00000007d78e43b8,0x00000007dbdc0000)
  from space 36032K, 53% used [0x00000007deab0000,0x00000007dfdab130,0x00000007e0de0000)
  to   space 41024K, 0% used [0x00000007dbdc0000,0x00000007dbdc0000,0x00000007de5d0000)
 ParOldGen       total 139584K, used 57559K [0x0000000782200000, 0x000000078aa50000, 0x00000007d60b0000)
  object space 139584K, 41% used [0x0000000782200000,0x0000000785a35d38,0x000000078aa50000)
 PSPermGen       total 26368K, used 12047K [0x000000077d000000, 0x000000077e9c0000, 0x0000000782200000)
  object space 26368K, 45% used [0x000000077d000000,0x000000077dbc3c30,0x000000077e9c0000)
GC Heap History (10 events):
Event: 59.578 GC heap before
{Heap before GC invocations=9 (full 2):
 PSYoungGen      total 120384K, used 112640K [0x00000007d60b0000, 0x00000007def80000, 0x0000000800000000)
  eden space 112640K, 100% used [0x00000007d60b0000,0x00000007dceb0000,0x00000007dceb0000)
  from space 7744K, 0% used [0x00000007ddca0000,0x00000007ddca0000,0x00000007de430000)
  to   space 14272K, 0% used [0x00000007dceb0000,0x00000007dceb0000,0x00000007ddca0000)
 ParOldGen       total 110976K, used 31958K [0x0000000782200000, 0x0000000788e60000, 0x00000007d60b0000)
  object space 110976K, 28% used [0x0000000782200000,0x00000007841359e0,0x0000000788e60000)
 PSPermGen       total 27008K, used 11959K [0x000000077d000000, 0x000000077ea60000, 0x0000000782200000)
  object space 27008K, 44% used [0x000000077d000000,0x000000077dbadd38,0x000000077ea60000)
Event: 59.614 GC heap after
Heap after GC invocations=9 (full 2):
 PSYoungGen      total 122880K, used 14264K [0x00000007d60b0000, 0x00000007e0b60000, 0x0000000800000000)
  eden space 108608K, 0% used [0x00000007d60b0000,0x00000007d60b0000,0x00000007dcac0000)
  from space 14272K, 99% used [0x00000007dceb0000,0x00000007ddc9e0e0,0x00000007ddca0000)
  to   space 33088K, 0% used [0x00000007deb10000,0x00000007deb10000,0x00000007e0b60000)
 ParOldGen       total 110976K, used 64679K [0x0000000782200000, 0x0000000788e60000, 0x00000007d60b0000)
  object space 110976K, 58% used [0x0000000782200000,0x0000000786129c20,0x0000000788e60000)
 PSPermGen       total 27008K, used 11959K [0x000000077d000000, 0x000000077ea60000, 0x0000000782200000)
  object space 27008K, 44% used [0x000000077d000000,0x000000077dbadd38,0x000000077ea60000)
}
Event: 74.180 GC heap before
{Heap before GC invocations=10 (full 2):
 PSYoungGen      total 122880K, used 122872K [0x00000007d60b0000, 0x00000007e0b60000, 0x0000000800000000)
  eden space 108608K, 100% used [0x00000007d60b0000,0x00000007dcac0000,0x00000007dcac0000)
  from space 14272K, 99% used [0x00000007dceb0000,0x00000007ddc9e0e0,0x00000007ddca0000)
  to   space 33088K, 0% used [0x00000007deb10000,0x00000007deb10000,0x00000007e0b60000)
 ParOldGen       total 110976K, used 65583K [0x0000000782200000, 0x0000000788e60000, 0x00000007d60b0000)
  object space 110976K, 59% used [0x0000000782200000,0x000000078620bc60,0x0000000788e60000)
 PSPermGen       total 27008K, used 11978K [0x000000077d000000, 0x000000077ea60000, 0x0000000782200000)
  object space 27008K, 44% used [0x000000077d000000,0x000000077dbb2be8,0x000000077ea60000)
Event: 74.219 GC heap after
Heap after GC invocations=10 (full 2):
 PSYoungGen      total 135360K, used 32904K [0x00000007d60b0000, 0x00000007e1400000, 0x0000000800000000)
  eden space 102272K, 0% used [0x00000007d60b0000,0x00000007d60b0000,0x00000007dc490000)
  from space 33088K, 99% used [0x00000007deb10000,0x00000007e0b32220,0x00000007e0b60000)
  to   space 39424K, 0% used [0x00000007dc490000,0x00000007dc490000,0x00000007deb10000)
 ParOldGen       total 110976K, used 79083K [0x0000000782200000, 0x0000000788e60000, 0x00000007d60b0000)
  object space 110976K, 71% used [0x0000000782200000,0x0000000786f3ad50,0x0000000788e60000)
 PSPermGen       total 27008K, used 11978K [0x000000077d000000, 0x000000077ea60000, 0x0000000782200000)
  object space 27008K, 44% used [0x000000077d000000,0x000000077dbb2be8,0x000000077ea60000)
}
Event: 74.220 GC heap before
{Heap before GC invocations=11 (full 3):
 PSYoungGen      total 135360K, used 32904K [0x00000007d60b0000, 0x00000007e1400000, 0x0000000800000000)
  eden space 102272K, 0% used [0x00000007d60b0000,0x00000007d60b0000,0x00000007dc490000)
  from space 33088K, 99% used [0x00000007deb10000,0x00000007e0b32220,0x00000007e0b60000)
  to   space 39424K, 0% used [0x00000007dc490000,0x00000007dc490000,0x00000007deb10000)
 ParOldGen       total 110976K, used 79083K [0x0000000782200000, 0x0000000788e60000, 0x00000007d60b0000)
  object space 110976K, 71% used [0x0000000782200000,0x0000000786f3ad50,0x0000000788e60000)
 PSPermGen       total 27008K, used 11978K [0x000000077d000000, 0x000000077ea60000, 0x0000000782200000)
  object space 27008K, 44% used [0x000000077d000000,0x000000077dbb2be8,0x000000077ea60000)
Event: 74.271 GC heap after
Heap after GC invocations=11 (full 3):
 PSYoungGen      total 135360K, used 0K [0x00000007d60b0000, 0x00000007e1400000, 0x0000000800000000)
  eden space 102272K, 0% used [0x00000007d60b0000,0x00000007d60b0000,0x00000007dc490000)
  from space 33088K, 0% used [0x00000007deb10000,0x00000007deb10000,0x00000007e0b60000)
  to   space 39424K, 0% used [0x00000007dc490000,0x00000007dc490000,0x00000007deb10000)
 ParOldGen       total 139584K, used 56647K [0x0000000782200000, 0x000000078aa50000, 0x00000007d60b0000)
  object space 139584K, 40% used [0x0000000782200000,0x0000000785951ed8,0x000000078aa50000)
 PSPermGen       total 26368K, used 11978K [0x000000077d000000, 0x000000077e9c0000, 0x0000000782200000)
  object space 26368K, 45% used [0x000000077d000000,0x000000077dbb2b68,0x000000077e9c0000)
}
Event: 91.356 GC heap before
{Heap before GC invocations=12 (full 3):
 PSYoungGen      total 135360K, used 102272K [0x00000007d60b0000, 0x00000007e1400000, 0x0000000800000000)
  eden space 102272K, 100% used [0x00000007d60b0000,0x00000007dc490000,0x00000007dc490000)
  from space 33088K, 0% used [0x00000007deb10000,0x00000007deb10000,0x00000007e0b60000)
  to   space 39424K, 0% used [0x00000007dc490000,0x00000007dc490000,0x00000007deb10000)
 ParOldGen       total 139584K, used 57555K [0x0000000782200000, 0x000000078aa50000, 0x00000007d60b0000)
  object space 139584K, 41% used [0x0000000782200000,0x0000000785a34d30,0x000000078aa50000)
 PSPermGen       total 26368K, used 12036K [0x000000077d000000, 0x000000077e9c0000, 0x0000000782200000)
  object space 26368K, 45% used [0x000000077d000000,0x000000077dbc1278,0x000000077e9c0000)
Event: 91.377 GC heap after
Heap after GC invocations=12 (full 3):
 PSYoungGen      total 128704K, used 29980K [0x00000007d60b0000, 0x00000007e1450000, 0x0000000800000000)
  eden space 98688K, 0% used [0x00000007d60b0000,0x00000007d60b0000,0x00000007dc110000)
  from space 30016K, 99% used [0x00000007dc490000,0x00000007de1d71f0,0x00000007de1e0000)
  to   space 42624K, 0% used [0x00000007deab0000,0x00000007deab0000,0x00000007e1450000)
 ParOldGen       total 139584K, used 57555K [0x0000000782200000, 0x000000078aa50000, 0x00000007d60b0000)
  object space 139584K, 41% used [0x0000000782200000,0x0000000785a34d30,0x000000078aa50000)
 PSPermGen       total 26368K, used 12036K [0x000000077d000000, 0x000000077e9c0000, 0x0000000782200000)
  object space 26368K, 45% used [0x000000077d000000,0x000000077dbc1278,0x000000077e9c0000)
}
Event: 110.131 GC heap before
{Heap before GC invocations=13 (full 3):
 PSYoungGen      total 128704K, used 128668K [0x00000007d60b0000, 0x00000007e1450000, 0x0000000800000000)
  eden space 98688K, 100% used [0x00000007d60b0000,0x00000007dc110000,0x00000007dc110000)
  from space 30016K, 99% used [0x00000007dc490000,0x00000007de1d71f0,0x00000007de1e0000)
  to   space 42624K, 0% used [0x00000007deab0000,0x00000007deab0000,0x00000007e1450000)
 ParOldGen       total 139584K, used 57559K [0x0000000782200000, 0x000000078aa50000, 0x00000007d60b0000)
  object space 139584K, 41% used [0x0000000782200000,0x0000000785a35d38,0x000000078aa50000)
 PSPermGen       total 26368K, used 12041K [0x000000077d000000, 0x000000077e9c0000, 0x0000000782200000)
  object space 26368K, 45% used [0x000000077d000000,0x000000077dbc2690,0x000000077e9c0000)
Event: 110.156 GC heap after
Heap after GC invocations=13 (full 3):
 PSYoungGen      total 131328K, used 19436K [0x00000007d60b0000, 0x00000007e0de0000, 0x0000000800000000)
  eden space 95296K, 0% used [0x00000007d60b0000,0x00000007d60b0000,0x00000007dbdc0000)
  from space 36032K, 53% used [0x00000007deab0000,0x00000007dfdab130,0x00000007e0de0000)
  to   space 41024K, 0% used [0x00000007dbdc0000,0x00000007dbdc0000,0x00000007de5d0000)
 ParOldGen       total 139584K, used 57559K [0x0000000782200000, 0x000000078aa50000, 0x00000007d60b0000)
  object space 139584K, 41% used [0x0000000782200000,0x0000000785a35d38,0x000000078aa50000)
 PSPermGen       total 26368K, used 12041K [0x000000077d000000, 0x000000077e9c0000, 0x0000000782200000)
  object space 26368K, 45% used [0x000000077d000000,0x000000077dbc2690,0x000000077e9c0000)
}

