# JRE version: 7.0_09-b05
# Java VM: Java HotSpot(TM) 64-Bit Server VM (23.5-b02 mixed mode windows-amd64 compressed oops)
Heap
 PSYoungGen      total 382400K, used 277225K [0x00000007d60b0000, 0x00000007fd5e0000, 0x0000000800000000)
  eden space 203520K, 61% used [0x00000007d60b0000,0x00000007dda48e28,0x00000007e2770000)
  from space 178880K, 85% used [0x00000007e2770000,0x00000007ebc91990,0x00000007ed620000)
  to   space 198912K, 0% used [0x00000007f13a0000,0x00000007f13a0000,0x00000007fd5e0000)
 ParOldGen       total 173504K, used 102681K [0x0000000782200000, 0x000000078cb70000, 0x00000007d60b0000)
  object space 173504K, 59% used [0x0000000782200000,0x0000000788646630,0x000000078cb70000)
 PSPermGen       total 25984K, used 12111K [0x000000077d000000, 0x000000077e960000, 0x0000000782200000)
  object space 25984K, 46% used [0x000000077d000000,0x000000077dbd3d98,0x000000077e960000)
GC Heap History (10 events):
Event: 53.989 GC heap before
{Heap before GC invocations=16 (full 3):
 PSYoungGen      total 236736K, used 224670K [0x00000007d60b0000, 0x00000007ed1f0000, 0x0000000800000000)
  eden space 135424K, 99% used [0x00000007d60b0000,0x00000007de4ac338,0x00000007de4f0000)
  from space 101312K, 88% used [0x00000007e54b0000,0x00000007eac1b5b0,0x00000007eb7a0000)
  to   space 114432K, 0% used [0x00000007de4f0000,0x00000007de4f0000,0x00000007e54b0000)
 ParOldGen       total 173504K, used 95074K [0x0000000782200000, 0x000000078cb70000, 0x00000007d60b0000)
  object space 173504K, 54% used [0x0000000782200000,0x0000000787ed8b78,0x000000078cb70000)
 PSPermGen       total 25984K, used 12049K [0x000000077d000000, 0x000000077e960000, 0x0000000782200000)
  object space 25984K, 46% used [0x000000077d000000,0x000000077dbc4530,0x000000077e960000)
Event: 54.066 GC heap after
Heap after GC invocations=16 (full 3):
 PSYoungGen      total 249856K, used 107801K [0x00000007d60b0000, 0x00000007f10c0000, 0x0000000800000000)
  eden space 135424K, 0% used [0x00000007d60b0000,0x00000007d60b0000,0x00000007de4f0000)
  from space 114432K, 94% used [0x00000007de4f0000,0x00000007e4e366e0,0x00000007e54b0000)
  to   space 131584K, 0% used [0x00000007e9040000,0x00000007e9040000,0x00000007f10c0000)
 ParOldGen       total 173504K, used 95130K [0x0000000782200000, 0x000000078cb70000, 0x00000007d60b0000)
  object space 173504K, 54% used [0x0000000782200000,0x0000000787ee6b78,0x000000078cb70000)
 PSPermGen       total 25984K, used 12049K [0x000000077d000000, 0x000000077e960000, 0x0000000782200000)
  object space 25984K, 46% used [0x000000077d000000,0x000000077dbc4530,0x000000077e960000)
}
Event: 60.696 GC heap before
{Heap before GC invocations=17 (full 3):
 PSYoungGen      total 249856K, used 242419K [0x00000007d60b0000, 0x00000007f10c0000, 0x0000000800000000)
  eden space 135424K, 99% used [0x00000007d60b0000,0x00000007de4265d0,0x00000007de4f0000)
  from space 114432K, 94% used [0x00000007de4f0000,0x00000007e4e366e0,0x00000007e54b0000)
  to   space 131584K, 0% used [0x00000007e9040000,0x00000007e9040000,0x00000007f10c0000)
 ParOldGen       total 173504K, used 96030K [0x0000000782200000, 0x000000078cb70000, 0x00000007d60b0000)
  object space 173504K, 55% used [0x0000000782200000,0x0000000787fc7b88,0x000000078cb70000)
 PSPermGen       total 25984K, used 12071K [0x000000077d000000, 0x000000077e960000, 0x0000000782200000)
  object space 25984K, 46% used [0x000000077d000000,0x000000077dbc9ed0,0x000000077e960000)
Event: 60.788 GC heap after
Heap after GC invocations=17 (full 3):
 PSYoungGen      total 296896K, used 108709K [0x00000007d60b0000, 0x00000007f2c20000, 0x0000000800000000)
  eden space 165312K, 0% used [0x00000007d60b0000,0x00000007d60b0000,0x00000007e0220000)
  from space 131584K, 82% used [0x00000007e9040000,0x00000007efa69710,0x00000007f10c0000)
  to   space 145536K, 0% used [0x00000007e0220000,0x00000007e0220000,0x00000007e9040000)
 ParOldGen       total 173504K, used 96126K [0x0000000782200000, 0x000000078cb70000, 0x00000007d60b0000)
  object space 173504K, 55% used [0x0000000782200000,0x0000000787fdfb88,0x000000078cb70000)
 PSPermGen       total 25984K, used 12071K [0x000000077d000000, 0x000000077e960000, 0x0000000782200000)
  object space 25984K, 46% used [0x000000077d000000,0x000000077dbc9ed0,0x000000077e960000)
}
Event: 69.311 GC heap before
{Heap before GC invocations=18 (full 3):
 PSYoungGen      total 296896K, used 274021K [0x00000007d60b0000, 0x00000007f2c20000, 0x0000000800000000)
  eden space 165312K, 100% used [0x00000007d60b0000,0x00000007e0220000,0x00000007e0220000)
  from space 131584K, 82% used [0x00000007e9040000,0x00000007efa69710,0x00000007f10c0000)
  to   space 145536K, 0% used [0x00000007e0220000,0x00000007e0220000,0x00000007e9040000)
 ParOldGen       total 173504K, used 99731K [0x0000000782200000, 0x000000078cb70000, 0x00000007d60b0000)
  object space 173504K, 57% used [0x0000000782200000,0x0000000788364c08,0x000000078cb70000)
 PSPermGen       total 25984K, used 12078K [0x000000077d000000, 0x000000077e960000, 0x0000000782200000)
  object space 25984K, 46% used [0x000000077d000000,0x000000077dbcb818,0x000000077e960000)
Event: 69.411 GC heap after
Heap after GC invocations=18 (full 3):
 PSYoungGen      total 310848K, used 129914K [0x00000007d60b0000, 0x00000007f76a0000, 0x0000000800000000)
  eden space 165312K, 0% used [0x00000007d60b0000,0x00000007d60b0000,0x00000007e0220000)
  from space 145536K, 89% used [0x00000007e0220000,0x00000007e80fe860,0x00000007e9040000)
  to   space 164352K, 0% used [0x00000007ed620000,0x00000007ed620000,0x00000007f76a0000)
 ParOldGen       total 173504K, used 100711K [0x0000000782200000, 0x000000078cb70000, 0x00000007d60b0000)
  object space 173504K, 58% used [0x0000000782200000,0x0000000788459c18,0x000000078cb70000)
 PSPermGen       total 25984K, used 12078K [0x000000077d000000, 0x000000077e960000, 0x0000000782200000)
  object space 25984K, 46% used [0x000000077d000000,0x000000077dbcb818,0x000000077e960000)
}
Event: 77.589 GC heap before
{Heap before GC invocations=19 (full 3):
 PSYoungGen      total 310848K, used 294496K [0x00000007d60b0000, 0x00000007f76a0000, 0x0000000800000000)
  eden space 165312K, 99% used [0x00000007d60b0000,0x00000007e0169928,0x00000007e0220000)
  from space 145536K, 89% used [0x00000007e0220000,0x00000007e80fe860,0x00000007e9040000)
  to   space 164352K, 0% used [0x00000007ed620000,0x00000007ed620000,0x00000007f76a0000)
 ParOldGen       total 173504K, used 101611K [0x0000000782200000, 0x000000078cb70000, 0x00000007d60b0000)
  object space 173504K, 58% used [0x0000000782200000,0x000000078853ac28,0x000000078cb70000)
 PSPermGen       total 25984K, used 12085K [0x000000077d000000, 0x000000077e960000, 0x0000000782200000)
  object space 25984K, 46% used [0x000000077d000000,0x000000077dbcd710,0x000000077e960000)
Event: 77.702 GC heap after
Heap after GC invocations=19 (full 3):
 PSYoungGen      total 367872K, used 128886K [0x00000007d60b0000, 0x00000007f9340000, 0x0000000800000000)
  eden space 203520K, 0% used [0x00000007d60b0000,0x00000007d60b0000,0x00000007e2770000)
  from space 164352K, 78% used [0x00000007ed620000,0x00000007f53fd850,0x00000007f76a0000)
  to   space 178880K, 0% used [0x00000007e2770000,0x00000007e2770000,0x00000007ed620000)
 ParOldGen       total 173504K, used 101691K [0x0000000782200000, 0x000000078cb70000, 0x00000007d60b0000)
  object space 173504K, 58% used [0x0000000782200000,0x000000078854ec28,0x000000078cb70000)
 PSPermGen       total 25984K, used 12085K [0x000000077d000000, 0x000000077e960000, 0x0000000782200000)
  object space 25984K, 46% used [0x000000077d000000,0x000000077dbcd710,0x000000077e960000)
}
Event: 87.956 GC heap before
{Heap before GC invocations=20 (full 3):
 PSYoungGen      total 367872K, used 332406K [0x00000007d60b0000, 0x00000007f9340000, 0x0000000800000000)
  eden space 203520K, 100% used [0x00000007d60b0000,0x00000007e2770000,0x00000007e2770000)
  from space 164352K, 78% used [0x00000007ed620000,0x00000007f53fd850,0x00000007f76a0000)
  to   space 178880K, 0% used [0x00000007e2770000,0x00000007e2770000,0x00000007ed620000)
 ParOldGen       total 173504K, used 102593K [0x0000000782200000, 0x000000078cb70000, 0x00000007d60b0000)
  object space 173504K, 59% used [0x0000000782200000,0x0000000788630630,0x000000078cb70000)
 PSPermGen       total 25984K, used 12093K [0x000000077d000000, 0x000000077e960000, 0x0000000782200000)
  object space 25984K, 46% used [0x000000077d000000,0x000000077dbcf6d0,0x000000077e960000)
Event: 88.079 GC heap after
Heap after GC invocations=20 (full 3):
 PSYoungGen      total 382400K, used 152710K [0x00000007d60b0000, 0x00000007fd5e0000, 0x0000000800000000)
  eden space 203520K, 0% used [0x00000007d60b0000,0x00000007d60b0000,0x00000007e2770000)
  from space 178880K, 85% used [0x00000007e2770000,0x00000007ebc91990,0x00000007ed620000)
  to   space 198912K, 0% used [0x00000007f13a0000,0x00000007f13a0000,0x00000007fd5e0000)
 ParOldGen       total 173504K, used 102681K [0x0000000782200000, 0x000000078cb70000, 0x00000007d60b0000)
  object space 173504K, 59% used [0x0000000782200000,0x0000000788646630,0x000000078cb70000)
 PSPermGen       total 25984K, used 12093K [0x000000077d000000, 0x000000077e960000, 0x0000000782200000)
  object space 25984K, 46% used [0x000000077d000000,0x000000077dbcf6d0,0x000000077e960000)
}

