# JRE version: 7.0_09-b05
# Java VM: Java HotSpot(TM) 64-Bit Server VM (23.5-b02 mixed mode windows-amd64 compressed oops)
Heap
 PSYoungGen      total 433344K, used 170577K [0x00000007d60b0000, 0x0000000800000000, 0x0000000800000000)
  eden space 210624K, 0% used [0x00000007d60b0000,0x00000007d629ee20,0x00000007e2e60000)
  from space 222720K, 75% used [0x00000007e2e60000,0x00000007ed3057d0,0x00000007f07e0000)
  to   space 229120K, 0% used [0x00000007f2040000,0x00000007f2040000,0x0000000800000000)
 ParOldGen       total 206592K, used 154863K [0x0000000782200000, 0x000000078ebc0000, 0x00000007d60b0000)
  object space 206592K, 74% used [0x0000000782200000,0x000000078b93bcb0,0x000000078ebc0000)
 PSPermGen       total 25984K, used 12064K [0x000000077d000000, 0x000000077e960000, 0x0000000782200000)
  object space 25984K, 46% used [0x000000077d000000,0x000000077dbc83e8,0x000000077e960000)
GC Heap History (10 events):
Event: 52.198 GC heap before
{Heap before GC invocations=18 (full 3):
 PSYoungGen      total 306432K, used 273289K [0x00000007d60b0000, 0x00000007f4290000, 0x0000000800000000)
  eden space 158336K, 100% used [0x00000007d60b0000,0x00000007dfb50000,0x00000007dfb50000)
  from space 148096K, 77% used [0x00000007e9870000,0x00000007f08b27a0,0x00000007f2910000)
  to   space 160896K, 0% used [0x00000007dfb50000,0x00000007dfb50000,0x00000007e9870000)
 ParOldGen       total 206592K, used 149436K [0x0000000782200000, 0x000000078ebc0000, 0x00000007d60b0000)
  object space 206592K, 72% used [0x0000000782200000,0x000000078b3ef248,0x000000078ebc0000)
 PSPermGen       total 25984K, used 12013K [0x000000077d000000, 0x000000077e960000, 0x0000000782200000)
  object space 25984K, 46% used [0x000000077d000000,0x000000077dbbb638,0x000000077e960000)
Event: 52.235 GC heap after
Heap after GC invocations=18 (full 3):
 PSYoungGen      total 319232K, used 134782K [0x00000007d60b0000, 0x00000007f8140000, 0x0000000800000000)
  eden space 158336K, 0% used [0x00000007d60b0000,0x00000007d60b0000,0x00000007dfb50000)
  from space 160896K, 83% used [0x00000007dfb50000,0x00000007e7eef8f0,0x00000007e9870000)
  to   space 178176K, 0% used [0x00000007ed340000,0x00000007ed340000,0x00000007f8140000)
 ParOldGen       total 206592K, used 149436K [0x0000000782200000, 0x000000078ebc0000, 0x00000007d60b0000)
  object space 206592K, 72% used [0x0000000782200000,0x000000078b3ef248,0x000000078ebc0000)
 PSPermGen       total 25984K, used 12013K [0x000000077d000000, 0x000000077e960000, 0x0000000782200000)
  object space 25984K, 46% used [0x000000077d000000,0x000000077dbbb638,0x000000077e960000)
}
Event: 57.378 GC heap before
{Heap before GC invocations=19 (full 3):
 PSYoungGen      total 319232K, used 293015K [0x00000007d60b0000, 0x00000007f8140000, 0x0000000800000000)
  eden space 158336K, 99% used [0x00000007d60b0000,0x00000007dfb36630,0x00000007dfb50000)
  from space 160896K, 83% used [0x00000007dfb50000,0x00000007e7eef8f0,0x00000007e9870000)
  to   space 178176K, 0% used [0x00000007ed340000,0x00000007ed340000,0x00000007f8140000)
 ParOldGen       total 206592K, used 150336K [0x0000000782200000, 0x000000078ebc0000, 0x00000007d60b0000)
  object space 206592K, 72% used [0x0000000782200000,0x000000078b4d0258,0x000000078ebc0000)
 PSPermGen       total 25984K, used 12017K [0x000000077d000000, 0x000000077e960000, 0x0000000782200000)
  object space 25984K, 46% used [0x000000077d000000,0x000000077dbbc520,0x000000077e960000)
Event: 57.430 GC heap after
Heap after GC invocations=19 (full 3):
 PSYoungGen      total 366720K, used 132570K [0x00000007d60b0000, 0x00000007f9b80000, 0x0000000800000000)
  eden space 188544K, 0% used [0x00000007d60b0000,0x00000007d60b0000,0x00000007e18d0000)
  from space 178176K, 74% used [0x00000007ed340000,0x00000007f54b6860,0x00000007f8140000)
  to   space 190912K, 0% used [0x00000007e18d0000,0x00000007e18d0000,0x00000007ed340000)
 ParOldGen       total 206592K, used 150336K [0x0000000782200000, 0x000000078ebc0000, 0x00000007d60b0000)
  object space 206592K, 72% used [0x0000000782200000,0x000000078b4d0258,0x000000078ebc0000)
 PSPermGen       total 25984K, used 12017K [0x000000077d000000, 0x000000077e960000, 0x0000000782200000)
  object space 25984K, 46% used [0x000000077d000000,0x000000077dbbc520,0x000000077e960000)
}
Event: 63.538 GC heap before
{Heap before GC invocations=20 (full 3):
 PSYoungGen      total 366720K, used 321114K [0x00000007d60b0000, 0x00000007f9b80000, 0x0000000800000000)
  eden space 188544K, 100% used [0x00000007d60b0000,0x00000007e18d0000,0x00000007e18d0000)
  from space 178176K, 74% used [0x00000007ed340000,0x00000007f54b6860,0x00000007f8140000)
  to   space 190912K, 0% used [0x00000007e18d0000,0x00000007e18d0000,0x00000007ed340000)
 ParOldGen       total 206592K, used 153938K [0x0000000782200000, 0x000000078ebc0000, 0x00000007d60b0000)
  object space 206592K, 74% used [0x0000000782200000,0x000000078b854bf0,0x000000078ebc0000)
 PSPermGen       total 25984K, used 12033K [0x000000077d000000, 0x000000077e960000, 0x0000000782200000)
  object space 25984K, 46% used [0x000000077d000000,0x000000077dbc0668,0x000000077e960000)
Event: 63.595 GC heap after
Heap after GC invocations=20 (full 3):
 PSYoungGen      total 379456K, used 156038K [0x00000007d60b0000, 0x00000007fd440000, 0x0000000800000000)
  eden space 188544K, 0% used [0x00000007d60b0000,0x00000007d60b0000,0x00000007e18d0000)
  from space 190912K, 81% used [0x00000007e18d0000,0x00000007eb131990,0x00000007ed340000)
  to   space 209280K, 0% used [0x00000007f07e0000,0x00000007f07e0000,0x00000007fd440000)
 ParOldGen       total 206592K, used 153938K [0x0000000782200000, 0x000000078ebc0000, 0x00000007d60b0000)
  object space 206592K, 74% used [0x0000000782200000,0x000000078b854bf0,0x000000078ebc0000)
 PSPermGen       total 25984K, used 12033K [0x000000077d000000, 0x000000077e960000, 0x0000000782200000)
  object space 25984K, 46% used [0x000000077d000000,0x000000077dbc0668,0x000000077e960000)
}
Event: 69.454 GC heap before
{Heap before GC invocations=21 (full 3):
 PSYoungGen      total 379456K, used 344582K [0x00000007d60b0000, 0x00000007fd440000, 0x0000000800000000)
  eden space 188544K, 100% used [0x00000007d60b0000,0x00000007e18d0000,0x00000007e18d0000)
  from space 190912K, 81% used [0x00000007e18d0000,0x00000007eb131990,0x00000007ed340000)
  to   space 209280K, 0% used [0x00000007f07e0000,0x00000007f07e0000,0x00000007fd440000)
 ParOldGen       total 206592K, used 153944K [0x0000000782200000, 0x000000078ebc0000, 0x00000007d60b0000)
  object space 206592K, 74% used [0x0000000782200000,0x000000078b8561f0,0x000000078ebc0000)
 PSPermGen       total 25984K, used 12047K [0x000000077d000000, 0x000000077e960000, 0x0000000782200000)
  object space 25984K, 46% used [0x000000077d000000,0x000000077dbc3fc0,0x000000077e960000)
Event: 69.527 GC heap after
Heap after GC invocations=21 (full 3):
 PSYoungGen      total 419904K, used 153518K [0x00000007d60b0000, 0x00000007ff040000, 0x0000000800000000)
  eden space 210624K, 0% used [0x00000007d60b0000,0x00000007d60b0000,0x00000007e2e60000)
  from space 209280K, 73% used [0x00000007f07e0000,0x00000007f9dcb8b0,0x00000007fd440000)
  to   space 222720K, 0% used [0x00000007e2e60000,0x00000007e2e60000,0x00000007f07e0000)
 ParOldGen       total 206592K, used 153944K [0x0000000782200000, 0x000000078ebc0000, 0x00000007d60b0000)
  object space 206592K, 74% used [0x0000000782200000,0x000000078b8561f0,0x000000078ebc0000)
 PSPermGen       total 25984K, used 12047K [0x000000077d000000, 0x000000077e960000, 0x0000000782200000)
  object space 25984K, 46% used [0x000000077d000000,0x000000077dbc3fc0,0x000000077e960000)
}
Event: 75.600 GC heap before
{Heap before GC invocations=22 (full 3):
 PSYoungGen      total 419904K, used 364142K [0x00000007d60b0000, 0x00000007ff040000, 0x0000000800000000)
  eden space 210624K, 100% used [0x00000007d60b0000,0x00000007e2e60000,0x00000007e2e60000)
  from space 209280K, 73% used [0x00000007f07e0000,0x00000007f9dcb8b0,0x00000007fd440000)
  to   space 222720K, 0% used [0x00000007e2e60000,0x00000007e2e60000,0x00000007f07e0000)
 ParOldGen       total 206592K, used 154847K [0x0000000782200000, 0x000000078ebc0000, 0x00000007d60b0000)
  object space 206592K, 74% used [0x0000000782200000,0x000000078b937cb0,0x000000078ebc0000)
 PSPermGen       total 25984K, used 12057K [0x000000077d000000, 0x000000077e960000, 0x0000000782200000)
  object space 25984K, 46% used [0x000000077d000000,0x000000077dbc67c8,0x000000077e960000)
Event: 75.709 GC heap after
Heap after GC invocations=22 (full 3):
 PSYoungGen      total 433344K, used 168597K [0x00000007d60b0000, 0x0000000800000000, 0x0000000800000000)
  eden space 210624K, 0% used [0x00000007d60b0000,0x00000007d60b0000,0x00000007e2e60000)
  from space 222720K, 75% used [0x00000007e2e60000,0x00000007ed3057d0,0x00000007f07e0000)
  to   space 229120K, 0% used [0x00000007f2040000,0x00000007f2040000,0x0000000800000000)
 ParOldGen       total 206592K, used 154863K [0x0000000782200000, 0x000000078ebc0000, 0x00000007d60b0000)
  object space 206592K, 74% used [0x0000000782200000,0x000000078b93bcb0,0x000000078ebc0000)
 PSPermGen       total 25984K, used 12057K [0x000000077d000000, 0x000000077e960000, 0x0000000782200000)
  object space 25984K, 46% used [0x000000077d000000,0x000000077dbc67c8,0x000000077e960000)
}

