# JRE version: 7.0_09-b05
# Java VM: Java HotSpot(TM) 64-Bit Server VM (23.5-b02 mixed mode windows-amd64 compressed oops)
Heap
 PSYoungGen      total 365184K, used 131558K [0x00000007d60b0000, 0x00000007f1f40000, 0x0000000800000000)
  eden space 286208K, 27% used [0x00000007d60b0000,0x00000007daebd5e0,0x00000007e7830000)
  from space 78976K, 65% used [0x00000007ec900000,0x00000007efb6c340,0x00000007f1620000)
  to   space 82752K, 0% used [0x00000007e7830000,0x00000007e7830000,0x00000007ec900000)
 ParOldGen       total 240000K, used 128655K [0x0000000782200000, 0x0000000790c60000, 0x00000007d60b0000)
  object space 240000K, 53% used [0x0000000782200000,0x0000000789fa3f48,0x0000000790c60000)
 PSPermGen       total 26048K, used 12052K [0x000000077d000000, 0x000000077e970000, 0x0000000782200000)
  object space 26048K, 46% used [0x000000077d000000,0x000000077dbc5070,0x000000077e970000)
GC Heap History (10 events):
Event: 30.431 GC heap before
{Heap before GC invocations=9 (full 2):
 PSYoungGen      total 145152K, used 131428K [0x00000007d60b0000, 0x00000007e1190000, 0x0000000800000000)
  eden space 114112K, 100% used [0x00000007d60b0000,0x00000007dd020000,0x00000007dd020000)
  from space 31040K, 55% used [0x00000007deeb0000,0x00000007dff99110,0x00000007e0d00000)
  to   space 31296K, 0% used [0x00000007dd020000,0x00000007dd020000,0x00000007deeb0000)
 ParOldGen       total 130368K, used 50459K [0x0000000782200000, 0x000000078a150000, 0x00000007d60b0000)
  object space 130368K, 38% used [0x0000000782200000,0x0000000785346f98,0x000000078a150000)
 PSPermGen       total 26624K, used 11925K [0x000000077d000000, 0x000000077ea00000, 0x0000000782200000)
  object space 26624K, 44% used [0x000000077d000000,0x000000077dba5768,0x000000077ea00000)
Event: 30.455 GC heap after
Heap after GC invocations=9 (full 2):
 PSYoungGen      total 145408K, used 31068K [0x00000007d60b0000, 0x00000007e74e0000, 0x0000000800000000)
  eden space 114112K, 0% used [0x00000007d60b0000,0x00000007d60b0000,0x00000007dd020000)
  from space 31296K, 99% used [0x00000007dd020000,0x00000007dee771f0,0x00000007deeb0000)
  to   space 38080K, 0% used [0x00000007e4fb0000,0x00000007e4fb0000,0x00000007e74e0000)
 ParOldGen       total 130368K, used 63060K [0x0000000782200000, 0x000000078a150000, 0x00000007d60b0000)
  object space 130368K, 48% used [0x0000000782200000,0x0000000785f95078,0x000000078a150000)
 PSPermGen       total 26624K, used 11925K [0x000000077d000000, 0x000000077ea00000, 0x0000000782200000)
  object space 26624K, 44% used [0x000000077d000000,0x000000077dba5768,0x000000077ea00000)
}
Event: 45.140 GC heap before
{Heap before GC invocations=10 (full 2):
 PSYoungGen      total 145408K, used 145180K [0x00000007d60b0000, 0x00000007e74e0000, 0x0000000800000000)
  eden space 114112K, 100% used [0x00000007d60b0000,0x00000007dd020000,0x00000007dd020000)
  from space 31296K, 99% used [0x00000007dd020000,0x00000007dee771f0,0x00000007deeb0000)
  to   space 38080K, 0% used [0x00000007e4fb0000,0x00000007e4fb0000,0x00000007e74e0000)
 ParOldGen       total 130368K, used 63071K [0x0000000782200000, 0x000000078a150000, 0x00000007d60b0000)
  object space 130368K, 48% used [0x0000000782200000,0x0000000785f97c20,0x000000078a150000)
 PSPermGen       total 26624K, used 11935K [0x000000077d000000, 0x000000077ea00000, 0x0000000782200000)
  object space 26624K, 44% used [0x000000077d000000,0x000000077dba7d18,0x000000077ea00000)
Event: 45.161 GC heap after
Heap after GC invocations=10 (full 2):
 PSYoungGen      total 236928K, used 23832K [0x00000007d60b0000, 0x00000007e7220000, 0x0000000800000000)
  eden space 201664K, 0% used [0x00000007d60b0000,0x00000007d60b0000,0x00000007e25a0000)
  from space 35264K, 67% used [0x00000007e4fb0000,0x00000007e66f6160,0x00000007e7220000)
  to   space 39168K, 0% used [0x00000007e25a0000,0x00000007e25a0000,0x00000007e4be0000)
 ParOldGen       total 130368K, used 63071K [0x0000000782200000, 0x000000078a150000, 0x00000007d60b0000)
  object space 130368K, 48% used [0x0000000782200000,0x0000000785f97c20,0x000000078a150000)
 PSPermGen       total 26624K, used 11935K [0x000000077d000000, 0x000000077ea00000, 0x0000000782200000)
  object space 26624K, 44% used [0x000000077d000000,0x000000077dba7d18,0x000000077ea00000)
}
Event: 60.740 GC heap before
{Heap before GC invocations=11 (full 2):
 PSYoungGen      total 236928K, used 225496K [0x00000007d60b0000, 0x00000007e7220000, 0x0000000800000000)
  eden space 201664K, 100% used [0x00000007d60b0000,0x00000007e25a0000,0x00000007e25a0000)
  from space 35264K, 67% used [0x00000007e4fb0000,0x00000007e66f6160,0x00000007e7220000)
  to   space 39168K, 0% used [0x00000007e25a0000,0x00000007e25a0000,0x00000007e4be0000)
 ParOldGen       total 130368K, used 63090K [0x0000000782200000, 0x000000078a150000, 0x00000007d60b0000)
  object space 130368K, 48% used [0x0000000782200000,0x0000000785f9caf8,0x000000078a150000)
 PSPermGen       total 26624K, used 12029K [0x000000077d000000, 0x000000077ea00000, 0x0000000782200000)
  object space 26624K, 45% used [0x000000077d000000,0x000000077dbbf430,0x000000077ea00000)
Event: 60.801 GC heap after
Heap after GC invocations=11 (full 2):
 PSYoungGen      total 240832K, used 39165K [0x00000007d60b0000, 0x00000007f1620000, 0x0000000800000000)
  eden space 201664K, 0% used [0x00000007d60b0000,0x00000007d60b0000,0x00000007e25a0000)
  from space 39168K, 99% used [0x00000007e25a0000,0x00000007e4bdf6b0,0x00000007e4be0000)
  to   space 78976K, 0% used [0x00000007ec900000,0x00000007ec900000,0x00000007f1620000)
 ParOldGen       total 144768K, used 144738K [0x0000000782200000, 0x000000078af60000, 0x00000007d60b0000)
  object space 144768K, 99% used [0x0000000782200000,0x000000078af58b88,0x000000078af60000)
 PSPermGen       total 26624K, used 12029K [0x000000077d000000, 0x000000077ea00000, 0x0000000782200000)
  object space 26624K, 45% used [0x000000077d000000,0x000000077dbbf430,0x000000077ea00000)
}
Event: 60.801 GC heap before
{Heap before GC invocations=12 (full 3):
 PSYoungGen      total 240832K, used 39165K [0x00000007d60b0000, 0x00000007f1620000, 0x0000000800000000)
  eden space 201664K, 0% used [0x00000007d60b0000,0x00000007d60b0000,0x00000007e25a0000)
  from space 39168K, 99% used [0x00000007e25a0000,0x00000007e4bdf6b0,0x00000007e4be0000)
  to   space 78976K, 0% used [0x00000007ec900000,0x00000007ec900000,0x00000007f1620000)
 ParOldGen       total 144768K, used 144738K [0x0000000782200000, 0x000000078af60000, 0x00000007d60b0000)
  object space 144768K, 99% used [0x0000000782200000,0x000000078af58b88,0x000000078af60000)
 PSPermGen       total 26624K, used 12029K [0x000000077d000000, 0x000000077ea00000, 0x0000000782200000)
  object space 26624K, 45% used [0x000000077d000000,0x000000077dbbf430,0x000000077ea00000)
Event: 60.841 GC heap after
Heap after GC invocations=12 (full 3):
 PSYoungGen      total 240832K, used 0K [0x00000007d60b0000, 0x00000007f1620000, 0x0000000800000000)
  eden space 201664K, 0% used [0x00000007d60b0000,0x00000007d60b0000,0x00000007e25a0000)
  from space 39168K, 0% used [0x00000007e25a0000,0x00000007e25a0000,0x00000007e4be0000)
  to   space 78976K, 0% used [0x00000007ec900000,0x00000007ec900000,0x00000007f1620000)
 ParOldGen       total 240000K, used 128651K [0x0000000782200000, 0x0000000790c60000, 0x00000007d60b0000)
  object space 240000K, 53% used [0x0000000782200000,0x0000000789fa2e80,0x0000000790c60000)
 PSPermGen       total 26048K, used 12028K [0x000000077d000000, 0x000000077e970000, 0x0000000782200000)
  object space 26048K, 46% used [0x000000077d000000,0x000000077dbbf130,0x000000077e970000)
}
Event: 80.902 GC heap before
{Heap before GC invocations=13 (full 3):
 PSYoungGen      total 240832K, used 201664K [0x00000007d60b0000, 0x00000007f1620000, 0x0000000800000000)
  eden space 201664K, 100% used [0x00000007d60b0000,0x00000007e25a0000,0x00000007e25a0000)
  from space 39168K, 0% used [0x00000007e25a0000,0x00000007e25a0000,0x00000007e4be0000)
  to   space 78976K, 0% used [0x00000007ec900000,0x00000007ec900000,0x00000007f1620000)
 ParOldGen       total 240000K, used 128655K [0x0000000782200000, 0x0000000790c60000, 0x00000007d60b0000)
  object space 240000K, 53% used [0x0000000782200000,0x0000000789fa3f48,0x0000000790c60000)
 PSPermGen       total 26048K, used 12039K [0x000000077d000000, 0x000000077e970000, 0x0000000782200000)
  object space 26048K, 46% used [0x000000077d000000,0x000000077dbc1d38,0x000000077e970000)
Event: 80.939 GC heap after
Heap after GC invocations=13 (full 3):
 PSYoungGen      total 365184K, used 51632K [0x00000007d60b0000, 0x00000007f1f40000, 0x0000000800000000)
  eden space 286208K, 0% used [0x00000007d60b0000,0x00000007d60b0000,0x00000007e7830000)
  from space 78976K, 65% used [0x00000007ec900000,0x00000007efb6c340,0x00000007f1620000)
  to   space 82752K, 0% used [0x00000007e7830000,0x00000007e7830000,0x00000007ec900000)
 ParOldGen       total 240000K, used 128655K [0x0000000782200000, 0x0000000790c60000, 0x00000007d60b0000)
  object space 240000K, 53% used [0x0000000782200000,0x0000000789fa3f48,0x0000000790c60000)
 PSPermGen       total 26048K, used 12039K [0x000000077d000000, 0x000000077e970000, 0x0000000782200000)
  object space 26048K, 46% used [0x000000077d000000,0x000000077dbc1d38,0x000000077e970000)
}

